<?xml version="1.0" encoding="UTF-8"?>
<testsuites name="Delete_All" time="32" tests="1" failures="0" errors="0">
   <testsuite name="Delete_All" tests="1" failures="0" errors="0" time="32" timestamp="2018-07-29 12:52:38" hostname="fed86 - DESKTOP-UNNJGJG" id="Test Suites/Delete_All">
      <properties>
         <property name="deviceName" value=""/>
         <property name="devicePlatform" value=""/>
         <property name="logFolder" value="D:\\kms_katalon\\kms_katalon_tests\\katalonGitTest\\Reports\\Delete_All\\20180729_125209"/>
         <property name="logFiles" value="D:\\kms_katalon\\kms_katalon_tests\\katalonGitTest\\Reports\\Delete_All\\20180729_125209\\execution0.log"/>
         <property name="attachments" value="D:\\kms_katalon\\kms_katalon_tests\\katalonGitTest\\img\\Chrome\\login form\\actual.png, D:\\kms_katalon\\kms_katalon_tests\\katalonGitTest\\img\\Chrome\\chosing role form\\actual.png"/>
         <property name="hostName" value="fed86 - DESKTOP-UNNJGJG"/>
         <property name="os" value="Windows 10 64bit"/>
         <property name="katalonVersion" value="5.5.0.1"/>
         <property name="browser" value="Chrome 67.0.3396.99"/>
         <property name="hostAddress" value="10.44.1.145"/>
         <property name="sessionId" value="0a578d4a00db16ed51abe3a1405c39c9"/>
         <property name="seleniumVersion" value="3.7.1"/>
         <property name="proxyInformation" value="ProxyInformation{proxyOption=NO_PROXY, proxyServerType=HTTP, password=, proxyServerAddress=, proxyServerPort=0}"/>
         <property name="platform" value="Windows 10"/>
      </properties>
      <testcase name="Test Cases/Kms_Tests/Languages/En/Item_Deletion/Delete_all_Created_Items_Test_En" classname="Test Cases/Kms_Tests/Languages/En/Item_Deletion/Delete_all_Created_Items_Test_En" status="PASSED">
         <system-out><![CDATA[2018-07-29 12:52:39 - [TEST_CASE][PASSED] - Test Cases/Kms_Tests/Languages/En/Item_Deletion/Delete_all_Created_Items_Test_En: Test Cases/Kms_Tests/Languages/En/Item_Deletion/Delete_all_Created_Items_Test_En

2018-07-29 12:52:39 - [TEST_STEP][PASSED] - Start listener action : beforeTestCase: Viewport is set to new size with width = 1400 and height = 1000

2018-07-29 12:52:39 - [TEST_STEP][PASSED] - Statement - com.kms.katalon.core.util.KeywordUtil.markWarning("Before Test case : " + testCase.getTestCaseId()): Before Test case : Test Cases/Kms_Tests/Languages/En/Item_Deletion/Delete_all_Created_Items_Test_En

2018-07-29 12:52:39 - [MESSAGE][WARNING] - Before Test case : Test Cases/Kms_Tests/Languages/En/Item_Deletion/Delete_all_Created_Items_Test_En

2018-07-29 12:52:39 - [TEST_STEP][PASSED] - Statement - instance: Viewport is set to new size with width = 1400 and height = 1000

2018-07-29 12:52:40 - [MESSAGE][WARNING] - Unable to get the url of the current window (Root cause: com.kms.katalon.core.webui.exception.BrowserNotOpenedException: Browser is not opened
Build info: version: '3.7.1', revision: '8a0099a', time: '2017-11-06T21:07:36.161Z'
System info: host: 'DESKTOP-UNNJGJG', ip: '10.44.1.145', os.name: 'Windows 10', os.arch: 'amd64', os.version: '10.0', java.version: '1.8.0_102'
Driver info: driver.version: unknown)

2018-07-29 12:52:47 - [MESSAGE][PASSED] - Browser is opened with url: 'http://kmsqa3:501/kms/lh/login'

2018-07-29 12:52:48 - [MESSAGE][PASSED] - Viewport is set to new size with width = 1400 and height = 1000

2018-07-29 12:52:48 - [TEST_STEP][PASSED] - Statement - com.system.RolesHelper.getCm_En().Login_En(): Call Test Case 'Test Cases/LogIn_Tests/Languages/En/Login_Content_Manager_En_Test' successfully

2018-07-29 12:52:48 - [TEST_CASE][PASSED] - Test Cases/LogIn_Tests/Languages/En/Login_Content_Manager_En_Test: Test Cases/LogIn_Tests/Languages/En/Login_Content_Manager_En_Test

2018-07-29 12:52:48 - [TEST_STEP][PASSED] - Statement - com.system.RolesHelper.getCm_En().getLoginPage().fillUserNamePassword(): Text 'admin' is set on object 'password_txt'

2018-07-29 12:52:48 - [MESSAGE][PASSED] - Object 'Object Repository/Login_Page_OR/Visual/pass_Logo' is visible

2018-07-29 12:52:49 - [MESSAGE][PASSED] - Object 'Object Repository/Login_Page_OR/Visual/userName_Logo' is visible

2018-07-29 12:52:49 - [MESSAGE][PASSED] - Object 'span_userName' is visible

2018-07-29 12:52:49 - [MESSAGE][PASSED] - Object 'span_password' is visible

2018-07-29 12:52:49 - [MESSAGE][PASSED] - Object 'userName_txt' is visible

2018-07-29 12:52:49 - [MESSAGE][PASSED] - Text of object 'userName_txt' is cleared

2018-07-29 12:52:49 - [MESSAGE][PASSED] - Text 'admin' is set on object 'userName_txt'

2018-07-29 12:52:49 - [MESSAGE][PASSED] - Object 'password_txt' is visible

2018-07-29 12:52:49 - [MESSAGE][PASSED] - Text of object 'password_txt' is cleared

2018-07-29 12:52:49 - [MESSAGE][PASSED] - Text 'admin' is set on object 'password_txt'

2018-07-29 12:52:49 - [TEST_STEP][PASSED] - Statement - com.system.RolesHelper.getCm_En().getLoginPage().clickÐ¡hooseLanguage(): Object: 'link_lang' is clicked on

2018-07-29 12:52:49 - [MESSAGE][PASSED] - Text of object 'link_change_lang' is: 'Change Language'

2018-07-29 12:52:49 - [MESSAGE][PASSED] - Actual object 'true' and expected object 'true' are equal

2018-07-29 12:52:49 - [MESSAGE][WARNING] - Comparing Change Language texts : true

2018-07-29 12:52:49 - [MESSAGE][PASSED] - Object 'link_change_lang' is visible

2018-07-29 12:52:49 - [MESSAGE][PASSED] - Object: 'link_change_lang' is clicked on

2018-07-29 12:52:50 - [MESSAGE][PASSED] - Object 'caret_lang' is visible

2018-07-29 12:52:50 - [MESSAGE][PASSED] - Object: 'caret_lang' is clicked on

2018-07-29 12:52:50 - [MESSAGE][PASSED] - Text of object 'link_lang' is: 'English'

2018-07-29 12:52:50 - [MESSAGE][PASSED] - Actual object 'true' and expected object 'true' are equal

2018-07-29 12:52:50 - [MESSAGE][WARNING] - Comparing English texts : true

2018-07-29 12:52:50 - [MESSAGE][PASSED] - Object 'link_lang' is visible

2018-07-29 12:52:50 - [MESSAGE][PASSED] - Object: 'link_lang' is clicked on

2018-07-29 12:52:50 - [TEST_STEP][PASSED] - Statement - com.system.CompareImages.detailedComparison("login form", true): Comparing  D:\kms_katalon\kms_katalon_tests\katalonGitTest\img\Chrome\login form\desired.png image : true

2018-07-29 12:52:51 - [MESSAGE][PASSED] - Taking screenshot successfully
[[ATTACHMENT|D:\\kms_katalon\\kms_katalon_tests\\katalonGitTest\\img\\Chrome\\login form\\actual.png]]

2018-07-29 12:52:52 - [MESSAGE][WARNING] - Comparing  D:\kms_katalon\kms_katalon_tests\katalonGitTest\img\Chrome\login form\desired.png image : true

2018-07-29 12:52:52 - [TEST_STEP][PASSED] - Statement - com.system.RolesHelper.getCm_En().getLoginPage().clickLogInWithUserNameAndPassword(): Object: 'auth_Login_button' is clicked on

2018-07-29 12:52:52 - [MESSAGE][PASSED] - Text of object 'auth_Login_button' is: 'LOGIN'

2018-07-29 12:52:52 - [MESSAGE][PASSED] - Actual object 'true' and expected object 'true' are equal

2018-07-29 12:52:52 - [MESSAGE][WARNING] - Comparing LOGIN texts : true

2018-07-29 12:52:52 - [MESSAGE][PASSED] - Object 'auth_Login_button' is visible

2018-07-29 12:52:53 - [MESSAGE][PASSED] - Object: 'auth_Login_button' is clicked on

2018-07-29 12:52:53 - [TEST_STEP][PASSED] - Statement - com.system.RolesHelper.getCm_En().getLoginPage().selectView(): Object: 'link_role' is clicked on

2018-07-29 12:52:53 - [MESSAGE][PASSED] - Text of object 'title_layout' is: 'CHOOSE A LAYOUT'

2018-07-29 12:52:53 - [MESSAGE][PASSED] - Actual object 'true' and expected object 'true' are equal

2018-07-29 12:52:53 - [MESSAGE][WARNING] - Comparing CHOOSE A LAYOUT texts : true

2018-07-29 12:52:53 - [MESSAGE][PASSED] - Object 'dropDown_roles' is visible

2018-07-29 12:52:53 - [MESSAGE][PASSED] - Object: 'dropDown_roles' is clicked on

2018-07-29 12:52:53 - [MESSAGE][PASSED] - Text of object 'link_role' is: 'Content Manager'

2018-07-29 12:52:53 - [MESSAGE][PASSED] - Actual object 'true' and expected object 'true' are equal

2018-07-29 12:52:53 - [MESSAGE][WARNING] - Comparing Content Manager texts : true

2018-07-29 12:52:53 - [MESSAGE][PASSED] - Object 'link_role' is visible

2018-07-29 12:52:53 - [MESSAGE][PASSED] - Object: 'link_role' is clicked on

2018-07-29 12:52:53 - [TEST_STEP][PASSED] - Statement - com.system.CompareImages.detailedComparison("chosing role form", true): Comparing  D:\kms_katalon\kms_katalon_tests\katalonGitTest\img\Chrome\chosing role form\desired.png image : true

2018-07-29 12:52:54 - [MESSAGE][PASSED] - Taking screenshot successfully
[[ATTACHMENT|D:\\kms_katalon\\kms_katalon_tests\\katalonGitTest\\img\\Chrome\\chosing role form\\actual.png]]

2018-07-29 12:52:55 - [MESSAGE][WARNING] - Comparing  D:\kms_katalon\kms_katalon_tests\katalonGitTest\img\Chrome\chosing role form\desired.png image : true

2018-07-29 12:52:55 - [TEST_STEP][PASSED] - Statement - com.system.RolesHelper.getCm_En().getLoginPage().enterToKms(): Keys 'ENTER + ' sent to object: 'login_Kms_button'

2018-07-29 12:52:55 - [MESSAGE][PASSED] - Text of object 'login_Kms_button' is: 'LOGIN'

2018-07-29 12:52:55 - [MESSAGE][PASSED] - Actual object 'true' and expected object 'true' are equal

2018-07-29 12:52:55 - [MESSAGE][WARNING] - Comparing LOGIN texts : true

2018-07-29 12:52:55 - [MESSAGE][PASSED] - Object 'login_Kms_button' is visible

2018-07-29 12:53:06 - [MESSAGE][PASSED] - Keys 'ENTER + ' sent to object: 'login_Kms_button'

2018-07-29 12:53:06 - [MESSAGE][PASSED] - Call Test Case 'Test Cases/LogIn_Tests/Languages/En/Login_Content_Manager_En_Test' successfully

2018-07-29 12:53:06 - [TEST_STEP][NOT_RUN] - Statement - com.system.RolesHelper.getCm_En().deleteAllCreatedItems(): NOT_RUN: Statement - com.system.RolesHelper.getCm_En().deleteAllCreatedItems()

2018-07-29 12:53:06 - [MESSAGE][NOT_RUN] - NOT_RUN: Statement - com.system.RolesHelper.getCm_En().deleteAllCreatedItems()

2018-07-29 12:53:06 - [TEST_STEP][PASSED] - Statement - com.system.RolesHelper.getCm_En().getTopToolBar().logout(): Delayed 1 second(s)

2018-07-29 12:53:06 - [MESSAGE][PASSED] - Object 'progress' is present

2018-07-29 12:53:07 - [MESSAGE][PASSED] - Object 'progress' is NOT visible

2018-07-29 12:53:07 - [MESSAGE][PASSED] - Object 'profile-avatar' is visible

2018-07-29 12:53:07 - [MESSAGE][PASSED] - Object: 'profile-avatar' is hovered

2018-07-29 12:53:08 - [MESSAGE][PASSED] - Delayed 1 second(s)

2018-07-29 12:53:08 - [MESSAGE][PASSED] - Object 'progress' is present

2018-07-29 12:53:08 - [MESSAGE][PASSED] - Object 'progress' is NOT visible

2018-07-29 12:53:08 - [MESSAGE][PASSED] - Text of object 'a_logout' is: 'Logout'

2018-07-29 12:53:08 - [MESSAGE][PASSED] - Actual object 'true' and expected object 'true' are equal

2018-07-29 12:53:08 - [MESSAGE][WARNING] - Comparing Logout texts : true

2018-07-29 12:53:08 - [MESSAGE][PASSED] - Object 'a_logout' is visible

2018-07-29 12:53:08 - [MESSAGE][PASSED] - Object: 'a_logout' is clicked on

2018-07-29 12:53:09 - [MESSAGE][PASSED] - Delayed 1 second(s)

2018-07-29 12:53:09 - [TEST_STEP][PASSED] - closeBrowser: Browser is closed

2018-07-29 12:53:10 - [MESSAGE][PASSED] - Browser is closed

2018-07-29 12:53:10 - [TEST_STEP][PASSED] - Start listener action : afterTestCase: Switching to default content failed because of: com.kms.katalon.core.webui.exception.BrowserNotOpenedException: Browser is not opened
Build info: version: '3.7.1', revision: '8a0099a', time: '2017-11-06T21:07:36.161Z'
System info: host: 'DESKTOP-UNNJGJG', ip: '10.44.1.145', os.name: 'Windows 10', os.arch: 'amd64', os.version: '10.0', java.version: '1.8.0_102'
Driver info: driver.version: unknown

2018-07-29 12:53:10 - [TEST_STEP][PASSED] - switchToDefaultContent: Switching to default content failed because of: com.kms.katalon.core.webui.exception.BrowserNotOpenedException: Browser is not opened
Build info: version: '3.7.1', revision: '8a0099a', time: '2017-11-06T21:07:36.161Z'
System info: host: 'DESKTOP-UNNJGJG', ip: '10.44.1.145', os.name: 'Windows 10', os.arch: 'amd64', os.version: '10.0', java.version: '1.8.0_102'
Driver info: driver.version: unknown

2018-07-29 12:53:10 - [MESSAGE][WARNING] - Switching to default content failed because of: com.kms.katalon.core.webui.exception.BrowserNotOpenedException: Browser is not opened
Build info: version: '3.7.1', revision: '8a0099a', time: '2017-11-06T21:07:36.161Z'
System info: host: 'DESKTOP-UNNJGJG', ip: '10.44.1.145', os.name: 'Windows 10', os.arch: 'amd64', os.version: '10.0', java.version: '1.8.0_102'
Driver info: driver.version: unknown]]></system-out>
         <system-err><![CDATA[]]></system-err>
      </testcase>
      <system-out><![CDATA[2018-07-29 12:52:38 - [TEST_SUITE][PASSED] - Delete_All: Test Cases/Kms_Tests/Languages/En/Item_Deletion/Delete_all_Created_Items_Test_En]]></system-out>
      <system-err><![CDATA[]]></system-err>
   </testsuite>
</testsuites>
