<?xml version="1.0" encoding="UTF-8"?>
<testsuites name="Test_Suit" time="36" tests="1" failures="0" errors="0">
   <testsuite name="Test_Suit" tests="1" failures="0" errors="0" time="36" timestamp="2018-07-09 20:35:17" hostname="fed86 - DESKTOP-UNNJGJG" id="Test Suites/Test_Suit">
      <properties>
         <property name="deviceName" value=""/>
         <property name="devicePlatform" value=""/>
         <property name="logFolder" value="D:\\kms_katalon\\kms_katalon_tests\\katalonGitTest\\Reports\\Test_Suit\\20180709_203512"/>
         <property name="logFiles" value="D:\\kms_katalon\\kms_katalon_tests\\katalonGitTest\\Reports\\Test_Suit\\20180709_203512\\execution0.log"/>
         <property name="attachments" value=""/>
         <property name="hostName" value="fed86 - DESKTOP-UNNJGJG"/>
         <property name="os" value="Windows 10 64bit"/>
         <property name="katalonVersion" value="5.4.2.1"/>
         <property name="browser" value="Edge 17"/>
         <property name="hostAddress" value="10.44.1.145"/>
         <property name="sessionId" value="5440CD1A-2B99-4C69-B117-5F79A6F46D48"/>
         <property name="seleniumVersion" value="3.7.1"/>
         <property name="proxyInformation" value="ProxyInformation{proxyOption=NO_PROXY, proxyServerType=HTTP, password=, proxyServerAddress=, proxyServerPort=0}"/>
         <property name="platform" value="Windows 10"/>
      </properties>
      <testcase name="Test Cases/Kms_Tests/Languages/En/Item_Creation/Create_Briefing_Online_Test_En" classname="Test Cases/Kms_Tests/Languages/En/Item_Creation/Create_Briefing_Online_Test_En" status="PASSED">
         <system-out><![CDATA[2018-07-09 20:35:18 - [TEST_CASE][PASSED] - Test Cases/Kms_Tests/Languages/En/Item_Creation/Create_Briefing_Online_Test_En: Test Cases/Kms_Tests/Languages/En/Item_Creation/Create_Briefing_Online_Test_En

2018-07-09 20:35:18 - [TEST_STEP][PASSED] - Start listener action : beforeTestCase: Current window maximized

2018-07-09 20:35:18 - [TEST_STEP][PASSED] - Statement - com.kms.katalon.core.util.KeywordUtil.markWarning("Before Test case : " + testCase.getTestCaseId()): Before Test case : Test Cases/Kms_Tests/Languages/En/Item_Creation/Create_Briefing_Online_Test_En

2018-07-09 20:35:18 - [MESSAGE][WARNING] - Before Test case : Test Cases/Kms_Tests/Languages/En/Item_Creation/Create_Briefing_Online_Test_En

2018-07-09 20:35:18 - [TEST_STEP][PASSED] - Statement - instance: Current window maximized

2018-07-09 20:35:18 - [MESSAGE][WARNING] - Unable to get the url of the current window (Root cause: com.kms.katalon.core.webui.exception.BrowserNotOpenedException: Browser is not opened
Build info: version: '3.7.1', revision: '8a0099a', time: '2017-11-06T21:07:36.161Z'
System info: host: 'DESKTOP-UNNJGJG', ip: '10.44.1.145', os.name: 'Windows 10', os.arch: 'amd64', os.version: '10.0', java.version: '1.8.0_102'
Driver info: driver.version: unknown)

2018-07-09 20:35:21 - [MESSAGE][PASSED] - Browser is opened with url: 'http://kmsqa3:501/kms/lh/login'

2018-07-09 20:35:21 - [MESSAGE][PASSED] - Current window maximized

2018-07-09 20:35:22 - [TEST_STEP][PASSED] - Statement - com.server.RolesHelper.getCm_En()._Login_En(): Call Test Case 'Test Cases/LogIn_Tests/Languages/En/Login_Content_Manager_En_Test' successfully

2018-07-09 20:35:22 - [TEST_CASE][PASSED] - Test Cases/LogIn_Tests/Languages/En/Login_Content_Manager_En_Test: Test Cases/LogIn_Tests/Languages/En/Login_Content_Manager_En_Test

2018-07-09 20:35:22 - [TEST_STEP][PASSED] - Statement - com.server.RolesHelper.getCm_En()._check_Logos_Title_Links(): Object 'Object Repository/Login_Page_OR/Visual/lang_Logo' is visible

2018-07-09 20:35:22 - [MESSAGE][PASSED] - Wait for page load successfully

2018-07-09 20:35:22 - [MESSAGE][PASSED] - Found 5 unique links on the page http://kmsqa3:501/kms/lh/login

2018-07-09 20:35:23 - [MESSAGE][PASSED] - Send request successfully

2018-07-09 20:35:23 - [MESSAGE][PASSED] - Send request successfully

2018-07-09 20:35:24 - [MESSAGE][PASSED] - Send request successfully

2018-07-09 20:35:25 - [MESSAGE][PASSED] - Send request successfully

2018-07-09 20:35:25 - [MESSAGE][PASSED] - Send request successfully

2018-07-09 20:35:25 - [MESSAGE][PASSED] - All links are accessible

2018-07-09 20:35:25 - [MESSAGE][PASSED] - All links on the page 'http://kmsqa3:501/kms/lh/login' are accessible

2018-07-09 20:35:25 - [MESSAGE][PASSED] - Current window's title is: 'KMS lighthouse'

2018-07-09 20:35:26 - [MESSAGE][PASSED] - Delayed 1 second(s)

2018-07-09 20:35:26 - [MESSAGE][PASSED] - Actual object 'kms lighthouse' and expected object 'kms lighthouse' are equal

2018-07-09 20:35:26 - [MESSAGE][PASSED] - Current viewport's left (x) position is 0

2018-07-09 20:35:26 - [MESSAGE][PASSED] - Current viewport's top (y) position is 0

2018-07-09 20:35:26 - [MESSAGE][PASSED] - Browser is scrolled to position x = 0, y = 0

2018-07-09 20:35:26 - [MESSAGE][PASSED] - Object 'Object Repository/Login_Page_OR/Visual/Kms_logo' is visible

2018-07-09 20:35:26 - [MESSAGE][PASSED] - Current viewport's left (x) position is 0

2018-07-09 20:35:26 - [MESSAGE][PASSED] - Current viewport's top (y) position is 0

2018-07-09 20:35:26 - [MESSAGE][PASSED] - Browser is scrolled to position x = 0, y = 0

2018-07-09 20:35:26 - [MESSAGE][PASSED] - Object 'Object Repository/Login_Page_OR/Visual/lang_Logo' is visible

2018-07-09 20:35:26 - [TEST_STEP][PASSED] - Statement - com.server.RolesHelper.getCm_En()._fill_UserName_Password(): Text 'admin' is set on object 'password_txt'

2018-07-09 20:35:26 - [MESSAGE][PASSED] - Current viewport's left (x) position is 0

2018-07-09 20:35:26 - [MESSAGE][PASSED] - Current viewport's top (y) position is 0

2018-07-09 20:35:26 - [MESSAGE][PASSED] - Browser is scrolled to position x = 0, y = 0

2018-07-09 20:35:26 - [MESSAGE][PASSED] - Object 'Object Repository/Login_Page_OR/Visual/pass_Logo' is visible

2018-07-09 20:35:26 - [MESSAGE][PASSED] - Current viewport's left (x) position is 0

2018-07-09 20:35:26 - [MESSAGE][PASSED] - Current viewport's top (y) position is 0

2018-07-09 20:35:26 - [MESSAGE][PASSED] - Browser is scrolled to position x = 0, y = 0

2018-07-09 20:35:26 - [MESSAGE][PASSED] - Object 'Object Repository/Login_Page_OR/Visual/userName_Logo' is visible

2018-07-09 20:35:26 - [MESSAGE][PASSED] - Current viewport's left (x) position is 0

2018-07-09 20:35:26 - [MESSAGE][PASSED] - Current viewport's top (y) position is 0

2018-07-09 20:35:26 - [MESSAGE][PASSED] - Browser is scrolled to position x = 0, y = 0

2018-07-09 20:35:26 - [MESSAGE][PASSED] - Object 'span_userName' is visible

2018-07-09 20:35:26 - [MESSAGE][PASSED] - Current viewport's left (x) position is 0

2018-07-09 20:35:26 - [MESSAGE][PASSED] - Current viewport's top (y) position is 0

2018-07-09 20:35:26 - [MESSAGE][PASSED] - Browser is scrolled to position x = 0, y = 0

2018-07-09 20:35:26 - [MESSAGE][PASSED] - Object 'span_password' is visible

2018-07-09 20:35:26 - [MESSAGE][PASSED] - Current viewport's left (x) position is 0

2018-07-09 20:35:26 - [MESSAGE][PASSED] - Current viewport's top (y) position is 0

2018-07-09 20:35:26 - [MESSAGE][PASSED] - Browser is scrolled to position x = 0, y = 0

2018-07-09 20:35:26 - [MESSAGE][PASSED] - Object 'userName_txt' is visible

2018-07-09 20:35:26 - [MESSAGE][PASSED] - Text of object 'userName_txt' is cleared

2018-07-09 20:35:26 - [MESSAGE][PASSED] - Text 'admin' is set on object 'userName_txt'

2018-07-09 20:35:26 - [MESSAGE][PASSED] - Current viewport's left (x) position is 0

2018-07-09 20:35:26 - [MESSAGE][PASSED] - Current viewport's top (y) position is 0

2018-07-09 20:35:26 - [MESSAGE][PASSED] - Browser is scrolled to position x = 0, y = 0

2018-07-09 20:35:26 - [MESSAGE][PASSED] - Object 'password_txt' is visible

2018-07-09 20:35:26 - [MESSAGE][PASSED] - Text of object 'password_txt' is cleared

2018-07-09 20:35:26 - [MESSAGE][PASSED] - Text 'admin' is set on object 'password_txt'

2018-07-09 20:35:26 - [TEST_STEP][PASSED] - Statement - com.server.RolesHelper.getCm_En()._click_chooseLanguage(): Object: 'link_lang' is clicked on

2018-07-09 20:35:26 - [MESSAGE][PASSED] - Current viewport's left (x) position is 0

2018-07-09 20:35:26 - [MESSAGE][PASSED] - Current viewport's top (y) position is 0

2018-07-09 20:35:26 - [MESSAGE][PASSED] - Browser is scrolled to position x = 0, y = 0

2018-07-09 20:35:26 - [MESSAGE][PASSED] - Object 'link_change_lang' is visible

2018-07-09 20:35:27 - [MESSAGE][PASSED] - Object: 'link_change_lang' is clicked on

2018-07-09 20:35:27 - [MESSAGE][PASSED] - Current viewport's left (x) position is 0

2018-07-09 20:35:27 - [MESSAGE][PASSED] - Current viewport's top (y) position is 0

2018-07-09 20:35:27 - [MESSAGE][PASSED] - Browser is scrolled to position x = 0, y = 0

2018-07-09 20:35:27 - [MESSAGE][PASSED] - Object 'caret_lang' is visible

2018-07-09 20:35:27 - [MESSAGE][PASSED] - Object: 'caret_lang' is clicked on

2018-07-09 20:35:27 - [MESSAGE][PASSED] - Current viewport's left (x) position is 0

2018-07-09 20:35:27 - [MESSAGE][PASSED] - Current viewport's top (y) position is 0

2018-07-09 20:35:27 - [MESSAGE][PASSED] - Browser is scrolled to position x = 0, y = 0

2018-07-09 20:35:27 - [MESSAGE][PASSED] - Object 'link_lang' is visible

2018-07-09 20:35:27 - [MESSAGE][PASSED] - Object: 'link_lang' is clicked on

2018-07-09 20:35:27 - [TEST_STEP][PASSED] - Statement - com.server.RolesHelper.getCm_En()._click_LogIn_With_UserName_And_Password(): Delayed 3 second(s)

2018-07-09 20:35:27 - [MESSAGE][PASSED] - Current viewport's left (x) position is 0

2018-07-09 20:35:27 - [MESSAGE][PASSED] - Current viewport's top (y) position is 0

2018-07-09 20:35:27 - [MESSAGE][PASSED] - Browser is scrolled to position x = 0, y = 0

2018-07-09 20:35:27 - [MESSAGE][PASSED] - Object 'auth_Login_button' is visible

2018-07-09 20:35:27 - [MESSAGE][PASSED] - Object: 'auth_Login_button' is clicked on

2018-07-09 20:35:30 - [MESSAGE][PASSED] - Delayed 3 second(s)

2018-07-09 20:35:30 - [TEST_STEP][PASSED] - Statement - com.server.RolesHelper.getCm_En()._select_View(): Object: 'link_role' is clicked on

2018-07-09 20:35:30 - [MESSAGE][PASSED] - Current viewport's left (x) position is 0

2018-07-09 20:35:30 - [MESSAGE][PASSED] - Current viewport's top (y) position is 0

2018-07-09 20:35:30 - [MESSAGE][PASSED] - Browser is scrolled to position x = 0, y = 0

2018-07-09 20:35:30 - [MESSAGE][PASSED] - Object 'dropDown_roles' is visible

2018-07-09 20:35:30 - [MESSAGE][PASSED] - Object: 'dropDown_roles' is clicked on

2018-07-09 20:35:30 - [MESSAGE][PASSED] - Current viewport's left (x) position is 0

2018-07-09 20:35:30 - [MESSAGE][PASSED] - Current viewport's top (y) position is 0

2018-07-09 20:35:30 - [MESSAGE][PASSED] - Browser is scrolled to position x = 0, y = 0

2018-07-09 20:35:30 - [MESSAGE][PASSED] - Object 'link_role' is visible

2018-07-09 20:35:30 - [MESSAGE][PASSED] - Object: 'link_role' is clicked on

2018-07-09 20:35:30 - [TEST_STEP][PASSED] - Statement - com.server.RolesHelper.getCm_En()._Enter_to_Kms(): Keys 'ENTER + ' sent to object: 'login_Kms_button'

2018-07-09 20:35:30 - [MESSAGE][PASSED] - Current viewport's left (x) position is 0

2018-07-09 20:35:30 - [MESSAGE][PASSED] - Current viewport's top (y) position is 0

2018-07-09 20:35:30 - [MESSAGE][PASSED] - Browser is scrolled to position x = 0, y = 0

2018-07-09 20:35:30 - [MESSAGE][PASSED] - Object 'login_Kms_button' is visible

2018-07-09 20:35:30 - [MESSAGE][PASSED] - Keys 'ENTER + ' sent to object: 'login_Kms_button'

2018-07-09 20:35:30 - [MESSAGE][PASSED] - Call Test Case 'Test Cases/LogIn_Tests/Languages/En/Login_Content_Manager_En_Test' successfully

2018-07-09 20:35:30 - [TEST_STEP][PASSED] - Statement - briefing._click_upper_button_create_item(): Object: 'button_create_new_item' is clicked on

2018-07-09 20:35:30 - [MESSAGE][PASSED] - Current viewport's left (x) position is 0

2018-07-09 20:35:30 - [MESSAGE][PASSED] - Current viewport's top (y) position is 0

2018-07-09 20:35:30 - [MESSAGE][PASSED] - Browser is scrolled to position x = 0, y = 0

2018-07-09 20:35:31 - [MESSAGE][PASSED] - Object 'progress' is present

2018-07-09 20:35:32 - [MESSAGE][WARNING] - Object 'progress' is visible after 1 second(s)

2018-07-09 20:35:33 - [MESSAGE][PASSED] - Delayed 1 second(s)

2018-07-09 20:35:33 - [MESSAGE][PASSED] - Object 'progress' is NOT visible

2018-07-09 20:35:33 - [MESSAGE][PASSED] - Object 'button_create_new_item' is visible

2018-07-09 20:35:33 - [MESSAGE][PASSED] - Object: 'button_create_new_item' is hovered

2018-07-09 20:35:33 - [MESSAGE][PASSED] - Object: 'button_create_new_item' is clicked on

2018-07-09 20:35:33 - [TEST_STEP][PASSED] - Statement - briefing._choose_Briefing_Template_By_Typing(): Object: 'button_ok_create_template' is clicked on

2018-07-09 20:35:34 - [MESSAGE][PASSED] - Delayed 1 second(s)

2018-07-09 20:35:34 - [MESSAGE][PASSED] - Current viewport's left (x) position is 0

2018-07-09 20:35:34 - [MESSAGE][PASSED] - Current viewport's top (y) position is 0

2018-07-09 20:35:34 - [MESSAGE][PASSED] - Browser is scrolled to position x = 0, y = 0

2018-07-09 20:35:34 - [MESSAGE][PASSED] - Object 'progress' is present

2018-07-09 20:35:34 - [MESSAGE][PASSED] - Object 'progress' is NOT visible

2018-07-09 20:35:34 - [MESSAGE][PASSED] - Object 'input_create_item_template' is visible

2018-07-09 20:35:34 - [MESSAGE][PASSED] - Object: 'input_create_item_template' is clicked on

2018-07-09 20:35:35 - [MESSAGE][PASSED] - Delayed 1 second(s)

2018-07-09 20:35:35 - [MESSAGE][PASSED] - Current viewport's left (x) position is 0

2018-07-09 20:35:35 - [MESSAGE][PASSED] - Current viewport's top (y) position is 0

2018-07-09 20:35:35 - [MESSAGE][PASSED] - Browser is scrolled to position x = 0, y = 0

2018-07-09 20:35:35 - [MESSAGE][PASSED] - Object 'progress' is present

2018-07-09 20:35:35 - [MESSAGE][PASSED] - Object 'progress' is NOT visible

2018-07-09 20:35:35 - [MESSAGE][PASSED] - Object 'input_create_item_template' is visible

2018-07-09 20:35:35 - [MESSAGE][PASSED] - Text of object 'input_create_item_template' is cleared

2018-07-09 20:35:35 - [MESSAGE][PASSED] - Text 'Briefing' is set on object 'input_create_item_template'

2018-07-09 20:35:35 - [MESSAGE][PASSED] - Current viewport's left (x) position is 0

2018-07-09 20:35:35 - [MESSAGE][PASSED] - Current viewport's top (y) position is 0

2018-07-09 20:35:35 - [MESSAGE][PASSED] - Browser is scrolled to position x = 0, y = 0

2018-07-09 20:35:35 - [MESSAGE][PASSED] - Object 'progress' is present

2018-07-09 20:35:35 - [MESSAGE][PASSED] - Object 'progress' is NOT visible

2018-07-09 20:35:35 - [MESSAGE][PASSED] - Object 'button_ok_create_template' is visible

2018-07-09 20:35:35 - [MESSAGE][PASSED] - Object: 'button_ok_create_template' is clicked on

2018-07-09 20:35:35 - [TEST_STEP][PASSED] - Statement - briefing._verify_template_updateDate(): Actual object '09/07/2018' and expected object '09/07/2018' are equal

2018-07-09 20:35:35 - [MESSAGE][PASSED] - Current viewport's left (x) position is 0

2018-07-09 20:35:35 - [MESSAGE][PASSED] - Current viewport's top (y) position is 0

2018-07-09 20:35:35 - [MESSAGE][PASSED] - Browser is scrolled to position x = 0, y = 0

2018-07-09 20:35:35 - [MESSAGE][PASSED] - Object 'progress' is present

2018-07-09 20:35:35 - [MESSAGE][PASSED] - Object 'progress' is NOT visible

2018-07-09 20:35:37 - [MESSAGE][PASSED] - Object 'Object Repository/Kms_Page_OR/Roles/Content_Manager/Item_Properties_tab/template_Briefing' is visible

2018-07-09 20:35:37 - [MESSAGE][PASSED] - Text of object 'Object Repository/Kms_Page_OR/Roles/Content_Manager/Item_Properties_tab/template_Briefing' is: 'Briefing'

2018-07-09 20:35:37 - [MESSAGE][PASSED] - Current viewport's left (x) position is 0

2018-07-09 20:35:37 - [MESSAGE][PASSED] - Current viewport's top (y) position is 0

2018-07-09 20:35:37 - [MESSAGE][PASSED] - Browser is scrolled to position x = 0, y = 0

2018-07-09 20:35:37 - [MESSAGE][PASSED] - Object 'progress' is present

2018-07-09 20:35:38 - [MESSAGE][PASSED] - Object 'progress' is NOT visible

2018-07-09 20:35:38 - [MESSAGE][PASSED] - Object 'Object Repository/Kms_Page_OR/Roles/Content_Manager/Item_Properties_tab/span_update_date' is visible

2018-07-09 20:35:38 - [MESSAGE][PASSED] - Text of object 'Object Repository/Kms_Page_OR/Roles/Content_Manager/Item_Properties_tab/span_update_date' is: '09/07/2018 20:35:23 PM'

2018-07-09 20:35:39 - [MESSAGE][PASSED] - Delayed 1 second(s)

2018-07-09 20:35:39 - [MESSAGE][PASSED] - Actual object 'briefing' and expected object 'briefing' are equal

2018-07-09 20:35:40 - [MESSAGE][PASSED] - Delayed 1 second(s)

2018-07-09 20:35:40 - [MESSAGE][PASSED] - Actual object '09/07/2018' and expected object '09/07/2018' are equal

2018-07-09 20:35:40 - [TEST_STEP][PASSED] - Statement - briefing._set_Item_Name(): Keys 'item_BRIEFING_3247' sent to object: 'Object Repository/Kms_Page_OR/Roles/Content_Manager/Item_Properties_tab/input_title_name'

2018-07-09 20:35:40 - [MESSAGE][PASSED] - Current viewport's left (x) position is 0

2018-07-09 20:35:40 - [MESSAGE][PASSED] - Current viewport's top (y) position is 0

2018-07-09 20:35:40 - [MESSAGE][PASSED] - Browser is scrolled to position x = 0, y = 0

2018-07-09 20:35:40 - [MESSAGE][PASSED] - Object 'progress' is present

2018-07-09 20:35:40 - [MESSAGE][PASSED] - Object 'progress' is NOT visible

2018-07-09 20:35:40 - [MESSAGE][PASSED] - Object 'Object Repository/Kms_Page_OR/Roles/Content_Manager/Item_Properties_tab/itemId_generated_by_template' is visible

2018-07-09 20:35:40 - [MESSAGE][PASSED] - Text of object 'Object Repository/Kms_Page_OR/Roles/Content_Manager/Item_Properties_tab/itemId_generated_by_template' is: '3247'

2018-07-09 20:35:41 - [MESSAGE][PASSED] - Delayed 1 second(s)

2018-07-09 20:35:41 - [MESSAGE][PASSED] - Current viewport's left (x) position is 0

2018-07-09 20:35:41 - [MESSAGE][PASSED] - Current viewport's top (y) position is 0

2018-07-09 20:35:41 - [MESSAGE][PASSED] - Browser is scrolled to position x = 0, y = 0

2018-07-09 20:35:41 - [MESSAGE][PASSED] - Object 'progress' is present

2018-07-09 20:35:41 - [MESSAGE][PASSED] - Object 'progress' is NOT visible

2018-07-09 20:35:41 - [MESSAGE][PASSED] - Object 'Object Repository/Kms_Page_OR/Roles/Content_Manager/Item_Properties_tab/title_new_item' is visible

2018-07-09 20:35:41 - [MESSAGE][PASSED] - Object: 'Object Repository/Kms_Page_OR/Roles/Content_Manager/Item_Properties_tab/title_new_item' is clicked on

2018-07-09 20:35:42 - [MESSAGE][PASSED] - Delayed 1 second(s)

2018-07-09 20:35:42 - [MESSAGE][PASSED] - Current viewport's left (x) position is 0

2018-07-09 20:35:42 - [MESSAGE][PASSED] - Current viewport's top (y) position is 0

2018-07-09 20:35:42 - [MESSAGE][PASSED] - Browser is scrolled to position x = 0, y = 0

2018-07-09 20:35:42 - [MESSAGE][PASSED] - Object 'progress' is present

2018-07-09 20:35:42 - [MESSAGE][PASSED] - Object 'progress' is NOT visible

2018-07-09 20:35:42 - [MESSAGE][PASSED] - Object 'Object Repository/Kms_Page_OR/Roles/Content_Manager/Item_Properties_tab/input_title_name' is visible

2018-07-09 20:35:42 - [MESSAGE][PASSED] - Keys 'item_BRIEFING_3247' sent to object: 'Object Repository/Kms_Page_OR/Roles/Content_Manager/Item_Properties_tab/input_title_name'

2018-07-09 20:35:42 - [TEST_STEP][PASSED] - Statement - briefing._write_short_description(): Keys 'short description was written' sent to object: 'Object Repository/Kms_Page_OR/Roles/Content_Manager/Item_Properties_tab/textarea_descriptionEdit'

2018-07-09 20:35:42 - [MESSAGE][PASSED] - Current viewport's left (x) position is 0

2018-07-09 20:35:42 - [MESSAGE][PASSED] - Current viewport's top (y) position is 0

2018-07-09 20:35:42 - [MESSAGE][PASSED] - Browser is scrolled to position x = 0, y = 0

2018-07-09 20:35:42 - [MESSAGE][PASSED] - Object 'progress' is present

2018-07-09 20:35:42 - [MESSAGE][PASSED] - Object 'progress' is NOT visible

2018-07-09 20:35:42 - [MESSAGE][PASSED] - Object 'Object Repository/Kms_Page_OR/Roles/Content_Manager/Item_Properties_tab/div_ShortDescriptionEdit' is visible

2018-07-09 20:35:42 - [MESSAGE][PASSED] - Object: 'Object Repository/Kms_Page_OR/Roles/Content_Manager/Item_Properties_tab/div_ShortDescriptionEdit' is clicked on

2018-07-09 20:35:43 - [MESSAGE][PASSED] - Delayed 1 second(s)

2018-07-09 20:35:43 - [MESSAGE][PASSED] - Object: 'Object Repository/Kms_Page_OR/Roles/Content_Manager/Item_Properties_tab/div_ShortDescriptionEdit' is clicked on

2018-07-09 20:35:43 - [MESSAGE][PASSED] - Current viewport's left (x) position is 0

2018-07-09 20:35:43 - [MESSAGE][PASSED] - Current viewport's top (y) position is 0

2018-07-09 20:35:43 - [MESSAGE][PASSED] - Browser is scrolled to position x = 0, y = 0

2018-07-09 20:35:43 - [MESSAGE][PASSED] - Object 'progress' is present

2018-07-09 20:35:43 - [MESSAGE][PASSED] - Object 'progress' is NOT visible

2018-07-09 20:35:43 - [MESSAGE][PASSED] - Object 'Object Repository/Kms_Page_OR/Roles/Content_Manager/Item_Properties_tab/textarea_descriptionEdit' is visible

2018-07-09 20:35:43 - [MESSAGE][PASSED] - Keys 'short description was written' sent to object: 'Object Repository/Kms_Page_OR/Roles/Content_Manager/Item_Properties_tab/textarea_descriptionEdit'

2018-07-09 20:35:43 - [TEST_STEP][PASSED] - Statement - briefing._choose_Status(ONLINE): All options with index in [1] are selected on object 'Object Repository/Kms_Page_OR/Roles/Content_Manager/Item_Properties_tab/select_OfflineOnlineHiddenArch'

2018-07-09 20:35:43 - [MESSAGE][PASSED] - Current viewport's left (x) position is 0

2018-07-09 20:35:43 - [MESSAGE][PASSED] - Current viewport's top (y) position is 0

2018-07-09 20:35:43 - [MESSAGE][PASSED] - Browser is scrolled to position x = 0, y = 0

2018-07-09 20:35:43 - [MESSAGE][PASSED] - Object 'progress' is present

2018-07-09 20:35:43 - [MESSAGE][PASSED] - Object 'progress' is NOT visible

2018-07-09 20:35:43 - [MESSAGE][PASSED] - Object 'Object Repository/Kms_Page_OR/Roles/Content_Manager/Item_Properties_tab/select_OfflineOnlineHiddenArch' is visible

2018-07-09 20:35:44 - [MESSAGE][PASSED] - All options with index in [1] are selected on object 'Object Repository/Kms_Page_OR/Roles/Content_Manager/Item_Properties_tab/select_OfflineOnlineHiddenArch'

2018-07-09 20:35:44 - [TEST_STEP][PASSED] - Statement - briefing._set_date_valid_from_status(): Keys 'ESCAPE + ' sent to object: 'Object Repository/Kms_Page_OR/Roles/Content_Manager/Item_Properties_tab/input_ST_DATE_FROM'

2018-07-09 20:35:44 - [MESSAGE][PASSED] - Current viewport's left (x) position is 0

2018-07-09 20:35:44 - [MESSAGE][PASSED] - Current viewport's top (y) position is 0

2018-07-09 20:35:44 - [MESSAGE][PASSED] - Browser is scrolled to position x = 0, y = 0

2018-07-09 20:35:44 - [MESSAGE][PASSED] - Object 'progress' is present

2018-07-09 20:35:44 - [MESSAGE][PASSED] - Object 'progress' is NOT visible

2018-07-09 20:35:44 - [MESSAGE][PASSED] - Object 'Object Repository/Kms_Page_OR/Roles/Content_Manager/Item_Properties_tab/input_ST_DATE_FROM' is visible

2018-07-09 20:35:44 - [MESSAGE][PASSED] - Text of object 'Object Repository/Kms_Page_OR/Roles/Content_Manager/Item_Properties_tab/input_ST_DATE_FROM' is cleared

2018-07-09 20:35:44 - [MESSAGE][PASSED] - Text '03/07/2018 08:35:44' is set on object 'Object Repository/Kms_Page_OR/Roles/Content_Manager/Item_Properties_tab/input_ST_DATE_FROM'

2018-07-09 20:35:44 - [MESSAGE][PASSED] - Current viewport's left (x) position is 0

2018-07-09 20:35:44 - [MESSAGE][PASSED] - Current viewport's top (y) position is 0

2018-07-09 20:35:44 - [MESSAGE][PASSED] - Browser is scrolled to position x = 0, y = 0

2018-07-09 20:35:44 - [MESSAGE][PASSED] - Object 'progress' is present

2018-07-09 20:35:44 - [MESSAGE][PASSED] - Object 'progress' is NOT visible

2018-07-09 20:35:44 - [MESSAGE][PASSED] - Object 'Object Repository/Kms_Page_OR/Roles/Content_Manager/Item_Properties_tab/input_ST_DATE_FROM' is visible

2018-07-09 20:35:44 - [MESSAGE][PASSED] - Keys 'ESCAPE + ' sent to object: 'Object Repository/Kms_Page_OR/Roles/Content_Manager/Item_Properties_tab/input_ST_DATE_FROM'

2018-07-09 20:35:44 - [TEST_STEP][PASSED] - Statement - briefing._choose_status_after(HIDDEN): All options with index in [2] are selected on object 'Object Repository/Kms_Page_OR/Roles/Content_Manager/Item_Properties_tab/select_Status_after'

2018-07-09 20:35:44 - [MESSAGE][PASSED] - Current viewport's left (x) position is 0

2018-07-09 20:35:44 - [MESSAGE][PASSED] - Current viewport's top (y) position is 0

2018-07-09 20:35:44 - [MESSAGE][PASSED] - Browser is scrolled to position x = 0, y = 0

2018-07-09 20:35:44 - [MESSAGE][PASSED] - Object 'progress' is present

2018-07-09 20:35:44 - [MESSAGE][PASSED] - Object 'progress' is NOT visible

2018-07-09 20:35:44 - [MESSAGE][PASSED] - Object 'Object Repository/Kms_Page_OR/Roles/Content_Manager/Item_Properties_tab/select_Status_after' is visible

2018-07-09 20:35:44 - [MESSAGE][PASSED] - All options with index in [2] are selected on object 'Object Repository/Kms_Page_OR/Roles/Content_Manager/Item_Properties_tab/select_Status_after'

2018-07-09 20:35:44 - [TEST_STEP][PASSED] - Statement - briefing._set_date_valid_to_status(): Keys 'ESCAPE + ' sent to object: 'Object Repository/Kms_Page_OR/Roles/Content_Manager/Item_Properties_tab/input_STATUS_DATE_TO'

2018-07-09 20:35:44 - [MESSAGE][PASSED] - Current viewport's left (x) position is 0

2018-07-09 20:35:44 - [MESSAGE][PASSED] - Current viewport's top (y) position is 0

2018-07-09 20:35:44 - [MESSAGE][PASSED] - Browser is scrolled to position x = 0, y = 0

2018-07-09 20:35:44 - [MESSAGE][PASSED] - Object 'progress' is present

2018-07-09 20:35:44 - [MESSAGE][PASSED] - Object 'progress' is NOT visible

2018-07-09 20:35:44 - [MESSAGE][PASSED] - Object 'Object Repository/Kms_Page_OR/Roles/Content_Manager/Item_Properties_tab/input_STATUS_DATE_TO' is visible

2018-07-09 20:35:44 - [MESSAGE][PASSED] - Text of object 'Object Repository/Kms_Page_OR/Roles/Content_Manager/Item_Properties_tab/input_STATUS_DATE_TO' is cleared

2018-07-09 20:35:44 - [MESSAGE][PASSED] - Text '04/07/2018 08:35:44' is set on object 'Object Repository/Kms_Page_OR/Roles/Content_Manager/Item_Properties_tab/input_STATUS_DATE_TO'

2018-07-09 20:35:44 - [MESSAGE][PASSED] - Current viewport's left (x) position is 0

2018-07-09 20:35:44 - [MESSAGE][PASSED] - Current viewport's top (y) position is 0

2018-07-09 20:35:44 - [MESSAGE][PASSED] - Browser is scrolled to position x = 0, y = 0

2018-07-09 20:35:44 - [MESSAGE][PASSED] - Object 'progress' is present

2018-07-09 20:35:45 - [MESSAGE][PASSED] - Object 'progress' is NOT visible

2018-07-09 20:35:45 - [MESSAGE][PASSED] - Object 'Object Repository/Kms_Page_OR/Roles/Content_Manager/Item_Properties_tab/input_STATUS_DATE_TO' is visible

2018-07-09 20:35:45 - [MESSAGE][PASSED] - Keys 'ESCAPE + ' sent to object: 'Object Repository/Kms_Page_OR/Roles/Content_Manager/Item_Properties_tab/input_STATUS_DATE_TO'

2018-07-09 20:35:45 - [TEST_STEP][PASSED] - Statement - briefing._click_edit_tab(): Object: 'Object Repository/Kms_Page_OR/Roles/Content_Manager/Edit_tab/a_Edit_tab' is clicked on

2018-07-09 20:35:45 - [MESSAGE][PASSED] - Current viewport's left (x) position is 0

2018-07-09 20:35:45 - [MESSAGE][PASSED] - Current viewport's top (y) position is 0

2018-07-09 20:35:45 - [MESSAGE][PASSED] - Browser is scrolled to position x = 0, y = 0

2018-07-09 20:35:45 - [MESSAGE][PASSED] - Object 'progress' is present

2018-07-09 20:35:45 - [MESSAGE][PASSED] - Object 'progress' is NOT visible

2018-07-09 20:35:45 - [MESSAGE][PASSED] - Object 'Object Repository/Kms_Page_OR/Roles/Content_Manager/Edit_tab/a_Edit_tab' is visible

2018-07-09 20:35:45 - [MESSAGE][PASSED] - Object: 'Object Repository/Kms_Page_OR/Roles/Content_Manager/Edit_tab/a_Edit_tab' is clicked on

2018-07-09 20:35:46 - [MESSAGE][PASSED] - Delayed 1 second(s)

2018-07-09 20:35:46 - [MESSAGE][PASSED] - Object: 'Object Repository/Kms_Page_OR/Roles/Content_Manager/Edit_tab/a_Edit_tab' is clicked on

2018-07-09 20:35:46 - [TEST_STEP][PASSED] - Statement - briefing._choose_Date_Edit_Item(): Object: 'Object Repository/Kms_Page_OR/Roles/Content_Manager/Edit_tab/button_Today' is clicked on

2018-07-09 20:35:46 - [MESSAGE][PASSED] - Current viewport's left (x) position is 0

2018-07-09 20:35:46 - [MESSAGE][PASSED] - Current viewport's top (y) position is 0

2018-07-09 20:35:46 - [MESSAGE][PASSED] - Browser is scrolled to position x = 0, y = 0

2018-07-09 20:35:46 - [MESSAGE][PASSED] - Object 'progress' is present

2018-07-09 20:35:46 - [MESSAGE][PASSED] - Object 'progress' is NOT visible

2018-07-09 20:35:46 - [MESSAGE][PASSED] - Object 'Object Repository/Kms_Page_OR/Roles/Content_Manager/Edit_tab/input_DATE_Edit_item' is visible

2018-07-09 20:35:46 - [MESSAGE][PASSED] - Object: 'Object Repository/Kms_Page_OR/Roles/Content_Manager/Edit_tab/input_DATE_Edit_item' is hovered

2018-07-09 20:35:46 - [MESSAGE][PASSED] - Object: 'Object Repository/Kms_Page_OR/Roles/Content_Manager/Edit_tab/input_DATE_Edit_item' is clicked on

2018-07-09 20:35:46 - [MESSAGE][PASSED] - Current viewport's left (x) position is 0

2018-07-09 20:35:46 - [MESSAGE][PASSED] - Current viewport's top (y) position is 0

2018-07-09 20:35:46 - [MESSAGE][PASSED] - Browser is scrolled to position x = 0, y = 0

2018-07-09 20:35:46 - [MESSAGE][PASSED] - Object 'progress' is present

2018-07-09 20:35:46 - [MESSAGE][PASSED] - Object 'progress' is NOT visible

2018-07-09 20:35:46 - [MESSAGE][PASSED] - Object 'Object Repository/Kms_Page_OR/Roles/Content_Manager/Edit_tab/button_Today' is visible

2018-07-09 20:35:46 - [MESSAGE][PASSED] - Object: 'Object Repository/Kms_Page_OR/Roles/Content_Manager/Edit_tab/button_Today' is hovered

2018-07-09 20:35:46 - [MESSAGE][PASSED] - Object: 'Object Repository/Kms_Page_OR/Roles/Content_Manager/Edit_tab/button_Today' is clicked on

2018-07-09 20:35:46 - [TEST_STEP][PASSED] - Statement - briefing._click_save_and_relocate_to_lastFolder(): Object: 'saveAndRelocate' is clicked on

2018-07-09 20:35:46 - [MESSAGE][PASSED] - Current viewport's left (x) position is 0

2018-07-09 20:35:46 - [MESSAGE][PASSED] - Current viewport's top (y) position is 0

2018-07-09 20:35:46 - [MESSAGE][PASSED] - Browser is scrolled to position x = 0, y = 0

2018-07-09 20:35:46 - [MESSAGE][PASSED] - Object 'progress' is present

2018-07-09 20:35:46 - [MESSAGE][PASSED] - Object 'progress' is NOT visible

2018-07-09 20:35:46 - [MESSAGE][PASSED] - Object 'saveAndRelocate' is visible

2018-07-09 20:35:46 - [MESSAGE][PASSED] - Object: 'saveAndRelocate' is hovered

2018-07-09 20:35:46 - [MESSAGE][PASSED] - Object: 'saveAndRelocate' is clicked on

2018-07-09 20:35:46 - [TEST_STEP][PASSED] - Statement - briefing._click_save_and_check_if_number_of_items_incremented_in_lastFolder(): Actual object '42' and expected object '42' are equal

2018-07-09 20:35:46 - [MESSAGE][PASSED] - Text of object 'last_folder_in_cm_tree' is: '[41]Folder 15'

2018-07-09 20:35:46 - [MESSAGE][PASSED] - Current viewport's left (x) position is 0

2018-07-09 20:35:46 - [MESSAGE][PASSED] - Current viewport's top (y) position is 0

2018-07-09 20:35:46 - [MESSAGE][PASSED] - Browser is scrolled to position x = 0, y = 0

2018-07-09 20:35:46 - [MESSAGE][PASSED] - Object 'progress' is present

2018-07-09 20:35:46 - [MESSAGE][PASSED] - Object 'progress' is NOT visible

2018-07-09 20:35:46 - [MESSAGE][PASSED] - Object 'choose_lastFolder_in_modal' is visible

2018-07-09 20:35:46 - [MESSAGE][PASSED] - Object: 'choose_lastFolder_in_modal' is hovered

2018-07-09 20:35:47 - [MESSAGE][PASSED] - Object: 'choose_lastFolder_in_modal' is clicked on

2018-07-09 20:35:47 - [MESSAGE][PASSED] - Current viewport's left (x) position is 0

2018-07-09 20:35:47 - [MESSAGE][PASSED] - Current viewport's top (y) position is 0

2018-07-09 20:35:47 - [MESSAGE][PASSED] - Browser is scrolled to position x = 0, y = 0

2018-07-09 20:35:47 - [MESSAGE][PASSED] - Object 'progress' is present

2018-07-09 20:35:47 - [MESSAGE][PASSED] - Object 'progress' is NOT visible

2018-07-09 20:35:47 - [MESSAGE][PASSED] - Object 'btn_save_in_last_folder' is visible

2018-07-09 20:35:47 - [MESSAGE][PASSED] - Object: 'btn_save_in_last_folder' is hovered

2018-07-09 20:35:47 - [MESSAGE][PASSED] - Object: 'btn_save_in_last_folder' is clicked on

2018-07-09 20:35:50 - [MESSAGE][PASSED] - Delayed 3 second(s)

2018-07-09 20:35:50 - [MESSAGE][PASSED] - Text of object 'last_folder_in_cm_tree' is: '[42]Folder 15'

2018-07-09 20:35:50 - [MESSAGE][PASSED] - Actual object '42' and expected object '42' are equal

2018-07-09 20:35:50 - [TEST_STEP][PASSED] - Statement - com.server.RolesHelper.getCm_En()._click_Home_Button(): Object: 'kms_home_icon' is clicked on

2018-07-09 20:35:50 - [MESSAGE][PASSED] - Current viewport's left (x) position is 0

2018-07-09 20:35:50 - [MESSAGE][PASSED] - Current viewport's top (y) position is 0

2018-07-09 20:35:50 - [MESSAGE][PASSED] - Browser is scrolled to position x = 0, y = 0

2018-07-09 20:35:50 - [MESSAGE][PASSED] - Object 'progress' is present

2018-07-09 20:35:50 - [MESSAGE][PASSED] - Object 'progress' is NOT visible

2018-07-09 20:35:50 - [MESSAGE][PASSED] - Object 'kms_home_icon' is visible

2018-07-09 20:35:50 - [MESSAGE][PASSED] - Object: 'kms_home_icon' is clicked on

2018-07-09 20:35:50 - [TEST_STEP][PASSED] - Statement - com.server.RolesHelper.getCm_En()._delete_all_created_items_en(): Web element with id: 'item_in_last_folder' located by 'By.xpath: //a[starts-with(text(), 'item_')]' not found

2018-07-09 20:35:50 - [MESSAGE][PASSED] - Current viewport's left (x) position is 0

2018-07-09 20:35:50 - [MESSAGE][PASSED] - Current viewport's top (y) position is 0

2018-07-09 20:35:50 - [MESSAGE][PASSED] - Browser is scrolled to position x = 0, y = 0

2018-07-09 20:35:50 - [MESSAGE][PASSED] - Object 'progress' is present

2018-07-09 20:35:50 - [MESSAGE][PASSED] - Object 'progress' is NOT visible

2018-07-09 20:35:53 - [MESSAGE][WARNING] - Web element with id: 'item_in_last_folder' located by 'By.xpath: //a[starts-with(text(), 'item_')]' not found

2018-07-09 20:35:53 - [TEST_STEP][NOT_RUN] - Statement - com.server.RolesHelper.getCm_En()._logout(): NOT_RUN: Statement - com.server.RolesHelper.getCm_En()._logout()

2018-07-09 20:35:53 - [MESSAGE][NOT_RUN] - NOT_RUN: Statement - com.server.RolesHelper.getCm_En()._logout()

2018-07-09 20:35:53 - [TEST_STEP][NOT_RUN] - closeBrowser: NOT_RUN: closeBrowser

2018-07-09 20:35:53 - [MESSAGE][NOT_RUN] - NOT_RUN: closeBrowser

2018-07-09 20:35:53 - [TEST_STEP][PASSED] - Start listener action : afterTestCase: Invoke 'com.kms.katalon.core.annotation.AfterTestCase' method: 'BaseTest.afterTestCase(...)' completed.]]></system-out>
         <system-err><![CDATA[]]></system-err>
      </testcase>
      <system-out><![CDATA[2018-07-09 20:35:17 - [TEST_SUITE][PASSED] - Test_Suit: Test Cases/Kms_Tests/Languages/En/Item_Creation/Create_Briefing_Online_Test_En]]></system-out>
      <system-err><![CDATA[]]></system-err>
   </testsuite>
</testsuites>
