<?xml version="1.0" encoding="UTF-8"?>
<testsuites name="briefing" time="81" tests="0" failures="1" errors="0">
   <testsuite name="briefing" tests="0" failures="1" errors="0" time="81" timestamp="2018-07-17 16:37:36" hostname="fed86 - DESKTOP-UNNJGJG" id="Test Suites/briefing">
      <properties>
         <property name="deviceName" value=""/>
         <property name="devicePlatform" value=""/>
         <property name="logFolder" value="D:\\kms_katalon\\kms_katalon_tests\\katalonGitTest\\Reports\\briefing\\20180717_163539"/>
         <property name="logFiles" value="D:\\kms_katalon\\kms_katalon_tests\\katalonGitTest\\Reports\\briefing\\20180717_163539\\execution0.log"/>
         <property name="attachments" value="D:\\kms_katalon\\kms_katalon_tests\\katalonGitTest\\Reports\\briefing\\20180717_163539\\Reports/FIREFOX_DRIVER/Unable_to_click_on_object_'a_last_folder_in_cm_tree'_(Root_cause__org.openqa.selenium.ElementClickInterceptedException__Element__li_class=_dynatree-lastsib___is_not_clickable_at_point_(90,474)_because_another_element__di.png, D:\\kms_katalon\\kms_katalon_tests\\katalonGitTest\\Reports\\briefing\\20180717_163539\\Reports/FIREFOX_DRIVER/Unable_to_click_on_object_'a_last_folder_in_cm_tree'_(Root_cause__org.openqa.selenium.ElementClickInterceptedException__Element__li_class=_dynatree-lastsib___is_not_clickable_at_point_(90,474)_because_another_element__di.png, D:\\kms_katalon\\kms_katalon_tests\\katalonGitTest\\Reports\\briefing\\20180717_163539\\Reports/FIREFOX_DRIVER/Unable_to_click_on_object_'a_last_folder_in_cm_tree'_(Root_cause__org.openqa.selenium.ElementClickInterceptedException__Element__li_class=_dynatree-lastsib___is_not_clickable_at_point_(90,474)_because_another_element__di.png"/>
         <property name="hostName" value="fed86 - DESKTOP-UNNJGJG"/>
         <property name="os" value="Windows 10 64bit"/>
         <property name="katalonVersion" value="5.5.0.1"/>
         <property name="browser" value="Firefox 61.0"/>
         <property name="hostAddress" value="10.44.1.145"/>
         <property name="sessionId" value="94bb33ee-411c-4b64-8108-c79cbb1bae0f"/>
         <property name="seleniumVersion" value="3.7.1"/>
         <property name="proxyInformation" value="ProxyInformation{proxyOption=NO_PROXY, proxyServerType=HTTP, password=, proxyServerAddress=, proxyServerPort=0}"/>
         <property name="platform" value="Windows 10"/>
      </properties>
      <testcase name="Test Cases/Kms_Tests/Languages/En/Item_Creation/Create_briefing_Test_En" classname="Test Cases/Kms_Tests/Languages/En/Item_Creation/Create_briefing_Test_En" status="FAILED">
         <failure type="FAILED" message="Unable to verify equal between actual object '28' and expected object '29' (Root cause: Actual object '28' and expected object '29' are not equal)"/>
         <system-out><![CDATA[2018-07-17 16:37:37 - [TEST_CASE][FAILED] - Test Cases/Kms_Tests/Languages/En/Item_Creation/Create_briefing_Test_En: Test Cases/Kms_Tests/Languages/En/Item_Creation/Create_briefing_Test_En FAILED because (of) Unable to verify equal between actual object '28' and expected object '29' (Root cause: Actual object '28' and expected object '29' are not equal)

2018-07-17 16:37:37 - [TEST_STEP][PASSED] - Start listener action : beforeTestCase: Viewport is set to new size with width = 1400 and height = 1000

2018-07-17 16:37:37 - [TEST_STEP][PASSED] - Statement - com.kms.katalon.core.util.KeywordUtil.markWarning("Before Test case : " + testCase.getTestCaseId()): Before Test case : Test Cases/Kms_Tests/Languages/En/Item_Creation/Create_briefing_Test_En

2018-07-17 16:37:37 - [MESSAGE][WARNING] - Before Test case : Test Cases/Kms_Tests/Languages/En/Item_Creation/Create_briefing_Test_En

2018-07-17 16:37:37 - [TEST_STEP][PASSED] - Statement - instance: Viewport is set to new size with width = 1400 and height = 1000

2018-07-17 16:37:37 - [MESSAGE][WARNING] - Unable to get the url of the current window (Root cause: com.kms.katalon.core.webui.exception.BrowserNotOpenedException: Browser is not opened
Build info: version: '3.7.1', revision: '8a0099a', time: '2017-11-06T21:07:36.161Z'
System info: host: 'DESKTOP-UNNJGJG', ip: '10.44.1.145', os.name: 'Windows 10', os.arch: 'amd64', os.version: '10.0', java.version: '1.8.0_102'
Driver info: driver.version: unknown)

2018-07-17 16:37:43 - [MESSAGE][PASSED] - Browser is opened with url: 'http://kmsqa3:501/kms/lh/login'

2018-07-17 16:37:43 - [MESSAGE][PASSED] - Viewport is set to new size with width = 1400 and height = 1000

2018-07-17 16:37:43 - [TEST_STEP][PASSED] - Statement - com.system.RolesHelper.getCm_En()._Login_En(): Call Test Case 'Test Cases/LogIn_Tests/Languages/En/Login_Content_Manager_En_Test' successfully

2018-07-17 16:37:43 - [TEST_CASE][PASSED] - Test Cases/LogIn_Tests/Languages/En/Login_Content_Manager_En_Test: Test Cases/LogIn_Tests/Languages/En/Login_Content_Manager_En_Test

2018-07-17 16:37:43 - [TEST_STEP][PASSED] - Statement - com.system.RolesHelper.getCm_En().getLoginPage()._fill_UserName_Password(): Text 'admin' is set on object 'password_txt'

2018-07-17 16:37:43 - [MESSAGE][PASSED] - Object 'Object Repository/Login_Page_OR/Visual/pass_Logo' is visible

2018-07-17 16:37:43 - [MESSAGE][PASSED] - Object 'Object Repository/Login_Page_OR/Visual/userName_Logo' is visible

2018-07-17 16:37:43 - [MESSAGE][PASSED] - Object 'span_userName' is visible

2018-07-17 16:37:43 - [MESSAGE][PASSED] - Object 'span_password' is visible

2018-07-17 16:37:44 - [MESSAGE][PASSED] - Object 'userName_txt' is visible

2018-07-17 16:37:44 - [MESSAGE][PASSED] - Text of object 'userName_txt' is cleared

2018-07-17 16:37:44 - [MESSAGE][PASSED] - Text 'admin' is set on object 'userName_txt'

2018-07-17 16:37:44 - [MESSAGE][PASSED] - Object 'password_txt' is visible

2018-07-17 16:37:44 - [MESSAGE][PASSED] - Text of object 'password_txt' is cleared

2018-07-17 16:37:44 - [MESSAGE][PASSED] - Text 'admin' is set on object 'password_txt'

2018-07-17 16:37:44 - [TEST_STEP][PASSED] - Statement - com.system.RolesHelper.getCm_En().getLoginPage()._click_chooseLanguage(): Object: 'link_lang' is clicked on

2018-07-17 16:37:44 - [MESSAGE][PASSED] - Text of object 'link_change_lang' is: 'Change Language'

2018-07-17 16:37:44 - [MESSAGE][PASSED] - Actual object 'true' and expected object 'true' are equal

2018-07-17 16:37:44 - [MESSAGE][WARNING] - Comparing Change Language texts : true

2018-07-17 16:37:44 - [MESSAGE][PASSED] - Object 'link_change_lang' is visible

2018-07-17 16:37:44 - [MESSAGE][PASSED] - Object: 'link_change_lang' is clicked on

2018-07-17 16:37:44 - [MESSAGE][PASSED] - Object 'caret_lang' is visible

2018-07-17 16:37:44 - [MESSAGE][PASSED] - Object: 'caret_lang' is clicked on

2018-07-17 16:37:44 - [MESSAGE][PASSED] - Text of object 'link_lang' is: 'English'

2018-07-17 16:37:44 - [MESSAGE][PASSED] - Actual object 'true' and expected object 'true' are equal

2018-07-17 16:37:44 - [MESSAGE][WARNING] - Comparing English texts : true

2018-07-17 16:37:44 - [MESSAGE][PASSED] - Object 'link_lang' is visible

2018-07-17 16:37:44 - [MESSAGE][PASSED] - Object: 'link_lang' is clicked on

2018-07-17 16:37:44 - [TEST_STEP][PASSED] - Comment - "verify visual login form": null

2018-07-17 16:37:44 - [TEST_STEP][PASSED] - Statement - com.system.RolesHelper.getCm_En().getLoginPage()._click_LogIn_With_UserName_And_Password(): Object: 'auth_Login_button' is clicked on

2018-07-17 16:37:44 - [MESSAGE][PASSED] - Text of object 'auth_Login_button' is: 'LOGIN'

2018-07-17 16:37:44 - [MESSAGE][PASSED] - Actual object 'true' and expected object 'true' are equal

2018-07-17 16:37:44 - [MESSAGE][WARNING] - Comparing LOGIN texts : true

2018-07-17 16:37:44 - [MESSAGE][PASSED] - Object 'auth_Login_button' is visible

2018-07-17 16:37:45 - [MESSAGE][PASSED] - Object: 'auth_Login_button' is clicked on

2018-07-17 16:37:45 - [TEST_STEP][PASSED] - Statement - com.system.RolesHelper.getCm_En().getLoginPage()._select_View(): Object: 'link_role' is clicked on

2018-07-17 16:37:45 - [MESSAGE][PASSED] - Text of object 'title_layout' is: 'CHOOSE A LAYOUT'

2018-07-17 16:37:45 - [MESSAGE][PASSED] - Actual object 'true' and expected object 'true' are equal

2018-07-17 16:37:45 - [MESSAGE][WARNING] - Comparing CHOOSE A LAYOUT texts : true

2018-07-17 16:37:45 - [MESSAGE][PASSED] - Object 'dropDown_roles' is visible

2018-07-17 16:37:45 - [MESSAGE][PASSED] - Object: 'dropDown_roles' is clicked on

2018-07-17 16:37:45 - [MESSAGE][PASSED] - Text of object 'link_role' is: 'Content Manager'

2018-07-17 16:37:45 - [MESSAGE][PASSED] - Actual object 'true' and expected object 'true' are equal

2018-07-17 16:37:45 - [MESSAGE][WARNING] - Comparing Content Manager texts : true

2018-07-17 16:37:45 - [MESSAGE][PASSED] - Object 'link_role' is visible

2018-07-17 16:37:46 - [MESSAGE][PASSED] - Object: 'link_role' is clicked on

2018-07-17 16:37:46 - [TEST_STEP][PASSED] - Comment - "verify visual chosing role form": null

2018-07-17 16:37:46 - [TEST_STEP][PASSED] - Statement - com.system.RolesHelper.getCm_En().getLoginPage()._Enter_to_Kms(): Keys 'ENTER + ' sent to object: 'login_Kms_button'

2018-07-17 16:37:46 - [MESSAGE][PASSED] - Text of object 'login_Kms_button' is: 'LOGIN'

2018-07-17 16:37:46 - [MESSAGE][PASSED] - Actual object 'true' and expected object 'true' are equal

2018-07-17 16:37:46 - [MESSAGE][WARNING] - Comparing LOGIN texts : true

2018-07-17 16:37:46 - [MESSAGE][PASSED] - Object 'login_Kms_button' is visible

2018-07-17 16:37:46 - [MESSAGE][PASSED] - Keys 'ENTER + ' sent to object: 'login_Kms_button'

2018-07-17 16:37:46 - [MESSAGE][PASSED] - Call Test Case 'Test Cases/LogIn_Tests/Languages/En/Login_Content_Manager_En_Test' successfully

2018-07-17 16:37:46 - [TEST_STEP][PASSED] - Statement - com.system.RolesHelper.getCm_En().getSide_Bar()._click_upper_button_create_item(): Object: 'btn_create_new_item' is clicked on

2018-07-17 16:37:51 - [MESSAGE][PASSED] - Object 'progress' is present

2018-07-17 16:37:52 - [MESSAGE][WARNING] - Object 'progress' is visible after 1 second(s)

2018-07-17 16:37:53 - [MESSAGE][PASSED] - Delayed 1 second(s)

2018-07-17 16:37:54 - [MESSAGE][WARNING] - Object 'progress' is visible after 1 second(s)

2018-07-17 16:37:55 - [MESSAGE][PASSED] - Delayed 1 second(s)

2018-07-17 16:37:56 - [MESSAGE][WARNING] - Object 'progress' is visible after 1 second(s)

2018-07-17 16:37:57 - [MESSAGE][PASSED] - Delayed 1 second(s)

2018-07-17 16:37:58 - [MESSAGE][WARNING] - Object 'progress' is visible after 1 second(s)

2018-07-17 16:37:59 - [MESSAGE][PASSED] - Delayed 1 second(s)

2018-07-17 16:38:00 - [MESSAGE][WARNING] - Object 'progress' is visible after 1 second(s)

2018-07-17 16:38:01 - [MESSAGE][PASSED] - Delayed 1 second(s)

2018-07-17 16:38:02 - [MESSAGE][WARNING] - Object 'progress' is visible after 1 second(s)

2018-07-17 16:38:04 - [MESSAGE][PASSED] - Delayed 1 second(s)

2018-07-17 16:38:04 - [MESSAGE][PASSED] - Object 'progress' is NOT visible

2018-07-17 16:38:04 - [MESSAGE][PASSED] - Text of object 'btn_create_new_item' is: 'Create New Item'

2018-07-17 16:38:04 - [MESSAGE][PASSED] - Actual object 'true' and expected object 'true' are equal

2018-07-17 16:38:04 - [MESSAGE][WARNING] - Comparing Create New Item texts : true

2018-07-17 16:38:04 - [MESSAGE][PASSED] - Object 'btn_create_new_item' is visible

2018-07-17 16:38:04 - [MESSAGE][PASSED] - Object: 'btn_create_new_item' is hovered

2018-07-17 16:38:04 - [MESSAGE][PASSED] - Object: 'btn_create_new_item' is clicked on

2018-07-17 16:38:04 - [TEST_STEP][PASSED] - Statement - com.system.RolesHelper.getCm_En().getBriefing()._choose_Template_By_Typing(): Object: 'btn_ok_create_template' is clicked on

2018-07-17 16:38:05 - [MESSAGE][PASSED] - Delayed 1 second(s)

2018-07-17 16:38:05 - [MESSAGE][PASSED] - Object 'progress' is present

2018-07-17 16:38:05 - [MESSAGE][PASSED] - Object 'progress' is NOT visible

2018-07-17 16:38:05 - [MESSAGE][PASSED] - Object 'txt_create_item_template' is visible

2018-07-17 16:38:05 - [MESSAGE][PASSED] - Object: 'txt_create_item_template' is clicked on

2018-07-17 16:38:06 - [MESSAGE][PASSED] - Delayed 1 second(s)

2018-07-17 16:38:06 - [MESSAGE][PASSED] - Object 'progress' is present

2018-07-17 16:38:06 - [MESSAGE][PASSED] - Object 'progress' is NOT visible

2018-07-17 16:38:06 - [MESSAGE][PASSED] - Object 'txt_create_item_template' is visible

2018-07-17 16:38:06 - [MESSAGE][PASSED] - Text of object 'txt_create_item_template' is cleared

2018-07-17 16:38:06 - [MESSAGE][PASSED] - Text 'Briefing' is set on object 'txt_create_item_template'

2018-07-17 16:38:06 - [MESSAGE][PASSED] - Object 'progress' is present

2018-07-17 16:38:06 - [MESSAGE][PASSED] - Object 'progress' is NOT visible

2018-07-17 16:38:06 - [MESSAGE][PASSED] - Text of object 'btn_ok_create_template' is: 'Ok'

2018-07-17 16:38:06 - [MESSAGE][PASSED] - Actual object 'true' and expected object 'true' are equal

2018-07-17 16:38:06 - [MESSAGE][WARNING] - Comparing Ok texts : true

2018-07-17 16:38:06 - [MESSAGE][PASSED] - Object 'btn_ok_create_template' is visible

2018-07-17 16:38:07 - [MESSAGE][PASSED] - Object: 'btn_ok_create_template' is clicked on

2018-07-17 16:38:07 - [TEST_STEP][PASSED] - Statement - com.system.RolesHelper.getCm_En().getBriefing().getItem_property_tab_Briefing()._fill_property_tab(): Object: 'rbtn_signature_yes' is clicked on

2018-07-17 16:38:08 - [MESSAGE][PASSED] - Delayed 1 second(s)

2018-07-17 16:38:08 - [MESSAGE][PASSED] - Object 'progress' is present

2018-07-17 16:38:09 - [MESSAGE][WARNING] - Object 'progress' is visible after 1 second(s)

2018-07-17 16:38:10 - [MESSAGE][PASSED] - Delayed 1 second(s)

2018-07-17 16:38:11 - [MESSAGE][WARNING] - Object 'progress' is visible after 1 second(s)

2018-07-17 16:38:12 - [MESSAGE][PASSED] - Delayed 1 second(s)

2018-07-17 16:38:13 - [MESSAGE][PASSED] - Object 'progress' is NOT visible

2018-07-17 16:38:13 - [MESSAGE][PASSED] - Browser is scrolled to position x = 0, y = 0

2018-07-17 16:38:13 - [MESSAGE][PASSED] - Text of object 'a_Item_Properties' is: 'Item Properties'

2018-07-17 16:38:13 - [MESSAGE][PASSED] - Actual object 'true' and expected object 'true' are equal

2018-07-17 16:38:13 - [MESSAGE][WARNING] - Comparing Item Properties texts : true

2018-07-17 16:38:13 - [MESSAGE][PASSED] - Object 'a_Item_Properties' is visible

2018-07-17 16:38:13 - [MESSAGE][PASSED] - Object: 'a_Item_Properties' is clicked on

2018-07-17 16:38:14 - [MESSAGE][PASSED] - Delayed 1 second(s)

2018-07-17 16:38:15 - [MESSAGE][PASSED] - Object: 'a_Item_Properties' is clicked on

2018-07-17 16:38:15 - [MESSAGE][PASSED] - Object 'progress' is present

2018-07-17 16:38:15 - [MESSAGE][PASSED] - Object 'progress' is NOT visible

2018-07-17 16:38:15 - [MESSAGE][PASSED] - Browser is scrolled to position x = 0, y = 0

2018-07-17 16:38:15 - [MESSAGE][PASSED] - Object 'lbl_itemType' is visible

2018-07-17 16:38:15 - [MESSAGE][PASSED] - Text of object 'lbl_itemType' is: 'Briefing'

2018-07-17 16:38:15 - [MESSAGE][PASSED] - Object 'progress' is present

2018-07-17 16:38:15 - [MESSAGE][PASSED] - Object 'progress' is NOT visible

2018-07-17 16:38:15 - [MESSAGE][PASSED] - Browser is scrolled to position x = 0, y = 0

2018-07-17 16:38:15 - [MESSAGE][PASSED] - Object 'lbl_update_date' is visible

2018-07-17 16:38:15 - [MESSAGE][PASSED] - Text of object 'lbl_update_date' is: '17/07/2018 16:37:38 PM'

2018-07-17 16:38:16 - [MESSAGE][PASSED] - Delayed 1 second(s)

2018-07-17 16:38:16 - [MESSAGE][PASSED] - Actual object 'briefing' and expected object 'briefing' are equal

2018-07-17 16:38:17 - [MESSAGE][PASSED] - Delayed 1 second(s)

2018-07-17 16:38:17 - [MESSAGE][PASSED] - Actual object '17/07/2018' and expected object '17/07/2018' are equal

2018-07-17 16:38:17 - [MESSAGE][PASSED] - Object 'progress' is present

2018-07-17 16:38:17 - [MESSAGE][PASSED] - Object 'progress' is NOT visible

2018-07-17 16:38:17 - [MESSAGE][PASSED] - Browser is scrolled to position x = 0, y = 0

2018-07-17 16:38:17 - [MESSAGE][PASSED] - Object 'lbl_itemId' is visible

2018-07-17 16:38:17 - [MESSAGE][PASSED] - Text of object 'lbl_itemId' is: '3673'

2018-07-17 16:38:17 - [MESSAGE][PASSED] - Object 'progress' is present

2018-07-17 16:38:17 - [MESSAGE][PASSED] - Object 'progress' is NOT visible

2018-07-17 16:38:17 - [MESSAGE][PASSED] - Browser is scrolled to position x = 0, y = 0

2018-07-17 16:38:17 - [MESSAGE][PASSED] - Object 'div_itemTitleForEdit' is visible

2018-07-17 16:38:17 - [MESSAGE][PASSED] - Object: 'div_itemTitleForEdit' is clicked on

2018-07-17 16:38:18 - [MESSAGE][PASSED] - Delayed 1 second(s)

2018-07-17 16:38:18 - [MESSAGE][PASSED] - Object: 'div_itemTitleForEdit' is clicked on

2018-07-17 16:38:18 - [MESSAGE][PASSED] - Object 'progress' is present

2018-07-17 16:38:18 - [MESSAGE][PASSED] - Object 'progress' is NOT visible

2018-07-17 16:38:18 - [MESSAGE][PASSED] - Browser is scrolled to position x = 0, y = 0

2018-07-17 16:38:19 - [MESSAGE][PASSED] - Object 'txt_itemTitleForEdit' is visible

2018-07-17 16:38:19 - [MESSAGE][PASSED] - Object 'progress' is present

2018-07-17 16:38:19 - [MESSAGE][PASSED] - Object 'progress' is NOT visible

2018-07-17 16:38:19 - [MESSAGE][PASSED] - Browser is scrolled to position x = 0, y = 0

2018-07-17 16:38:19 - [MESSAGE][PASSED] - Object 'txt_itemTitleForEdit' is visible

2018-07-17 16:38:19 - [MESSAGE][PASSED] - Object 'progress' is present

2018-07-17 16:38:19 - [MESSAGE][PASSED] - Object 'progress' is NOT visible

2018-07-17 16:38:19 - [MESSAGE][PASSED] - Browser is scrolled to position x = 0, y = 0

2018-07-17 16:38:19 - [MESSAGE][PASSED] - Object 'txt_itemTitleForEdit' is visible

2018-07-17 16:38:19 - [MESSAGE][PASSED] - Object 'progress' is present

2018-07-17 16:38:19 - [MESSAGE][PASSED] - Object 'progress' is NOT visible

2018-07-17 16:38:19 - [MESSAGE][PASSED] - Browser is scrolled to position x = 0, y = 0

2018-07-17 16:38:19 - [MESSAGE][PASSED] - Object 'txt_itemTitleForEdit' is visible

2018-07-17 16:38:19 - [MESSAGE][PASSED] - Keys 'item_Briefing_3673' sent to object: 'txt_itemTitleForEdit'

2018-07-17 16:38:19 - [MESSAGE][PASSED] - Object 'progress' is present

2018-07-17 16:38:19 - [MESSAGE][PASSED] - Object 'progress' is NOT visible

2018-07-17 16:38:19 - [MESSAGE][PASSED] - Browser is scrolled to position x = 0, y = 0

2018-07-17 16:38:19 - [MESSAGE][PASSED] - Object 'div_ShortDescriptionEdit' is visible

2018-07-17 16:38:19 - [MESSAGE][PASSED] - Object: 'div_ShortDescriptionEdit' is clicked on

2018-07-17 16:38:20 - [MESSAGE][PASSED] - Delayed 1 second(s)

2018-07-17 16:38:20 - [MESSAGE][PASSED] - Object: 'div_ShortDescriptionEdit' is clicked on

2018-07-17 16:38:20 - [MESSAGE][PASSED] - Object 'progress' is present

2018-07-17 16:38:20 - [MESSAGE][PASSED] - Object 'progress' is NOT visible

2018-07-17 16:38:20 - [MESSAGE][PASSED] - Browser is scrolled to position x = 0, y = 0

2018-07-17 16:38:20 - [MESSAGE][PASSED] - Object 'textarea_descriptionEdit' is visible

2018-07-17 16:38:20 - [MESSAGE][PASSED] - Object 'progress' is present

2018-07-17 16:38:20 - [MESSAGE][PASSED] - Object 'progress' is NOT visible

2018-07-17 16:38:20 - [MESSAGE][PASSED] - Browser is scrolled to position x = 0, y = 0

2018-07-17 16:38:20 - [MESSAGE][PASSED] - Object 'textarea_descriptionEdit' is visible

2018-07-17 16:38:20 - [MESSAGE][PASSED] - Object 'progress' is present

2018-07-17 16:38:20 - [MESSAGE][PASSED] - Object 'progress' is NOT visible

2018-07-17 16:38:20 - [MESSAGE][PASSED] - Browser is scrolled to position x = 0, y = 0

2018-07-17 16:38:21 - [MESSAGE][PASSED] - Object 'textarea_descriptionEdit' is visible

2018-07-17 16:38:21 - [MESSAGE][PASSED] - Object 'progress' is present

2018-07-17 16:38:21 - [MESSAGE][PASSED] - Object 'progress' is NOT visible

2018-07-17 16:38:21 - [MESSAGE][PASSED] - Browser is scrolled to position x = 0, y = 0

2018-07-17 16:38:21 - [MESSAGE][PASSED] - Object 'textarea_descriptionEdit' is visible

2018-07-17 16:38:21 - [MESSAGE][PASSED] - Keys 'short _description fed' sent to object: 'textarea_descriptionEdit'

2018-07-17 16:38:21 - [MESSAGE][PASSED] - Object 'progress' is present

2018-07-17 16:38:21 - [MESSAGE][PASSED] - Object 'progress' is NOT visible

2018-07-17 16:38:21 - [MESSAGE][PASSED] - Browser is scrolled to position x = 0, y = 249

2018-07-17 16:38:21 - [MESSAGE][PASSED] - Object 'select_status_from' is visible

2018-07-17 16:38:21 - [MESSAGE][PASSED] - All options with index in [1] are selected on object 'select_status_from'

2018-07-17 16:38:21 - [MESSAGE][PASSED] - Object 'progress' is present

2018-07-17 16:38:21 - [MESSAGE][PASSED] - Object 'progress' is NOT visible

2018-07-17 16:38:21 - [MESSAGE][PASSED] - Browser is scrolled to position x = 0, y = 0

2018-07-17 16:38:21 - [MESSAGE][PASSED] - Object 'txt_ST_DATE_FROM' is visible

2018-07-17 16:38:21 - [MESSAGE][PASSED] - Text of object 'txt_ST_DATE_FROM' is cleared

2018-07-17 16:38:21 - [MESSAGE][PASSED] - Text '04/07/2018 04:38:21' is set on object 'txt_ST_DATE_FROM'

2018-07-17 16:38:21 - [MESSAGE][PASSED] - Object 'progress' is present

2018-07-17 16:38:21 - [MESSAGE][PASSED] - Object 'progress' is NOT visible

2018-07-17 16:38:21 - [MESSAGE][PASSED] - Browser is scrolled to position x = 0, y = 0

2018-07-17 16:38:22 - [MESSAGE][PASSED] - Object 'txt_ST_DATE_FROM' is visible

2018-07-17 16:38:22 - [MESSAGE][PASSED] - Keys 'ESCAPE + ' sent to object: 'txt_ST_DATE_FROM'

2018-07-17 16:38:22 - [MESSAGE][PASSED] - Object 'progress' is present

2018-07-17 16:38:22 - [MESSAGE][PASSED] - Object 'progress' is NOT visible

2018-07-17 16:38:22 - [MESSAGE][PASSED] - Browser is scrolled to position x = 0, y = 207

2018-07-17 16:38:22 - [MESSAGE][PASSED] - Object 'select_status_to' is visible

2018-07-17 16:38:22 - [MESSAGE][PASSED] - All options with index in [3] are selected on object 'select_status_to'

2018-07-17 16:38:22 - [MESSAGE][PASSED] - Object 'progress' is present

2018-07-17 16:38:22 - [MESSAGE][PASSED] - Object 'progress' is NOT visible

2018-07-17 16:38:22 - [MESSAGE][PASSED] - Browser is scrolled to position x = 0, y = 207

2018-07-17 16:38:22 - [MESSAGE][PASSED] - Object 'txt_STATUS_DATE_TO' is visible

2018-07-17 16:38:22 - [MESSAGE][PASSED] - Text of object 'txt_STATUS_DATE_TO' is cleared

2018-07-17 16:38:22 - [MESSAGE][PASSED] - Text '05/07/2018 04:38:22' is set on object 'txt_STATUS_DATE_TO'

2018-07-17 16:38:22 - [MESSAGE][PASSED] - Object 'progress' is present

2018-07-17 16:38:22 - [MESSAGE][PASSED] - Object 'progress' is NOT visible

2018-07-17 16:38:22 - [MESSAGE][PASSED] - Browser is scrolled to position x = 0, y = 207

2018-07-17 16:38:22 - [MESSAGE][PASSED] - Object 'txt_STATUS_DATE_TO' is visible

2018-07-17 16:38:22 - [MESSAGE][PASSED] - Keys 'ESCAPE + ' sent to object: 'txt_STATUS_DATE_TO'

2018-07-17 16:38:22 - [MESSAGE][PASSED] - Object 'progress' is present

2018-07-17 16:38:22 - [MESSAGE][PASSED] - Object 'progress' is NOT visible

2018-07-17 16:38:22 - [MESSAGE][PASSED] - Browser is scrolled to position x = 0, y = 299

2018-07-17 16:38:22 - [MESSAGE][PASSED] - Object 'checkbox_active_ver' is visible

2018-07-17 16:38:22 - [MESSAGE][PASSED] - Object: 'checkbox_active_ver' is hovered

2018-07-17 16:38:23 - [MESSAGE][PASSED] - Object 'checkbox_active_ver' is checked

2018-07-17 16:38:23 - [MESSAGE][PASSED] - Object 'progress' is present

2018-07-17 16:38:23 - [MESSAGE][PASSED] - Object 'progress' is NOT visible

2018-07-17 16:38:23 - [MESSAGE][PASSED] - Browser is scrolled to position x = 0, y = 292

2018-07-17 16:38:23 - [MESSAGE][PASSED] - Object 'txt_act_date_from' is visible

2018-07-17 16:38:23 - [MESSAGE][PASSED] - Text of object 'txt_act_date_from' is cleared

2018-07-17 16:38:23 - [MESSAGE][PASSED] - Text '04/07/2018 04:38:23' is set on object 'txt_act_date_from'

2018-07-17 16:38:23 - [MESSAGE][PASSED] - Object 'progress' is present

2018-07-17 16:38:23 - [MESSAGE][PASSED] - Object 'progress' is NOT visible

2018-07-17 16:38:23 - [MESSAGE][PASSED] - Browser is scrolled to position x = 0, y = 292

2018-07-17 16:38:23 - [MESSAGE][PASSED] - Object 'txt_act_date_from' is visible

2018-07-17 16:38:23 - [MESSAGE][PASSED] - Keys 'ESCAPE + ' sent to object: 'txt_act_date_from'

2018-07-17 16:38:23 - [MESSAGE][PASSED] - Object 'progress' is present

2018-07-17 16:38:23 - [MESSAGE][PASSED] - Object 'progress' is NOT visible

2018-07-17 16:38:23 - [MESSAGE][PASSED] - Browser is scrolled to position x = 0, y = 387

2018-07-17 16:38:23 - [MESSAGE][PASSED] - Object 'checkbox_print' is visible

2018-07-17 16:38:23 - [MESSAGE][PASSED] - Object: 'checkbox_print' is hovered

2018-07-17 16:38:23 - [MESSAGE][WARNING] - Object 'checkbox_print' is not checked

2018-07-17 16:38:23 - [MESSAGE][PASSED] - Object 'checkbox_print' is checked

2018-07-17 16:38:23 - [MESSAGE][PASSED] - Object 'progress' is present

2018-07-17 16:38:23 - [MESSAGE][PASSED] - Object 'progress' is NOT visible

2018-07-17 16:38:23 - [MESSAGE][PASSED] - Browser is scrolled to position x = 0, y = 387

2018-07-17 16:38:23 - [MESSAGE][PASSED] - Object 'checkbox_email' is visible

2018-07-17 16:38:24 - [MESSAGE][PASSED] - Object: 'checkbox_email' is hovered

2018-07-17 16:38:24 - [MESSAGE][WARNING] - Object 'checkbox_email' is not checked

2018-07-17 16:38:24 - [MESSAGE][PASSED] - Object 'checkbox_email' is checked

2018-07-17 16:38:24 - [MESSAGE][PASSED] - Object 'progress' is present

2018-07-17 16:38:24 - [MESSAGE][PASSED] - Object 'progress' is NOT visible

2018-07-17 16:38:24 - [MESSAGE][PASSED] - Browser is scrolled to position x = 0, y = 387

2018-07-17 16:38:24 - [MESSAGE][PASSED] - Object 'checkbox_feedback' is visible

2018-07-17 16:38:24 - [MESSAGE][PASSED] - Object: 'checkbox_feedback' is hovered

2018-07-17 16:38:24 - [MESSAGE][PASSED] - Object 'checkbox_feedback' is checked

2018-07-17 16:38:24 - [MESSAGE][PASSED] - Object 'progress' is present

2018-07-17 16:38:24 - [MESSAGE][PASSED] - Object 'progress' is NOT visible

2018-07-17 16:38:24 - [MESSAGE][PASSED] - Browser is scrolled to position x = 0, y = 387

2018-07-17 16:38:24 - [MESSAGE][PASSED] - Object 'checkbox_bookmarks' is visible

2018-07-17 16:38:24 - [MESSAGE][PASSED] - Object: 'checkbox_bookmarks' is hovered

2018-07-17 16:38:24 - [MESSAGE][WARNING] - Object 'checkbox_bookmarks' is not checked

2018-07-17 16:38:24 - [MESSAGE][PASSED] - Object 'checkbox_bookmarks' is checked

2018-07-17 16:38:24 - [MESSAGE][PASSED] - Object 'progress' is present

2018-07-17 16:38:24 - [MESSAGE][PASSED] - Object 'progress' is NOT visible

2018-07-17 16:38:25 - [MESSAGE][PASSED] - Browser is scrolled to position x = 0, y = 387

2018-07-17 16:38:25 - [MESSAGE][PASSED] - Object 'checkbox_fax' is visible

2018-07-17 16:38:25 - [MESSAGE][PASSED] - Object: 'checkbox_fax' is hovered

2018-07-17 16:38:25 - [MESSAGE][WARNING] - Object 'checkbox_fax' is not checked

2018-07-17 16:38:25 - [MESSAGE][PASSED] - Object 'checkbox_fax' is checked

2018-07-17 16:38:25 - [MESSAGE][PASSED] - Object 'progress' is present

2018-07-17 16:38:25 - [MESSAGE][PASSED] - Object 'progress' is NOT visible

2018-07-17 16:38:25 - [MESSAGE][PASSED] - Browser is scrolled to position x = 0, y = 387

2018-07-17 16:38:25 - [MESSAGE][PASSED] - Object 'checkbox_search' is visible

2018-07-17 16:38:25 - [MESSAGE][PASSED] - Object: 'checkbox_search' is hovered

2018-07-17 16:38:25 - [MESSAGE][PASSED] - Object 'checkbox_search' is checked

2018-07-17 16:38:25 - [MESSAGE][PASSED] - Object 'progress' is present

2018-07-17 16:38:25 - [MESSAGE][PASSED] - Object 'progress' is NOT visible

2018-07-17 16:38:25 - [MESSAGE][PASSED] - Browser is scrolled to position x = 0, y = 387

2018-07-17 16:38:25 - [MESSAGE][PASSED] - Object 'checkbox_hit' is visible

2018-07-17 16:38:25 - [MESSAGE][PASSED] - Object: 'checkbox_hit' is hovered

2018-07-17 16:38:25 - [MESSAGE][PASSED] - Object 'checkbox_hit' is checked

2018-07-17 16:38:25 - [MESSAGE][PASSED] - Object 'progress' is present

2018-07-17 16:38:25 - [MESSAGE][PASSED] - Object 'progress' is NOT visible

2018-07-17 16:38:25 - [MESSAGE][PASSED] - Browser is scrolled to position x = 0, y = 639

2018-07-17 16:38:25 - [MESSAGE][PASSED] - Object 'chkbx_add_homepage' is visible

2018-07-17 16:38:26 - [MESSAGE][PASSED] - Object: 'chkbx_add_homepage' is hovered

2018-07-17 16:38:26 - [MESSAGE][WARNING] - Object 'chkbx_add_homepage' is not checked

2018-07-17 16:38:26 - [MESSAGE][PASSED] - Object 'chkbx_add_homepage' is checked

2018-07-17 16:38:26 - [MESSAGE][PASSED] - Object 'progress' is present

2018-07-17 16:38:26 - [MESSAGE][PASSED] - Object 'progress' is NOT visible

2018-07-17 16:38:26 - [MESSAGE][PASSED] - Browser is scrolled to position x = 0, y = 712

2018-07-17 16:38:26 - [MESSAGE][PASSED] - Object 'textarea_sms_desc' is visible

2018-07-17 16:38:26 - [MESSAGE][PASSED] - Keys ' sms_description ber' sent to object: 'textarea_sms_desc'

2018-07-17 16:38:26 - [MESSAGE][PASSED] - Object 'progress' is present

2018-07-17 16:38:26 - [MESSAGE][PASSED] - Object 'progress' is NOT visible

2018-07-17 16:38:26 - [MESSAGE][PASSED] - Browser is scrolled to position x = 0, y = 843

2018-07-17 16:38:26 - [MESSAGE][PASSED] - Object 'txt_promoted_words' is visible

2018-07-17 16:38:26 - [MESSAGE][PASSED] - Keys 'promo_words' sent to object: 'txt_promoted_words'

2018-07-17 16:38:27 - [MESSAGE][PASSED] - Keys 'ENTER + ' sent to object: 'txt_promoted_words'

2018-07-17 16:38:27 - [MESSAGE][PASSED] - Keys 'fed' sent to object: 'txt_promoted_words'

2018-07-17 16:38:27 - [MESSAGE][PASSED] - Keys 'ENTER + ' sent to object: 'txt_promoted_words'

2018-07-17 16:38:27 - [MESSAGE][PASSED] - Keys 'ber' sent to object: 'txt_promoted_words'

2018-07-17 16:38:27 - [MESSAGE][PASSED] - Keys 'ENTER + ' sent to object: 'txt_promoted_words'

2018-07-17 16:38:27 - [MESSAGE][PASSED] - Object 'progress' is present

2018-07-17 16:38:27 - [MESSAGE][PASSED] - Object 'progress' is NOT visible

2018-07-17 16:38:27 - [MESSAGE][PASSED] - Browser is scrolled to position x = 0, y = 561

2018-07-17 16:38:27 - [MESSAGE][PASSED] - Object 'rbtn_signature_yes' is visible

2018-07-17 16:38:27 - [MESSAGE][PASSED] - Object: 'rbtn_signature_yes' is hovered

2018-07-17 16:38:28 - [MESSAGE][PASSED] - Object: 'rbtn_signature_yes' is clicked on

2018-07-17 16:38:28 - [TEST_STEP][PASSED] - Statement - com.system.RolesHelper.getCm_En().getBriefing().getEdit_Tab()._choose_Date_Edit_Item(): Object: 'btn_Today' is clicked on

2018-07-17 16:38:28 - [MESSAGE][PASSED] - Object 'progress' is present

2018-07-17 16:38:28 - [MESSAGE][PASSED] - Object 'progress' is NOT visible

2018-07-17 16:38:28 - [MESSAGE][PASSED] - Browser is scrolled to position x = 0, y = 0

2018-07-17 16:38:28 - [MESSAGE][PASSED] - Text of object 'a_Edit_Tab' is: 'Edit Item'

2018-07-17 16:38:28 - [MESSAGE][PASSED] - Actual object 'true' and expected object 'true' are equal

2018-07-17 16:38:28 - [MESSAGE][WARNING] - Comparing Edit Item texts : true

2018-07-17 16:38:28 - [MESSAGE][PASSED] - Object 'a_Edit_Tab' is visible

2018-07-17 16:38:28 - [MESSAGE][PASSED] - Object: 'a_Edit_Tab' is clicked on

2018-07-17 16:38:29 - [MESSAGE][PASSED] - Delayed 1 second(s)

2018-07-17 16:38:29 - [MESSAGE][PASSED] - Object: 'a_Edit_Tab' is clicked on

2018-07-17 16:38:29 - [MESSAGE][PASSED] - Object 'progress' is present

2018-07-17 16:38:29 - [MESSAGE][PASSED] - Object 'progress' is NOT visible

2018-07-17 16:38:29 - [MESSAGE][PASSED] - Browser is scrolled to position x = 0, y = 0

2018-07-17 16:38:29 - [MESSAGE][PASSED] - Object 'txt_DATE_Edit_item' is visible

2018-07-17 16:38:30 - [MESSAGE][PASSED] - Object: 'txt_DATE_Edit_item' is hovered

2018-07-17 16:38:30 - [MESSAGE][PASSED] - Object: 'txt_DATE_Edit_item' is clicked on

2018-07-17 16:38:30 - [MESSAGE][PASSED] - Object 'progress' is present

2018-07-17 16:38:30 - [MESSAGE][PASSED] - Object 'progress' is NOT visible

2018-07-17 16:38:30 - [MESSAGE][PASSED] - Browser is scrolled to position x = 0, y = 0

2018-07-17 16:38:30 - [MESSAGE][PASSED] - Scroll to object 'btn_Today' successfully

2018-07-17 16:38:30 - [MESSAGE][PASSED] - Object: 'btn_Today' is hovered

2018-07-17 16:38:31 - [MESSAGE][PASSED] - Object: 'btn_Today' is clicked on

2018-07-17 16:38:31 - [TEST_STEP][PASSED] - Statement - com.system.RolesHelper.getCm_En().getBottom_Bar()._click_save_and_relocate_to_lastFolder(): Object: 'btn_saveAndRelocate' is clicked on

2018-07-17 16:38:31 - [MESSAGE][PASSED] - Object 'progress' is present

2018-07-17 16:38:31 - [MESSAGE][PASSED] - Object 'progress' is NOT visible

2018-07-17 16:38:31 - [MESSAGE][PASSED] - Object 'btn_saveAndRelocate' is visible

2018-07-17 16:38:31 - [MESSAGE][PASSED] - Object: 'btn_saveAndRelocate' is hovered

2018-07-17 16:38:31 - [MESSAGE][PASSED] - Object: 'btn_saveAndRelocate' is clicked on

2018-07-17 16:38:31 - [TEST_STEP][FAILED] - Statement - com.system.RolesHelper.getCm_En()._click_save_and_check_if_number_of_items_incremented_in_lastFolder(): Unable to verify equal between actual object '28' and expected object '29' (Root cause: Actual object '28' and expected object '29' are not equal)

2018-07-17 16:38:31 - [MESSAGE][PASSED] - Text of object 'a_last_folder_in_cm_tree' is: '[28]Folder 15'

2018-07-17 16:38:31 - [MESSAGE][PASSED] - Object 'progress' is present

2018-07-17 16:38:31 - [MESSAGE][PASSED] - Object 'progress' is NOT visible

2018-07-17 16:38:31 - [MESSAGE][PASSED] - Object 'a_choose_lastFolder_in_modal' is visible

2018-07-17 16:38:31 - [MESSAGE][PASSED] - Object: 'a_choose_lastFolder_in_modal' is hovered

2018-07-17 16:38:32 - [MESSAGE][PASSED] - Object: 'a_choose_lastFolder_in_modal' is clicked on

2018-07-17 16:38:32 - [MESSAGE][PASSED] - Object 'progress' is present

2018-07-17 16:38:32 - [MESSAGE][PASSED] - Object 'progress' is NOT visible

2018-07-17 16:38:32 - [MESSAGE][PASSED] - Object 'btn_save_in_last_folder' is visible

2018-07-17 16:38:32 - [MESSAGE][PASSED] - Object: 'btn_save_in_last_folder' is hovered

2018-07-17 16:38:32 - [MESSAGE][PASSED] - Object: 'btn_save_in_last_folder' is clicked on

2018-07-17 16:38:35 - [MESSAGE][PASSED] - Delayed 3 second(s)

2018-07-17 16:38:35 - [MESSAGE][PASSED] - Text of object 'a_last_folder_in_cm_tree' is: '[28]Folder 15'

2018-07-17 16:38:35 - [MESSAGE][FAILED] - Unable to verify equal between actual object '28' and expected object '29' (Root cause: Actual object '28' and expected object '29' are not equal)

2018-07-17 16:38:38 - [MESSAGE][PASSED] - Delayed 3 second(s)

2018-07-17 16:38:38 - [MESSAGE][PASSED] - Text of object 'a_last_folder_in_cm_tree' is: '[28]Folder 15'

2018-07-17 16:38:38 - [MESSAGE][FAILED] - Unable to verify equal between actual object '28' and expected object '29' (Root cause: Actual object '28' and expected object '29' are not equal)

2018-07-17 16:38:38 - [TEST_STEP][PASSED] - Statement - com.system.RolesHelper.getCm_En().getUpper_bar()._search_by_first_description_word(): null

2018-07-17 16:38:38 - [TEST_STEP][PASSED] - Statement - com.system.RolesHelper.getCm_En()._delete_all_created_items(): Taking screenshot successfully

2018-07-17 16:38:38 - [MESSAGE][PASSED] - Object 'progress' is present

2018-07-17 16:38:38 - [MESSAGE][PASSED] - Object 'progress' is NOT visible

2018-07-17 16:38:41 - [MESSAGE][WARNING] - Object 'a_item_in_last_folder' is not visible after 3 second(s)

2018-07-17 16:38:42 - [MESSAGE][PASSED] - Delayed 1 second(s)

2018-07-17 16:38:42 - [MESSAGE][PASSED] - Object 'progress' is present

2018-07-17 16:38:42 - [MESSAGE][PASSED] - Object 'progress' is NOT visible

2018-07-17 16:38:42 - [MESSAGE][PASSED] - Object 'a_last_folder_in_cm_tree' is visible

2018-07-17 16:38:42 - [MESSAGE][FAILED] - Unable to click on object 'a_last_folder_in_cm_tree' (Root cause: org.openqa.selenium.ElementClickInterceptedException: Element <li class="dynatree-lastsib"> is not clickable at point (90,474) because another element <div class="ui-widget-overlay"> obscures it
Build info: version: '3.7.1', revision: '8a0099a', time: '2017-11-06T21:07:36.161Z'
System info: host: 'DESKTOP-UNNJGJG', ip: '10.44.1.145', os.name: 'Windows 10', os.arch: 'amd64', os.version: '10.0', java.version: '1.8.0_102'
Driver info: com.kms.katalon.core.webui.driver.firefox.CGeckoDriver
Capabilities {acceptInsecureCerts: true, browserName: firefox, browserVersion: 61.0, javascriptEnabled: true, moz:accessibilityChecks: false, moz:headless: false, moz:processID: 6016, moz:profile: C:\Users\fed86\AppData\Loca..., moz:useNonSpecCompliantPointerOrigin: false, moz:webdriverClick: true, pageLoadStrategy: normal, platform: XP, platformName: XP, platformVersion: 10.0, proxy: Proxy(direct), rotatable: false, timeouts: {implicit: 0, pageLoad: 300000, script: 30000}}
Session ID: 94bb33ee-411c-4b64-8108-c79cbb1bae0f)

2018-07-17 16:38:42 - [MESSAGE][PASSED] - Scroll to object 'a_last_folder_in_cm_tree' successfully

2018-07-17 16:38:42 - [MESSAGE][FAILED] - Unable to click on object 'a_last_folder_in_cm_tree' (Root cause: org.openqa.selenium.ElementClickInterceptedException: Element <li class="dynatree-lastsib"> is not clickable at point (90,474) because another element <div class="ui-widget-overlay"> obscures it
Build info: version: '3.7.1', revision: '8a0099a', time: '2017-11-06T21:07:36.161Z'
System info: host: 'DESKTOP-UNNJGJG', ip: '10.44.1.145', os.name: 'Windows 10', os.arch: 'amd64', os.version: '10.0', java.version: '1.8.0_102'
Driver info: com.kms.katalon.core.webui.driver.firefox.CGeckoDriver
Capabilities {acceptInsecureCerts: true, browserName: firefox, browserVersion: 61.0, javascriptEnabled: true, moz:accessibilityChecks: false, moz:headless: false, moz:processID: 6016, moz:profile: C:\Users\fed86\AppData\Loca..., moz:useNonSpecCompliantPointerOrigin: false, moz:webdriverClick: true, pageLoadStrategy: normal, platform: XP, platformName: XP, platformVersion: 10.0, proxy: Proxy(direct), rotatable: false, timeouts: {implicit: 0, pageLoad: 300000, script: 30000}}
Session ID: 94bb33ee-411c-4b64-8108-c79cbb1bae0f)

2018-07-17 16:38:45 - [MESSAGE][PASSED] - Delayed 3 second(s)

2018-07-17 16:38:46 - [MESSAGE][PASSED] - Delayed 1 second(s)

2018-07-17 16:38:46 - [MESSAGE][PASSED] - Object 'progress' is present

2018-07-17 16:38:46 - [MESSAGE][PASSED] - Object 'progress' is NOT visible

2018-07-17 16:38:46 - [MESSAGE][PASSED] - Object 'a_last_folder_in_cm_tree' is visible

2018-07-17 16:38:46 - [MESSAGE][FAILED] - Unable to click on object 'a_last_folder_in_cm_tree' (Root cause: org.openqa.selenium.ElementClickInterceptedException: Element <li class="dynatree-lastsib"> is not clickable at point (90,474) because another element <div class="ui-widget-overlay"> obscures it
Build info: version: '3.7.1', revision: '8a0099a', time: '2017-11-06T21:07:36.161Z'
System info: host: 'DESKTOP-UNNJGJG', ip: '10.44.1.145', os.name: 'Windows 10', os.arch: 'amd64', os.version: '10.0', java.version: '1.8.0_102'
Driver info: com.kms.katalon.core.webui.driver.firefox.CGeckoDriver
Capabilities {acceptInsecureCerts: true, browserName: firefox, browserVersion: 61.0, javascriptEnabled: true, moz:accessibilityChecks: false, moz:headless: false, moz:processID: 6016, moz:profile: C:\Users\fed86\AppData\Loca..., moz:useNonSpecCompliantPointerOrigin: false, moz:webdriverClick: true, pageLoadStrategy: normal, platform: XP, platformName: XP, platformVersion: 10.0, proxy: Proxy(direct), rotatable: false, timeouts: {implicit: 0, pageLoad: 300000, script: 30000}}
Session ID: 94bb33ee-411c-4b64-8108-c79cbb1bae0f)

2018-07-17 16:38:46 - [MESSAGE][PASSED] - Scroll to object 'a_last_folder_in_cm_tree' successfully

2018-07-17 16:38:46 - [MESSAGE][FAILED] - Unable to click on object 'a_last_folder_in_cm_tree' (Root cause: org.openqa.selenium.ElementClickInterceptedException: Element <li class="dynatree-lastsib"> is not clickable at point (90,474) because another element <div class="ui-widget-overlay"> obscures it
Build info: version: '3.7.1', revision: '8a0099a', time: '2017-11-06T21:07:36.161Z'
System info: host: 'DESKTOP-UNNJGJG', ip: '10.44.1.145', os.name: 'Windows 10', os.arch: 'amd64', os.version: '10.0', java.version: '1.8.0_102'
Driver info: com.kms.katalon.core.webui.driver.firefox.CGeckoDriver
Capabilities {acceptInsecureCerts: true, browserName: firefox, browserVersion: 61.0, javascriptEnabled: true, moz:accessibilityChecks: false, moz:headless: false, moz:processID: 6016, moz:profile: C:\Users\fed86\AppData\Loca..., moz:useNonSpecCompliantPointerOrigin: false, moz:webdriverClick: true, pageLoadStrategy: normal, platform: XP, platformName: XP, platformVersion: 10.0, proxy: Proxy(direct), rotatable: false, timeouts: {implicit: 0, pageLoad: 300000, script: 30000}}
Session ID: 94bb33ee-411c-4b64-8108-c79cbb1bae0f)

2018-07-17 16:38:46 - [MESSAGE][PASSED] - Taking screenshot successfully
[[ATTACHMENT|D:\\kms_katalon\\kms_katalon_tests\\katalonGitTest\\Reports\\briefing\\20180717_163539\\Reports/FIREFOX_DRIVER/Unable_to_click_on_object_'a_last_folder_in_cm_tree'_(Root_cause__org.openqa.selenium.ElementClickInterceptedException__Element__li_class=_dynatree-lastsib___is_not_clickable_at_point_(90,474)_because_another_element__di.png]]

2018-07-17 16:38:49 - [MESSAGE][PASSED] - Delayed 3 second(s)

2018-07-17 16:38:49 - [MESSAGE][PASSED] - Object 'progress' is present

2018-07-17 16:38:49 - [MESSAGE][PASSED] - Object 'progress' is NOT visible

2018-07-17 16:38:52 - [MESSAGE][WARNING] - Object 'a_item_in_last_folder' is not visible after 3 second(s)

2018-07-17 16:38:53 - [MESSAGE][PASSED] - Delayed 1 second(s)

2018-07-17 16:38:53 - [MESSAGE][PASSED] - Object 'progress' is present

2018-07-17 16:38:53 - [MESSAGE][PASSED] - Object 'progress' is NOT visible

2018-07-17 16:38:53 - [MESSAGE][PASSED] - Object 'a_last_folder_in_cm_tree' is visible

2018-07-17 16:38:53 - [MESSAGE][FAILED] - Unable to click on object 'a_last_folder_in_cm_tree' (Root cause: org.openqa.selenium.ElementClickInterceptedException: Element <li class="dynatree-lastsib"> is not clickable at point (90,474) because another element <div class="ui-widget-overlay"> obscures it
Build info: version: '3.7.1', revision: '8a0099a', time: '2017-11-06T21:07:36.161Z'
System info: host: 'DESKTOP-UNNJGJG', ip: '10.44.1.145', os.name: 'Windows 10', os.arch: 'amd64', os.version: '10.0', java.version: '1.8.0_102'
Driver info: com.kms.katalon.core.webui.driver.firefox.CGeckoDriver
Capabilities {acceptInsecureCerts: true, browserName: firefox, browserVersion: 61.0, javascriptEnabled: true, moz:accessibilityChecks: false, moz:headless: false, moz:processID: 6016, moz:profile: C:\Users\fed86\AppData\Loca..., moz:useNonSpecCompliantPointerOrigin: false, moz:webdriverClick: true, pageLoadStrategy: normal, platform: XP, platformName: XP, platformVersion: 10.0, proxy: Proxy(direct), rotatable: false, timeouts: {implicit: 0, pageLoad: 300000, script: 30000}}
Session ID: 94bb33ee-411c-4b64-8108-c79cbb1bae0f)

2018-07-17 16:38:53 - [MESSAGE][PASSED] - Scroll to object 'a_last_folder_in_cm_tree' successfully

2018-07-17 16:38:54 - [MESSAGE][FAILED] - Unable to click on object 'a_last_folder_in_cm_tree' (Root cause: org.openqa.selenium.ElementClickInterceptedException: Element <li class="dynatree-lastsib"> is not clickable at point (90,474) because another element <div class="ui-widget-overlay"> obscures it
Build info: version: '3.7.1', revision: '8a0099a', time: '2017-11-06T21:07:36.161Z'
System info: host: 'DESKTOP-UNNJGJG', ip: '10.44.1.145', os.name: 'Windows 10', os.arch: 'amd64', os.version: '10.0', java.version: '1.8.0_102'
Driver info: com.kms.katalon.core.webui.driver.firefox.CGeckoDriver
Capabilities {acceptInsecureCerts: true, browserName: firefox, browserVersion: 61.0, javascriptEnabled: true, moz:accessibilityChecks: false, moz:headless: false, moz:processID: 6016, moz:profile: C:\Users\fed86\AppData\Loca..., moz:useNonSpecCompliantPointerOrigin: false, moz:webdriverClick: true, pageLoadStrategy: normal, platform: XP, platformName: XP, platformVersion: 10.0, proxy: Proxy(direct), rotatable: false, timeouts: {implicit: 0, pageLoad: 300000, script: 30000}}
Session ID: 94bb33ee-411c-4b64-8108-c79cbb1bae0f)

2018-07-17 16:38:57 - [MESSAGE][PASSED] - Delayed 3 second(s)

2018-07-17 16:38:58 - [MESSAGE][PASSED] - Delayed 1 second(s)

2018-07-17 16:38:58 - [MESSAGE][PASSED] - Object 'progress' is present

2018-07-17 16:38:58 - [MESSAGE][PASSED] - Object 'progress' is NOT visible

2018-07-17 16:38:58 - [MESSAGE][PASSED] - Object 'a_last_folder_in_cm_tree' is visible

2018-07-17 16:38:58 - [MESSAGE][FAILED] - Unable to click on object 'a_last_folder_in_cm_tree' (Root cause: org.openqa.selenium.ElementClickInterceptedException: Element <li class="dynatree-lastsib"> is not clickable at point (90,474) because another element <div class="ui-widget-overlay"> obscures it
Build info: version: '3.7.1', revision: '8a0099a', time: '2017-11-06T21:07:36.161Z'
System info: host: 'DESKTOP-UNNJGJG', ip: '10.44.1.145', os.name: 'Windows 10', os.arch: 'amd64', os.version: '10.0', java.version: '1.8.0_102'
Driver info: com.kms.katalon.core.webui.driver.firefox.CGeckoDriver
Capabilities {acceptInsecureCerts: true, browserName: firefox, browserVersion: 61.0, javascriptEnabled: true, moz:accessibilityChecks: false, moz:headless: false, moz:processID: 6016, moz:profile: C:\Users\fed86\AppData\Loca..., moz:useNonSpecCompliantPointerOrigin: false, moz:webdriverClick: true, pageLoadStrategy: normal, platform: XP, platformName: XP, platformVersion: 10.0, proxy: Proxy(direct), rotatable: false, timeouts: {implicit: 0, pageLoad: 300000, script: 30000}}
Session ID: 94bb33ee-411c-4b64-8108-c79cbb1bae0f)

2018-07-17 16:38:58 - [MESSAGE][PASSED] - Scroll to object 'a_last_folder_in_cm_tree' successfully

2018-07-17 16:38:58 - [MESSAGE][FAILED] - Unable to click on object 'a_last_folder_in_cm_tree' (Root cause: org.openqa.selenium.ElementClickInterceptedException: Element <li class="dynatree-lastsib"> is not clickable at point (90,474) because another element <div class="ui-widget-overlay"> obscures it
Build info: version: '3.7.1', revision: '8a0099a', time: '2017-11-06T21:07:36.161Z'
System info: host: 'DESKTOP-UNNJGJG', ip: '10.44.1.145', os.name: 'Windows 10', os.arch: 'amd64', os.version: '10.0', java.version: '1.8.0_102'
Driver info: com.kms.katalon.core.webui.driver.firefox.CGeckoDriver
Capabilities {acceptInsecureCerts: true, browserName: firefox, browserVersion: 61.0, javascriptEnabled: true, moz:accessibilityChecks: false, moz:headless: false, moz:processID: 6016, moz:profile: C:\Users\fed86\AppData\Loca..., moz:useNonSpecCompliantPointerOrigin: false, moz:webdriverClick: true, pageLoadStrategy: normal, platform: XP, platformName: XP, platformVersion: 10.0, proxy: Proxy(direct), rotatable: false, timeouts: {implicit: 0, pageLoad: 300000, script: 30000}}
Session ID: 94bb33ee-411c-4b64-8108-c79cbb1bae0f)

2018-07-17 16:38:58 - [MESSAGE][PASSED] - Taking screenshot successfully
[[ATTACHMENT|D:\\kms_katalon\\kms_katalon_tests\\katalonGitTest\\Reports\\briefing\\20180717_163539\\Reports/FIREFOX_DRIVER/Unable_to_click_on_object_'a_last_folder_in_cm_tree'_(Root_cause__org.openqa.selenium.ElementClickInterceptedException__Element__li_class=_dynatree-lastsib___is_not_clickable_at_point_(90,474)_because_another_element__di.png]]

2018-07-17 16:38:58 - [MESSAGE][PASSED] - Taking screenshot successfully
[[ATTACHMENT|D:\\kms_katalon\\kms_katalon_tests\\katalonGitTest\\Reports\\briefing\\20180717_163539\\Reports/FIREFOX_DRIVER/Unable_to_click_on_object_'a_last_folder_in_cm_tree'_(Root_cause__org.openqa.selenium.ElementClickInterceptedException__Element__li_class=_dynatree-lastsib___is_not_clickable_at_point_(90,474)_because_another_element__di.png]]

2018-07-17 16:38:58 - [TEST_STEP][PASSED] - Start listener action : afterTestCase: Invoke 'com.kms.katalon.core.annotation.AfterTestCase' method: 'BaseTest.afterTestCase(...)' completed.

2018-07-17 16:38:58 - [TEST_STEP][PASSED] - switchToDefaultContent: Invoke 'com.kms.katalon.core.annotation.AfterTestCase' method: 'BaseTest.afterTestCase(...)' completed.]]></system-out>
         <system-err><![CDATA[2018-07-17 16:37:37 - [TEST_CASE][FAILED] - Test Cases/Kms_Tests/Languages/En/Item_Creation/Create_briefing_Test_En: Test Cases/Kms_Tests/Languages/En/Item_Creation/Create_briefing_Test_En FAILED because (of) Unable to verify equal between actual object '28' and expected object '29' (Root cause: Actual object '28' and expected object '29' are not equal)]]></system-err>
      </testcase>
      <system-out><![CDATA[2018-07-17 16:37:36 - [TEST_SUITE][FAILED] - briefing: Test Cases/Kms_Tests/Languages/En/Item_Creation/Create_briefing_Test_En FAILED because (of) Unable to verify equal between actual object '28' and expected object '29' (Root cause: Actual object '28' and expected object '29' are not equal)]]></system-out>
      <system-err><![CDATA[2018-07-17 16:37:36 - [TEST_SUITE][FAILED] - briefing: Test Cases/Kms_Tests/Languages/En/Item_Creation/Create_briefing_Test_En FAILED because (of) Unable to verify equal between actual object '28' and expected object '29' (Root cause: Actual object '28' and expected object '29' are not equal)]]></system-err>
   </testsuite>
</testsuites>
