<?xml version="1.0" encoding="UTF-8"?>
<testsuites name="Test_Suit" time="75" tests="1" failures="0" errors="0">
   <testsuite name="Test_Suit" tests="1" failures="0" errors="0" time="75" timestamp="2018-07-09 21:07:44" hostname="fed86 - DESKTOP-UNNJGJG" id="Test Suites/Test_Suit">
      <properties>
         <property name="deviceName" value=""/>
         <property name="devicePlatform" value=""/>
         <property name="logFolder" value="D:\\kms_katalon\\kms_katalon_tests\\katalonGitTest\\Reports\\Test_Suit\\20180709_210651"/>
         <property name="logFiles" value="D:\\kms_katalon\\kms_katalon_tests\\katalonGitTest\\Reports\\Test_Suit\\20180709_210651\\execution0.log"/>
         <property name="attachments" value=""/>
         <property name="hostName" value="fed86 - DESKTOP-UNNJGJG"/>
         <property name="os" value="Windows 10 64bit"/>
         <property name="katalonVersion" value="5.4.2.1"/>
         <property name="browser" value="Firefox 61.0"/>
         <property name="hostAddress" value="10.44.1.145"/>
         <property name="sessionId" value="6e994be6-5a58-486f-80a1-a764d981aacd"/>
         <property name="seleniumVersion" value="3.7.1"/>
         <property name="proxyInformation" value="ProxyInformation{proxyOption=NO_PROXY, proxyServerType=HTTP, password=, proxyServerAddress=, proxyServerPort=0}"/>
         <property name="platform" value="Windows 10"/>
      </properties>
      <testcase name="Test Cases/Kms_Tests/Languages/En/Item_Creation/Create_Briefing_Online_Test_En" classname="Test Cases/Kms_Tests/Languages/En/Item_Creation/Create_Briefing_Online_Test_En" status="PASSED">
         <system-out><![CDATA[2018-07-09 21:07:44 - [TEST_CASE][PASSED] - Test Cases/Kms_Tests/Languages/En/Item_Creation/Create_Briefing_Online_Test_En: Test Cases/Kms_Tests/Languages/En/Item_Creation/Create_Briefing_Online_Test_En

2018-07-09 21:07:44 - [TEST_STEP][PASSED] - Start listener action : beforeTestCase: Current window maximized

2018-07-09 21:07:44 - [TEST_STEP][PASSED] - Statement - com.kms.katalon.core.util.KeywordUtil.markWarning("Before Test case : " + testCase.getTestCaseId()): Before Test case : Test Cases/Kms_Tests/Languages/En/Item_Creation/Create_Briefing_Online_Test_En

2018-07-09 21:07:44 - [MESSAGE][WARNING] - Before Test case : Test Cases/Kms_Tests/Languages/En/Item_Creation/Create_Briefing_Online_Test_En

2018-07-09 21:07:44 - [TEST_STEP][PASSED] - Statement - instance: Current window maximized

2018-07-09 21:07:44 - [MESSAGE][WARNING] - Unable to get the url of the current window (Root cause: com.kms.katalon.core.webui.exception.BrowserNotOpenedException: Browser is not opened
Build info: version: '3.7.1', revision: '8a0099a', time: '2017-11-06T21:07:36.161Z'
System info: host: 'DESKTOP-UNNJGJG', ip: '10.44.1.145', os.name: 'Windows 10', os.arch: 'amd64', os.version: '10.0', java.version: '1.8.0_102'
Driver info: driver.version: unknown)

2018-07-09 21:07:51 - [MESSAGE][PASSED] - Browser is opened with url: 'http://kmsqa3:501/kms/lh/login'

2018-07-09 21:07:51 - [MESSAGE][PASSED] - Current window maximized

2018-07-09 21:07:51 - [TEST_STEP][PASSED] - Statement - com.server.RolesHelper.getCm_En()._Login_En(): Call Test Case 'Test Cases/LogIn_Tests/Languages/En/Login_Content_Manager_En_Test' successfully

2018-07-09 21:07:51 - [TEST_CASE][PASSED] - Test Cases/LogIn_Tests/Languages/En/Login_Content_Manager_En_Test: Test Cases/LogIn_Tests/Languages/En/Login_Content_Manager_En_Test

2018-07-09 21:07:51 - [TEST_STEP][PASSED] - Statement - com.server.RolesHelper.getCm_En()._check_Logos_Title_Links(): Object 'Object Repository/Login_Page_OR/Visual/lang_Logo' is visible

2018-07-09 21:07:51 - [MESSAGE][PASSED] - Wait for page load successfully

2018-07-09 21:07:51 - [MESSAGE][PASSED] - Found 5 unique links on the page http://kmsqa3:501/kms/lh/login

2018-07-09 21:07:53 - [MESSAGE][PASSED] - Send request successfully

2018-07-09 21:07:53 - [MESSAGE][PASSED] - Send request successfully

2018-07-09 21:07:53 - [MESSAGE][PASSED] - Send request successfully

2018-07-09 21:07:54 - [MESSAGE][PASSED] - Send request successfully

2018-07-09 21:07:55 - [MESSAGE][PASSED] - Send request successfully

2018-07-09 21:07:55 - [MESSAGE][PASSED] - All links are accessible

2018-07-09 21:07:55 - [MESSAGE][PASSED] - All links on the page 'http://kmsqa3:501/kms/lh/login' are accessible

2018-07-09 21:07:55 - [MESSAGE][PASSED] - Current window's title is: 'KMS lighthouse'

2018-07-09 21:07:56 - [MESSAGE][PASSED] - Delayed 1 second(s)

2018-07-09 21:07:56 - [MESSAGE][PASSED] - Actual object 'kms lighthouse' and expected object 'kms lighthouse' are equal

2018-07-09 21:07:56 - [MESSAGE][PASSED] - Current viewport's left (x) position is 0

2018-07-09 21:07:56 - [MESSAGE][PASSED] - Current viewport's top (y) position is 0

2018-07-09 21:07:56 - [MESSAGE][PASSED] - Browser is scrolled to position x = 0, y = 0

2018-07-09 21:07:56 - [MESSAGE][PASSED] - Object 'Object Repository/Login_Page_OR/Visual/Kms_logo' is visible

2018-07-09 21:07:56 - [MESSAGE][PASSED] - Current viewport's left (x) position is 0

2018-07-09 21:07:56 - [MESSAGE][PASSED] - Current viewport's top (y) position is 0

2018-07-09 21:07:56 - [MESSAGE][PASSED] - Browser is scrolled to position x = 0, y = 0

2018-07-09 21:07:56 - [MESSAGE][PASSED] - Object 'Object Repository/Login_Page_OR/Visual/lang_Logo' is visible

2018-07-09 21:07:56 - [TEST_STEP][PASSED] - Statement - com.server.RolesHelper.getCm_En()._fill_UserName_Password(): Text 'admin' is set on object 'password_txt'

2018-07-09 21:07:56 - [MESSAGE][PASSED] - Current viewport's left (x) position is 0

2018-07-09 21:07:56 - [MESSAGE][PASSED] - Current viewport's top (y) position is 0

2018-07-09 21:07:56 - [MESSAGE][PASSED] - Browser is scrolled to position x = 0, y = 0

2018-07-09 21:07:56 - [MESSAGE][PASSED] - Object 'Object Repository/Login_Page_OR/Visual/pass_Logo' is visible

2018-07-09 21:07:56 - [MESSAGE][PASSED] - Current viewport's left (x) position is 0

2018-07-09 21:07:56 - [MESSAGE][PASSED] - Current viewport's top (y) position is 0

2018-07-09 21:07:56 - [MESSAGE][PASSED] - Browser is scrolled to position x = 0, y = 0

2018-07-09 21:07:56 - [MESSAGE][PASSED] - Object 'Object Repository/Login_Page_OR/Visual/userName_Logo' is visible

2018-07-09 21:07:56 - [MESSAGE][PASSED] - Current viewport's left (x) position is 0

2018-07-09 21:07:56 - [MESSAGE][PASSED] - Current viewport's top (y) position is 0

2018-07-09 21:07:56 - [MESSAGE][PASSED] - Browser is scrolled to position x = 0, y = 0

2018-07-09 21:07:56 - [MESSAGE][PASSED] - Object 'span_userName' is visible

2018-07-09 21:07:56 - [MESSAGE][PASSED] - Current viewport's left (x) position is 0

2018-07-09 21:07:56 - [MESSAGE][PASSED] - Current viewport's top (y) position is 0

2018-07-09 21:07:56 - [MESSAGE][PASSED] - Browser is scrolled to position x = 0, y = 0

2018-07-09 21:07:56 - [MESSAGE][PASSED] - Object 'span_password' is visible

2018-07-09 21:07:56 - [MESSAGE][PASSED] - Current viewport's left (x) position is 0

2018-07-09 21:07:56 - [MESSAGE][PASSED] - Current viewport's top (y) position is 0

2018-07-09 21:07:56 - [MESSAGE][PASSED] - Browser is scrolled to position x = 0, y = 0

2018-07-09 21:07:56 - [MESSAGE][PASSED] - Object 'userName_txt' is visible

2018-07-09 21:07:56 - [MESSAGE][PASSED] - Text of object 'userName_txt' is cleared

2018-07-09 21:07:56 - [MESSAGE][PASSED] - Text 'admin' is set on object 'userName_txt'

2018-07-09 21:07:56 - [MESSAGE][PASSED] - Current viewport's left (x) position is 0

2018-07-09 21:07:56 - [MESSAGE][PASSED] - Current viewport's top (y) position is 0

2018-07-09 21:07:56 - [MESSAGE][PASSED] - Browser is scrolled to position x = 0, y = 0

2018-07-09 21:07:56 - [MESSAGE][PASSED] - Object 'password_txt' is visible

2018-07-09 21:07:56 - [MESSAGE][PASSED] - Text of object 'password_txt' is cleared

2018-07-09 21:07:56 - [MESSAGE][PASSED] - Text 'admin' is set on object 'password_txt'

2018-07-09 21:07:56 - [TEST_STEP][PASSED] - Statement - com.server.RolesHelper.getCm_En()._click_chooseLanguage(): Object: 'link_lang' is clicked on

2018-07-09 21:07:56 - [MESSAGE][PASSED] - Current viewport's left (x) position is 0

2018-07-09 21:07:56 - [MESSAGE][PASSED] - Current viewport's top (y) position is 0

2018-07-09 21:07:56 - [MESSAGE][PASSED] - Browser is scrolled to position x = 0, y = 0

2018-07-09 21:07:56 - [MESSAGE][PASSED] - Object 'link_change_lang' is visible

2018-07-09 21:07:56 - [MESSAGE][PASSED] - Object: 'link_change_lang' is clicked on

2018-07-09 21:07:56 - [MESSAGE][PASSED] - Current viewport's left (x) position is 0

2018-07-09 21:07:56 - [MESSAGE][PASSED] - Current viewport's top (y) position is 0

2018-07-09 21:07:56 - [MESSAGE][PASSED] - Browser is scrolled to position x = 0, y = 0

2018-07-09 21:07:56 - [MESSAGE][PASSED] - Object 'caret_lang' is visible

2018-07-09 21:07:57 - [MESSAGE][PASSED] - Object: 'caret_lang' is clicked on

2018-07-09 21:07:57 - [MESSAGE][PASSED] - Current viewport's left (x) position is 0

2018-07-09 21:07:57 - [MESSAGE][PASSED] - Current viewport's top (y) position is 0

2018-07-09 21:07:57 - [MESSAGE][PASSED] - Browser is scrolled to position x = 0, y = 0

2018-07-09 21:07:57 - [MESSAGE][PASSED] - Object 'link_lang' is visible

2018-07-09 21:07:57 - [MESSAGE][PASSED] - Object: 'link_lang' is clicked on

2018-07-09 21:07:57 - [TEST_STEP][PASSED] - Statement - com.server.RolesHelper.getCm_En()._click_LogIn_With_UserName_And_Password(): Object: 'auth_Login_button' is clicked on

2018-07-09 21:07:57 - [MESSAGE][PASSED] - Current viewport's left (x) position is 0

2018-07-09 21:07:57 - [MESSAGE][PASSED] - Current viewport's top (y) position is 0

2018-07-09 21:07:57 - [MESSAGE][PASSED] - Browser is scrolled to position x = 0, y = 0

2018-07-09 21:07:57 - [MESSAGE][PASSED] - Object 'auth_Login_button' is visible

2018-07-09 21:07:58 - [MESSAGE][PASSED] - Object: 'auth_Login_button' is clicked on

2018-07-09 21:07:58 - [TEST_STEP][PASSED] - Statement - com.server.RolesHelper.getCm_En()._select_View(): Object: 'link_role' is clicked on

2018-07-09 21:07:58 - [MESSAGE][PASSED] - Current viewport's left (x) position is 0

2018-07-09 21:07:58 - [MESSAGE][PASSED] - Current viewport's top (y) position is 0

2018-07-09 21:07:58 - [MESSAGE][PASSED] - Browser is scrolled to position x = 0, y = 0

2018-07-09 21:07:58 - [MESSAGE][PASSED] - Object 'dropDown_roles' is visible

2018-07-09 21:07:58 - [MESSAGE][PASSED] - Object: 'dropDown_roles' is clicked on

2018-07-09 21:07:58 - [MESSAGE][PASSED] - Current viewport's left (x) position is 0

2018-07-09 21:07:58 - [MESSAGE][PASSED] - Current viewport's top (y) position is 0

2018-07-09 21:07:58 - [MESSAGE][PASSED] - Browser is scrolled to position x = 0, y = 0

2018-07-09 21:07:58 - [MESSAGE][PASSED] - Object 'link_role' is visible

2018-07-09 21:07:59 - [MESSAGE][PASSED] - Object: 'link_role' is clicked on

2018-07-09 21:07:59 - [TEST_STEP][PASSED] - Statement - com.server.RolesHelper.getCm_En()._Enter_to_Kms(): Keys 'ENTER + ' sent to object: 'login_Kms_button'

2018-07-09 21:07:59 - [MESSAGE][PASSED] - Current viewport's left (x) position is 0

2018-07-09 21:07:59 - [MESSAGE][PASSED] - Current viewport's top (y) position is 0

2018-07-09 21:07:59 - [MESSAGE][PASSED] - Browser is scrolled to position x = 0, y = 0

2018-07-09 21:07:59 - [MESSAGE][PASSED] - Object 'login_Kms_button' is visible

2018-07-09 21:07:59 - [MESSAGE][PASSED] - Keys 'ENTER + ' sent to object: 'login_Kms_button'

2018-07-09 21:07:59 - [MESSAGE][PASSED] - Call Test Case 'Test Cases/LogIn_Tests/Languages/En/Login_Content_Manager_En_Test' successfully

2018-07-09 21:07:59 - [TEST_STEP][PASSED] - Statement - briefing._click_upper_button_create_item(): Object: 'button_create_new_item' is clicked on

2018-07-09 21:07:59 - [MESSAGE][PASSED] - Current viewport's left (x) position is 0

2018-07-09 21:07:59 - [MESSAGE][PASSED] - Current viewport's top (y) position is 0

2018-07-09 21:07:59 - [MESSAGE][PASSED] - Browser is scrolled to position x = 0, y = 0

2018-07-09 21:08:04 - [MESSAGE][PASSED] - Object 'progress' is present

2018-07-09 21:08:05 - [MESSAGE][WARNING] - Object 'progress' is visible after 1 second(s)

2018-07-09 21:08:06 - [MESSAGE][PASSED] - Delayed 1 second(s)

2018-07-09 21:08:07 - [MESSAGE][WARNING] - Object 'progress' is visible after 1 second(s)

2018-07-09 21:08:08 - [MESSAGE][PASSED] - Delayed 1 second(s)

2018-07-09 21:08:09 - [MESSAGE][WARNING] - Object 'progress' is visible after 1 second(s)

2018-07-09 21:08:10 - [MESSAGE][PASSED] - Delayed 1 second(s)

2018-07-09 21:08:11 - [MESSAGE][WARNING] - Object 'progress' is visible after 1 second(s)

2018-07-09 21:08:12 - [MESSAGE][PASSED] - Delayed 1 second(s)

2018-07-09 21:08:13 - [MESSAGE][WARNING] - Object 'progress' is visible after 1 second(s)

2018-07-09 21:08:14 - [MESSAGE][PASSED] - Delayed 1 second(s)

2018-07-09 21:08:15 - [MESSAGE][WARNING] - Object 'progress' is visible after 1 second(s)

2018-07-09 21:08:16 - [MESSAGE][PASSED] - Delayed 1 second(s)

2018-07-09 21:08:16 - [MESSAGE][PASSED] - Object 'progress' is NOT visible

2018-07-09 21:08:16 - [MESSAGE][PASSED] - Object 'button_create_new_item' is visible

2018-07-09 21:08:16 - [MESSAGE][PASSED] - Object: 'button_create_new_item' is hovered

2018-07-09 21:08:17 - [MESSAGE][PASSED] - Object: 'button_create_new_item' is clicked on

2018-07-09 21:08:17 - [TEST_STEP][PASSED] - Statement - briefing._choose_Briefing_Template_By_Typing(): Object: 'button_ok_create_template' is clicked on

2018-07-09 21:08:18 - [MESSAGE][PASSED] - Delayed 1 second(s)

2018-07-09 21:08:18 - [MESSAGE][PASSED] - Current viewport's left (x) position is 0

2018-07-09 21:08:18 - [MESSAGE][PASSED] - Current viewport's top (y) position is 0

2018-07-09 21:08:18 - [MESSAGE][PASSED] - Browser is scrolled to position x = 0, y = 0

2018-07-09 21:08:18 - [MESSAGE][PASSED] - Object 'progress' is present

2018-07-09 21:08:18 - [MESSAGE][PASSED] - Object 'progress' is NOT visible

2018-07-09 21:08:18 - [MESSAGE][PASSED] - Object 'input_create_item_template' is visible

2018-07-09 21:08:18 - [MESSAGE][PASSED] - Object: 'input_create_item_template' is clicked on

2018-07-09 21:08:19 - [MESSAGE][PASSED] - Delayed 1 second(s)

2018-07-09 21:08:19 - [MESSAGE][PASSED] - Current viewport's left (x) position is 0

2018-07-09 21:08:19 - [MESSAGE][PASSED] - Current viewport's top (y) position is 0

2018-07-09 21:08:19 - [MESSAGE][PASSED] - Browser is scrolled to position x = 0, y = 0

2018-07-09 21:08:19 - [MESSAGE][PASSED] - Object 'progress' is present

2018-07-09 21:08:19 - [MESSAGE][PASSED] - Object 'progress' is NOT visible

2018-07-09 21:08:19 - [MESSAGE][PASSED] - Object 'input_create_item_template' is visible

2018-07-09 21:08:19 - [MESSAGE][PASSED] - Text of object 'input_create_item_template' is cleared

2018-07-09 21:08:19 - [MESSAGE][PASSED] - Text 'Briefing' is set on object 'input_create_item_template'

2018-07-09 21:08:19 - [MESSAGE][PASSED] - Current viewport's left (x) position is 0

2018-07-09 21:08:19 - [MESSAGE][PASSED] - Current viewport's top (y) position is 0

2018-07-09 21:08:19 - [MESSAGE][PASSED] - Browser is scrolled to position x = 0, y = 0

2018-07-09 21:08:19 - [MESSAGE][PASSED] - Object 'progress' is present

2018-07-09 21:08:19 - [MESSAGE][PASSED] - Object 'progress' is NOT visible

2018-07-09 21:08:19 - [MESSAGE][PASSED] - Object 'button_ok_create_template' is visible

2018-07-09 21:08:19 - [MESSAGE][PASSED] - Object: 'button_ok_create_template' is clicked on

2018-07-09 21:08:19 - [TEST_STEP][PASSED] - Statement - briefing._verify_template_updateDate(): Actual object '09/07/2018' and expected object '09/07/2018' are equal

2018-07-09 21:08:19 - [MESSAGE][PASSED] - Current viewport's left (x) position is 0

2018-07-09 21:08:19 - [MESSAGE][PASSED] - Current viewport's top (y) position is 0

2018-07-09 21:08:19 - [MESSAGE][PASSED] - Browser is scrolled to position x = 0, y = 0

2018-07-09 21:08:19 - [MESSAGE][PASSED] - Object 'progress' is present

2018-07-09 21:08:19 - [MESSAGE][PASSED] - Object 'progress' is NOT visible

2018-07-09 21:08:22 - [MESSAGE][WARNING] - Web element with id: 'Object Repository/Kms_Page_OR/Roles/Content_Manager/Item_Properties_tab/template_Briefing' located by 'By.xpath: //*[@id="itemType"]' not found

2018-07-09 21:08:25 - [MESSAGE][PASSED] - Scroll to object 'Object Repository/Kms_Page_OR/Roles/Content_Manager/Item_Properties_tab/template_Briefing' successfully

2018-07-09 21:08:26 - [MESSAGE][WARNING] - Object 'Object Repository/Kms_Page_OR/Roles/Content_Manager/Item_Properties_tab/template_Briefing' is visible after 1 second(s)

2018-07-09 21:08:26 - [MESSAGE][PASSED] - Text of object 'Object Repository/Kms_Page_OR/Roles/Content_Manager/Item_Properties_tab/template_Briefing' is: 'Briefing'

2018-07-09 21:08:26 - [MESSAGE][PASSED] - Current viewport's left (x) position is 0

2018-07-09 21:08:26 - [MESSAGE][PASSED] - Current viewport's top (y) position is 0

2018-07-09 21:08:26 - [MESSAGE][PASSED] - Browser is scrolled to position x = 0, y = 0

2018-07-09 21:08:26 - [MESSAGE][PASSED] - Object 'progress' is present

2018-07-09 21:08:26 - [MESSAGE][PASSED] - Object 'progress' is NOT visible

2018-07-09 21:08:26 - [MESSAGE][PASSED] - Object 'Object Repository/Kms_Page_OR/Roles/Content_Manager/Item_Properties_tab/span_update_date' is visible

2018-07-09 21:08:26 - [MESSAGE][PASSED] - Text of object 'Object Repository/Kms_Page_OR/Roles/Content_Manager/Item_Properties_tab/span_update_date' is: '09/07/2018 21:08:07 PM'

2018-07-09 21:08:27 - [MESSAGE][PASSED] - Delayed 1 second(s)

2018-07-09 21:08:27 - [MESSAGE][PASSED] - Actual object 'briefing' and expected object 'briefing' are equal

2018-07-09 21:08:28 - [MESSAGE][PASSED] - Delayed 1 second(s)

2018-07-09 21:08:28 - [MESSAGE][PASSED] - Actual object '09/07/2018' and expected object '09/07/2018' are equal

2018-07-09 21:08:28 - [TEST_STEP][PASSED] - Statement - briefing._set_Item_Name(): Keys 'item_BRIEFING_3261' sent to object: 'Object Repository/Kms_Page_OR/Roles/Content_Manager/Item_Properties_tab/input_title_name'

2018-07-09 21:08:28 - [MESSAGE][PASSED] - Current viewport's left (x) position is 0

2018-07-09 21:08:28 - [MESSAGE][PASSED] - Current viewport's top (y) position is 0

2018-07-09 21:08:28 - [MESSAGE][PASSED] - Browser is scrolled to position x = 0, y = 0

2018-07-09 21:08:28 - [MESSAGE][PASSED] - Object 'progress' is present

2018-07-09 21:08:28 - [MESSAGE][PASSED] - Object 'progress' is NOT visible

2018-07-09 21:08:28 - [MESSAGE][PASSED] - Object 'Object Repository/Kms_Page_OR/Roles/Content_Manager/Item_Properties_tab/itemId_generated_by_template' is visible

2018-07-09 21:08:28 - [MESSAGE][PASSED] - Text of object 'Object Repository/Kms_Page_OR/Roles/Content_Manager/Item_Properties_tab/itemId_generated_by_template' is: '3261'

2018-07-09 21:08:29 - [MESSAGE][PASSED] - Delayed 1 second(s)

2018-07-09 21:08:29 - [MESSAGE][PASSED] - Current viewport's left (x) position is 0

2018-07-09 21:08:29 - [MESSAGE][PASSED] - Current viewport's top (y) position is 0

2018-07-09 21:08:29 - [MESSAGE][PASSED] - Browser is scrolled to position x = 0, y = 0

2018-07-09 21:08:29 - [MESSAGE][PASSED] - Object 'progress' is present

2018-07-09 21:08:29 - [MESSAGE][PASSED] - Object 'progress' is NOT visible

2018-07-09 21:08:29 - [MESSAGE][PASSED] - Object 'Object Repository/Kms_Page_OR/Roles/Content_Manager/Item_Properties_tab/title_new_item' is visible

2018-07-09 21:08:29 - [MESSAGE][PASSED] - Object: 'Object Repository/Kms_Page_OR/Roles/Content_Manager/Item_Properties_tab/title_new_item' is clicked on

2018-07-09 21:08:30 - [MESSAGE][PASSED] - Delayed 1 second(s)

2018-07-09 21:08:30 - [MESSAGE][PASSED] - Current viewport's left (x) position is 0

2018-07-09 21:08:30 - [MESSAGE][PASSED] - Current viewport's top (y) position is 0

2018-07-09 21:08:30 - [MESSAGE][PASSED] - Browser is scrolled to position x = 0, y = 0

2018-07-09 21:08:30 - [MESSAGE][PASSED] - Object 'progress' is present

2018-07-09 21:08:30 - [MESSAGE][PASSED] - Object 'progress' is NOT visible

2018-07-09 21:08:30 - [MESSAGE][PASSED] - Object 'Object Repository/Kms_Page_OR/Roles/Content_Manager/Item_Properties_tab/input_title_name' is visible

2018-07-09 21:08:30 - [MESSAGE][PASSED] - Keys 'item_BRIEFING_3261' sent to object: 'Object Repository/Kms_Page_OR/Roles/Content_Manager/Item_Properties_tab/input_title_name'

2018-07-09 21:08:30 - [TEST_STEP][PASSED] - Statement - briefing._write_short_description(): Keys 'short description was written' sent to object: 'Object Repository/Kms_Page_OR/Roles/Content_Manager/Item_Properties_tab/textarea_descriptionEdit'

2018-07-09 21:08:30 - [MESSAGE][PASSED] - Current viewport's left (x) position is 0

2018-07-09 21:08:30 - [MESSAGE][PASSED] - Current viewport's top (y) position is 0

2018-07-09 21:08:30 - [MESSAGE][PASSED] - Browser is scrolled to position x = 0, y = 0

2018-07-09 21:08:30 - [MESSAGE][PASSED] - Object 'progress' is present

2018-07-09 21:08:30 - [MESSAGE][PASSED] - Object 'progress' is NOT visible

2018-07-09 21:08:30 - [MESSAGE][PASSED] - Object 'Object Repository/Kms_Page_OR/Roles/Content_Manager/Item_Properties_tab/div_ShortDescriptionEdit' is visible

2018-07-09 21:08:31 - [MESSAGE][PASSED] - Object: 'Object Repository/Kms_Page_OR/Roles/Content_Manager/Item_Properties_tab/div_ShortDescriptionEdit' is clicked on

2018-07-09 21:08:32 - [MESSAGE][PASSED] - Delayed 1 second(s)

2018-07-09 21:08:32 - [MESSAGE][PASSED] - Object: 'Object Repository/Kms_Page_OR/Roles/Content_Manager/Item_Properties_tab/div_ShortDescriptionEdit' is clicked on

2018-07-09 21:08:32 - [MESSAGE][PASSED] - Current viewport's left (x) position is 0

2018-07-09 21:08:32 - [MESSAGE][PASSED] - Current viewport's top (y) position is 0

2018-07-09 21:08:32 - [MESSAGE][PASSED] - Browser is scrolled to position x = 0, y = 0

2018-07-09 21:08:32 - [MESSAGE][PASSED] - Object 'progress' is present

2018-07-09 21:08:32 - [MESSAGE][PASSED] - Object 'progress' is NOT visible

2018-07-09 21:08:32 - [MESSAGE][PASSED] - Object 'Object Repository/Kms_Page_OR/Roles/Content_Manager/Item_Properties_tab/textarea_descriptionEdit' is visible

2018-07-09 21:08:32 - [MESSAGE][PASSED] - Keys 'short description was written' sent to object: 'Object Repository/Kms_Page_OR/Roles/Content_Manager/Item_Properties_tab/textarea_descriptionEdit'

2018-07-09 21:08:32 - [TEST_STEP][PASSED] - Statement - briefing._choose_Status(ONLINE): All options with index in [1] are selected on object 'Object Repository/Kms_Page_OR/Roles/Content_Manager/Item_Properties_tab/select_OfflineOnlineHiddenArch'

2018-07-09 21:08:32 - [MESSAGE][PASSED] - Current viewport's left (x) position is 0

2018-07-09 21:08:32 - [MESSAGE][PASSED] - Current viewport's top (y) position is 0

2018-07-09 21:08:32 - [MESSAGE][PASSED] - Browser is scrolled to position x = 0, y = 0

2018-07-09 21:08:32 - [MESSAGE][PASSED] - Object 'progress' is present

2018-07-09 21:08:32 - [MESSAGE][PASSED] - Object 'progress' is NOT visible

2018-07-09 21:08:32 - [MESSAGE][PASSED] - Object 'Object Repository/Kms_Page_OR/Roles/Content_Manager/Item_Properties_tab/select_OfflineOnlineHiddenArch' is visible

2018-07-09 21:08:32 - [MESSAGE][PASSED] - All options with index in [1] are selected on object 'Object Repository/Kms_Page_OR/Roles/Content_Manager/Item_Properties_tab/select_OfflineOnlineHiddenArch'

2018-07-09 21:08:32 - [TEST_STEP][PASSED] - Statement - briefing._set_date_valid_from_status(): Keys 'ESCAPE + ' sent to object: 'Object Repository/Kms_Page_OR/Roles/Content_Manager/Item_Properties_tab/input_ST_DATE_FROM'

2018-07-09 21:08:32 - [MESSAGE][PASSED] - Current viewport's left (x) position is 0

2018-07-09 21:08:32 - [MESSAGE][PASSED] - Current viewport's top (y) position is 0

2018-07-09 21:08:32 - [MESSAGE][PASSED] - Browser is scrolled to position x = 0, y = 0

2018-07-09 21:08:32 - [MESSAGE][PASSED] - Object 'progress' is present

2018-07-09 21:08:32 - [MESSAGE][PASSED] - Object 'progress' is NOT visible

2018-07-09 21:08:33 - [MESSAGE][PASSED] - Object 'Object Repository/Kms_Page_OR/Roles/Content_Manager/Item_Properties_tab/input_ST_DATE_FROM' is visible

2018-07-09 21:08:33 - [MESSAGE][PASSED] - Text of object 'Object Repository/Kms_Page_OR/Roles/Content_Manager/Item_Properties_tab/input_ST_DATE_FROM' is cleared

2018-07-09 21:08:33 - [MESSAGE][PASSED] - Text '03/07/2018 09:08:32' is set on object 'Object Repository/Kms_Page_OR/Roles/Content_Manager/Item_Properties_tab/input_ST_DATE_FROM'

2018-07-09 21:08:33 - [MESSAGE][PASSED] - Current viewport's left (x) position is 0

2018-07-09 21:08:33 - [MESSAGE][PASSED] - Current viewport's top (y) position is 0

2018-07-09 21:08:33 - [MESSAGE][PASSED] - Browser is scrolled to position x = 0, y = 0

2018-07-09 21:08:33 - [MESSAGE][PASSED] - Object 'progress' is present

2018-07-09 21:08:33 - [MESSAGE][PASSED] - Object 'progress' is NOT visible

2018-07-09 21:08:33 - [MESSAGE][PASSED] - Object 'Object Repository/Kms_Page_OR/Roles/Content_Manager/Item_Properties_tab/input_ST_DATE_FROM' is visible

2018-07-09 21:08:33 - [MESSAGE][PASSED] - Keys 'ESCAPE + ' sent to object: 'Object Repository/Kms_Page_OR/Roles/Content_Manager/Item_Properties_tab/input_ST_DATE_FROM'

2018-07-09 21:08:33 - [TEST_STEP][PASSED] - Statement - briefing._choose_status_after(HIDDEN): All options with index in [2] are selected on object 'Object Repository/Kms_Page_OR/Roles/Content_Manager/Item_Properties_tab/select_Status_after'

2018-07-09 21:08:33 - [MESSAGE][PASSED] - Current viewport's left (x) position is 0

2018-07-09 21:08:33 - [MESSAGE][PASSED] - Current viewport's top (y) position is 0

2018-07-09 21:08:33 - [MESSAGE][PASSED] - Browser is scrolled to position x = 0, y = 0

2018-07-09 21:08:33 - [MESSAGE][PASSED] - Object 'progress' is present

2018-07-09 21:08:33 - [MESSAGE][PASSED] - Object 'progress' is NOT visible

2018-07-09 21:08:33 - [MESSAGE][PASSED] - Object 'Object Repository/Kms_Page_OR/Roles/Content_Manager/Item_Properties_tab/select_Status_after' is visible

2018-07-09 21:08:33 - [MESSAGE][PASSED] - All options with index in [2] are selected on object 'Object Repository/Kms_Page_OR/Roles/Content_Manager/Item_Properties_tab/select_Status_after'

2018-07-09 21:08:33 - [TEST_STEP][PASSED] - Statement - briefing._set_date_valid_to_status(): Keys 'ESCAPE + ' sent to object: 'Object Repository/Kms_Page_OR/Roles/Content_Manager/Item_Properties_tab/input_STATUS_DATE_TO'

2018-07-09 21:08:33 - [MESSAGE][PASSED] - Current viewport's left (x) position is 0

2018-07-09 21:08:33 - [MESSAGE][PASSED] - Current viewport's top (y) position is 0

2018-07-09 21:08:33 - [MESSAGE][PASSED] - Browser is scrolled to position x = 0, y = 0

2018-07-09 21:08:33 - [MESSAGE][PASSED] - Object 'progress' is present

2018-07-09 21:08:33 - [MESSAGE][PASSED] - Object 'progress' is NOT visible

2018-07-09 21:08:33 - [MESSAGE][PASSED] - Object 'Object Repository/Kms_Page_OR/Roles/Content_Manager/Item_Properties_tab/input_STATUS_DATE_TO' is visible

2018-07-09 21:08:33 - [MESSAGE][PASSED] - Text of object 'Object Repository/Kms_Page_OR/Roles/Content_Manager/Item_Properties_tab/input_STATUS_DATE_TO' is cleared

2018-07-09 21:08:34 - [MESSAGE][PASSED] - Text '04/07/2018 09:08:33' is set on object 'Object Repository/Kms_Page_OR/Roles/Content_Manager/Item_Properties_tab/input_STATUS_DATE_TO'

2018-07-09 21:08:34 - [MESSAGE][PASSED] - Current viewport's left (x) position is 0

2018-07-09 21:08:34 - [MESSAGE][PASSED] - Current viewport's top (y) position is 0

2018-07-09 21:08:34 - [MESSAGE][PASSED] - Browser is scrolled to position x = 0, y = 0

2018-07-09 21:08:34 - [MESSAGE][PASSED] - Object 'progress' is present

2018-07-09 21:08:34 - [MESSAGE][PASSED] - Object 'progress' is NOT visible

2018-07-09 21:08:34 - [MESSAGE][PASSED] - Object 'Object Repository/Kms_Page_OR/Roles/Content_Manager/Item_Properties_tab/input_STATUS_DATE_TO' is visible

2018-07-09 21:08:34 - [MESSAGE][PASSED] - Keys 'ESCAPE + ' sent to object: 'Object Repository/Kms_Page_OR/Roles/Content_Manager/Item_Properties_tab/input_STATUS_DATE_TO'

2018-07-09 21:08:34 - [TEST_STEP][PASSED] - Statement - briefing._click_edit_tab(): Object: 'Object Repository/Kms_Page_OR/Roles/Content_Manager/Edit_tab/a_Edit_tab' is clicked on

2018-07-09 21:08:34 - [MESSAGE][PASSED] - Current viewport's left (x) position is 0

2018-07-09 21:08:34 - [MESSAGE][PASSED] - Current viewport's top (y) position is 0

2018-07-09 21:08:34 - [MESSAGE][PASSED] - Browser is scrolled to position x = 0, y = 0

2018-07-09 21:08:34 - [MESSAGE][PASSED] - Object 'progress' is present

2018-07-09 21:08:34 - [MESSAGE][PASSED] - Object 'progress' is NOT visible

2018-07-09 21:08:34 - [MESSAGE][PASSED] - Object 'Object Repository/Kms_Page_OR/Roles/Content_Manager/Edit_tab/a_Edit_tab' is visible

2018-07-09 21:08:34 - [MESSAGE][PASSED] - Object: 'Object Repository/Kms_Page_OR/Roles/Content_Manager/Edit_tab/a_Edit_tab' is clicked on

2018-07-09 21:08:35 - [MESSAGE][PASSED] - Delayed 1 second(s)

2018-07-09 21:08:35 - [MESSAGE][PASSED] - Object: 'Object Repository/Kms_Page_OR/Roles/Content_Manager/Edit_tab/a_Edit_tab' is clicked on

2018-07-09 21:08:35 - [TEST_STEP][PASSED] - Statement - briefing._choose_Date_Edit_Item(): Object: 'Object Repository/Kms_Page_OR/Roles/Content_Manager/Edit_tab/button_Today' is clicked on

2018-07-09 21:08:35 - [MESSAGE][PASSED] - Current viewport's left (x) position is 0

2018-07-09 21:08:35 - [MESSAGE][PASSED] - Current viewport's top (y) position is 0

2018-07-09 21:08:35 - [MESSAGE][PASSED] - Browser is scrolled to position x = 0, y = 0

2018-07-09 21:08:35 - [MESSAGE][PASSED] - Object 'progress' is present

2018-07-09 21:08:35 - [MESSAGE][PASSED] - Object 'progress' is NOT visible

2018-07-09 21:08:35 - [MESSAGE][PASSED] - Object 'Object Repository/Kms_Page_OR/Roles/Content_Manager/Edit_tab/input_DATE_Edit_item' is visible

2018-07-09 21:08:35 - [MESSAGE][PASSED] - Object: 'Object Repository/Kms_Page_OR/Roles/Content_Manager/Edit_tab/input_DATE_Edit_item' is hovered

2018-07-09 21:08:36 - [MESSAGE][PASSED] - Object: 'Object Repository/Kms_Page_OR/Roles/Content_Manager/Edit_tab/input_DATE_Edit_item' is clicked on

2018-07-09 21:08:36 - [MESSAGE][PASSED] - Current viewport's left (x) position is 0

2018-07-09 21:08:36 - [MESSAGE][PASSED] - Current viewport's top (y) position is 0

2018-07-09 21:08:36 - [MESSAGE][PASSED] - Browser is scrolled to position x = 0, y = 0

2018-07-09 21:08:36 - [MESSAGE][PASSED] - Object 'progress' is present

2018-07-09 21:08:36 - [MESSAGE][PASSED] - Object 'progress' is NOT visible

2018-07-09 21:08:36 - [MESSAGE][PASSED] - Object 'Object Repository/Kms_Page_OR/Roles/Content_Manager/Edit_tab/button_Today' is visible

2018-07-09 21:08:36 - [MESSAGE][PASSED] - Object: 'Object Repository/Kms_Page_OR/Roles/Content_Manager/Edit_tab/button_Today' is hovered

2018-07-09 21:08:36 - [MESSAGE][PASSED] - Object: 'Object Repository/Kms_Page_OR/Roles/Content_Manager/Edit_tab/button_Today' is clicked on

2018-07-09 21:08:36 - [TEST_STEP][PASSED] - Statement - briefing._click_save_and_relocate_to_lastFolder(): Object: 'saveAndRelocate' is clicked on

2018-07-09 21:08:36 - [MESSAGE][PASSED] - Current viewport's left (x) position is 0

2018-07-09 21:08:36 - [MESSAGE][PASSED] - Current viewport's top (y) position is 0

2018-07-09 21:08:36 - [MESSAGE][PASSED] - Browser is scrolled to position x = 0, y = 0

2018-07-09 21:08:36 - [MESSAGE][PASSED] - Object 'progress' is present

2018-07-09 21:08:36 - [MESSAGE][PASSED] - Object 'progress' is NOT visible

2018-07-09 21:08:36 - [MESSAGE][PASSED] - Object 'saveAndRelocate' is visible

2018-07-09 21:08:36 - [MESSAGE][PASSED] - Object: 'saveAndRelocate' is hovered

2018-07-09 21:08:37 - [MESSAGE][PASSED] - Object: 'saveAndRelocate' is clicked on

2018-07-09 21:08:37 - [TEST_STEP][PASSED] - Statement - briefing._click_save_and_check_if_number_of_items_incremented_in_lastFolder(): Actual object '42' and expected object '42' are equal

2018-07-09 21:08:37 - [MESSAGE][PASSED] - Text of object 'last_folder_in_cm_tree' is: '[41]Folder 15'

2018-07-09 21:08:37 - [MESSAGE][PASSED] - Current viewport's left (x) position is 0

2018-07-09 21:08:37 - [MESSAGE][PASSED] - Current viewport's top (y) position is 0

2018-07-09 21:08:37 - [MESSAGE][PASSED] - Browser is scrolled to position x = 0, y = 0

2018-07-09 21:08:37 - [MESSAGE][PASSED] - Object 'progress' is present

2018-07-09 21:08:37 - [MESSAGE][PASSED] - Object 'progress' is NOT visible

2018-07-09 21:08:37 - [MESSAGE][PASSED] - Object 'choose_lastFolder_in_modal' is visible

2018-07-09 21:08:37 - [MESSAGE][PASSED] - Object: 'choose_lastFolder_in_modal' is hovered

2018-07-09 21:08:37 - [MESSAGE][PASSED] - Object: 'choose_lastFolder_in_modal' is clicked on

2018-07-09 21:08:37 - [MESSAGE][PASSED] - Current viewport's left (x) position is 0

2018-07-09 21:08:37 - [MESSAGE][PASSED] - Current viewport's top (y) position is 0

2018-07-09 21:08:37 - [MESSAGE][PASSED] - Browser is scrolled to position x = 0, y = 0

2018-07-09 21:08:37 - [MESSAGE][PASSED] - Object 'progress' is present

2018-07-09 21:08:37 - [MESSAGE][PASSED] - Object 'progress' is NOT visible

2018-07-09 21:08:37 - [MESSAGE][PASSED] - Object 'btn_save_in_last_folder' is visible

2018-07-09 21:08:37 - [MESSAGE][PASSED] - Object: 'btn_save_in_last_folder' is hovered

2018-07-09 21:08:37 - [MESSAGE][PASSED] - Object: 'btn_save_in_last_folder' is clicked on

2018-07-09 21:08:40 - [MESSAGE][PASSED] - Delayed 3 second(s)

2018-07-09 21:08:40 - [MESSAGE][PASSED] - Text of object 'last_folder_in_cm_tree' is: '[42]Folder 15'

2018-07-09 21:08:40 - [MESSAGE][PASSED] - Actual object '42' and expected object '42' are equal

2018-07-09 21:08:40 - [TEST_STEP][PASSED] - Statement - com.server.RolesHelper.getCm_En()._click_Home_Button(): Object: 'kms_home_icon' is clicked on

2018-07-09 21:08:40 - [MESSAGE][PASSED] - Current viewport's left (x) position is 0

2018-07-09 21:08:40 - [MESSAGE][PASSED] - Current viewport's top (y) position is 0

2018-07-09 21:08:40 - [MESSAGE][PASSED] - Browser is scrolled to position x = 0, y = 0

2018-07-09 21:08:40 - [MESSAGE][PASSED] - Object 'progress' is present

2018-07-09 21:08:40 - [MESSAGE][PASSED] - Object 'progress' is NOT visible

2018-07-09 21:08:40 - [MESSAGE][PASSED] - Object 'kms_home_icon' is visible

2018-07-09 21:08:41 - [MESSAGE][PASSED] - Object: 'kms_home_icon' is clicked on

2018-07-09 21:08:41 - [TEST_STEP][PASSED] - Statement - com.server.RolesHelper.getCm_En()._delete_all_created_items_en(): Web element with id: 'item_in_last_folder' located by 'By.xpath: //a[starts-with(text(), 'item_')]' not found

2018-07-09 21:08:41 - [MESSAGE][PASSED] - Current viewport's left (x) position is 0

2018-07-09 21:08:41 - [MESSAGE][PASSED] - Current viewport's top (y) position is 0

2018-07-09 21:08:41 - [MESSAGE][PASSED] - Browser is scrolled to position x = 0, y = 0

2018-07-09 21:08:41 - [MESSAGE][PASSED] - Object 'progress' is present

2018-07-09 21:08:41 - [MESSAGE][PASSED] - Object 'progress' is NOT visible

2018-07-09 21:08:41 - [MESSAGE][PASSED] - Object 'last_folder_in_cm_tree' is visible

2018-07-09 21:08:41 - [MESSAGE][PASSED] - Object: 'last_folder_in_cm_tree' is hovered

2018-07-09 21:08:41 - [MESSAGE][PASSED] - Object: 'last_folder_in_cm_tree' is clicked on

2018-07-09 21:08:41 - [MESSAGE][PASSED] - Current viewport's left (x) position is 0

2018-07-09 21:08:41 - [MESSAGE][PASSED] - Current viewport's top (y) position is 0

2018-07-09 21:08:41 - [MESSAGE][PASSED] - Browser is scrolled to position x = 0, y = 0

2018-07-09 21:08:41 - [MESSAGE][PASSED] - Object 'progress' is present

2018-07-09 21:08:42 - [MESSAGE][WARNING] - Object 'progress' is visible after 1 second(s)

2018-07-09 21:08:43 - [MESSAGE][PASSED] - Delayed 1 second(s)

2018-07-09 21:08:43 - [MESSAGE][PASSED] - Object 'progress' is NOT visible

2018-07-09 21:08:43 - [MESSAGE][PASSED] - Object 'item_in_last_folder' is visible

2018-07-09 21:08:43 - [MESSAGE][PASSED] - Scroll to object 'item_in_last_folder' successfully

2018-07-09 21:08:44 - [MESSAGE][WARNING] - Object 'item_in_last_folder' is visible after 1 second(s)

2018-07-09 21:08:45 - [MESSAGE][PASSED] - Delayed 1 second(s)

2018-07-09 21:08:45 - [MESSAGE][PASSED] - Current viewport's left (x) position is 0

2018-07-09 21:08:45 - [MESSAGE][PASSED] - Current viewport's top (y) position is 0

2018-07-09 21:08:45 - [MESSAGE][PASSED] - Browser is scrolled to position x = 0, y = 0

2018-07-09 21:08:45 - [MESSAGE][PASSED] - Object 'progress' is present

2018-07-09 21:08:45 - [MESSAGE][PASSED] - Object 'progress' is NOT visible

2018-07-09 21:08:45 - [MESSAGE][PASSED] - Object 'item_in_last_folder' is visible

2018-07-09 21:08:46 - [MESSAGE][PASSED] - Object: 'item_in_last_folder' is clicked on

2018-07-09 21:08:47 - [MESSAGE][PASSED] - Delayed 1 second(s)

2018-07-09 21:08:47 - [MESSAGE][PASSED] - Text of object 'last_folder_in_cm_tree' is: '[42]Folder 15
ביום ביום ביום ביום
New Item2430
test2
eeee
New Item
New Item
doron 27-02-17
New Item
michal
Lev Item
Lev Item 2
Test VAT
New Item
scenario
New Scenario
New scenario
New Item
time future
Article
New Item
testing
fdsafds
testing widget
New Item
item 1103
New Item
New Item
New Item
email-test
word test
New Item
New Item
New Item
New Item
Briefing requires signature
Briefing no signature
scenario
fed_Qa
Hot Sale
New Item1
item_BRIEFING_3261'

2018-07-09 21:08:47 - [MESSAGE][PASSED] - Current viewport's left (x) position is 0

2018-07-09 21:08:47 - [MESSAGE][PASSED] - Current viewport's top (y) position is 0

2018-07-09 21:08:47 - [MESSAGE][PASSED] - Browser is scrolled to position x = 0, y = 0

2018-07-09 21:08:47 - [MESSAGE][PASSED] - Object 'progress' is present

2018-07-09 21:08:47 - [MESSAGE][PASSED] - Object 'progress' is NOT visible

2018-07-09 21:08:48 - [MESSAGE][PASSED] - Object 'remove_bar_button' is visible

2018-07-09 21:08:49 - [MESSAGE][PASSED] - Delayed 1 second(s)

2018-07-09 21:08:49 - [MESSAGE][PASSED] - Current viewport's left (x) position is 0

2018-07-09 21:08:49 - [MESSAGE][PASSED] - Current viewport's top (y) position is 0

2018-07-09 21:08:49 - [MESSAGE][PASSED] - Browser is scrolled to position x = 0, y = 0

2018-07-09 21:08:49 - [MESSAGE][PASSED] - Object 'progress' is present

2018-07-09 21:08:49 - [MESSAGE][PASSED] - Object 'progress' is NOT visible

2018-07-09 21:08:49 - [MESSAGE][PASSED] - Object 'remove_bar_button' is visible

2018-07-09 21:08:49 - [MESSAGE][PASSED] - Object: 'remove_bar_button' is clicked on

2018-07-09 21:08:50 - [MESSAGE][PASSED] - Delayed 1 second(s)

2018-07-09 21:08:51 - [MESSAGE][PASSED] - Delayed 1 second(s)

2018-07-09 21:08:51 - [MESSAGE][PASSED] - Current viewport's left (x) position is 0

2018-07-09 21:08:51 - [MESSAGE][PASSED] - Current viewport's top (y) position is 0

2018-07-09 21:08:51 - [MESSAGE][PASSED] - Browser is scrolled to position x = 0, y = 0

2018-07-09 21:08:51 - [MESSAGE][PASSED] - Object 'progress' is present

2018-07-09 21:08:51 - [MESSAGE][PASSED] - Object 'progress' is NOT visible

2018-07-09 21:08:51 - [MESSAGE][PASSED] - Object 'yes_remove_button' is visible

2018-07-09 21:08:51 - [MESSAGE][PASSED] - Object: 'yes_remove_button' is clicked on

2018-07-09 21:08:52 - [MESSAGE][PASSED] - Delayed 1 second(s)

2018-07-09 21:08:55 - [MESSAGE][PASSED] - Delayed 3 second(s)

2018-07-09 21:08:55 - [MESSAGE][PASSED] - Text of object 'last_folder_in_cm_tree' is: '[41]Folder 15
ביום ביום ביום ביום
New Item2430
test2
eeee
New Item
New Item
doron 27-02-17
New Item
michal
Lev Item
Lev Item 2
Test VAT
New Item
scenario
New Scenario
New scenario
New Item
time future
Article
New Item
testing
fdsafds
testing widget
New Item
item 1103
New Item
New Item
New Item
email-test
word test
New Item
New Item
New Item
New Item
Briefing requires signature
Briefing no signature
scenario
fed_Qa
Hot Sale
New Item1'

2018-07-09 21:08:55 - [MESSAGE][PASSED] - Actual object '41' and expected object '41' are equal

2018-07-09 21:08:55 - [MESSAGE][PASSED] - Current viewport's left (x) position is 0

2018-07-09 21:08:55 - [MESSAGE][PASSED] - Current viewport's top (y) position is 0

2018-07-09 21:08:55 - [MESSAGE][PASSED] - Browser is scrolled to position x = 0, y = 0

2018-07-09 21:08:55 - [MESSAGE][PASSED] - Object 'progress' is present

2018-07-09 21:08:55 - [MESSAGE][PASSED] - Object 'progress' is NOT visible

2018-07-09 21:08:58 - [MESSAGE][WARNING] - Web element with id: 'item_in_last_folder' located by 'By.xpath: //a[starts-with(text(), 'item_')]' not found

2018-07-09 21:08:58 - [TEST_STEP][NOT_RUN] - Statement - com.server.RolesHelper.getCm_En()._logout(): NOT_RUN: Statement - com.server.RolesHelper.getCm_En()._logout()

2018-07-09 21:08:58 - [MESSAGE][NOT_RUN] - NOT_RUN: Statement - com.server.RolesHelper.getCm_En()._logout()

2018-07-09 21:08:58 - [TEST_STEP][NOT_RUN] - closeBrowser: NOT_RUN: closeBrowser

2018-07-09 21:08:58 - [MESSAGE][NOT_RUN] - NOT_RUN: closeBrowser

2018-07-09 21:08:58 - [TEST_STEP][PASSED] - Start listener action : afterTestCase: Invoke 'com.kms.katalon.core.annotation.AfterTestCase' method: 'BaseTest.afterTestCase(...)' completed.]]></system-out>
         <system-err><![CDATA[]]></system-err>
      </testcase>
      <system-out><![CDATA[2018-07-09 21:07:44 - [TEST_SUITE][PASSED] - Test_Suit: Test Cases/Kms_Tests/Languages/En/Item_Creation/Create_Briefing_Online_Test_En]]></system-out>
      <system-err><![CDATA[]]></system-err>
   </testsuite>
</testsuites>
