<?xml version="1.0" encoding="UTF-8"?>
<testsuites name="briefing" time="188" tests="0" failures="1" errors="0">
   <testsuite name="briefing" tests="0" failures="1" errors="0" time="188" timestamp="2018-07-17 16:38:59" hostname="fed86 - DESKTOP-UNNJGJG" id="Test Suites/briefing">
      <properties>
         <property name="deviceName" value=""/>
         <property name="devicePlatform" value=""/>
         <property name="logFolder" value="D:\\kms_katalon\\kms_katalon_tests\\katalonGitTest\\Reports\\briefing\\20180717_163540"/>
         <property name="logFiles" value="D:\\kms_katalon\\kms_katalon_tests\\katalonGitTest\\Reports\\briefing\\20180717_163540\\execution0.log, D:\\kms_katalon\\kms_katalon_tests\\katalonGitTest\\Reports\\briefing\\20180717_163540\\IEDriverServer.log"/>
         <property name="attachments" value="D:\\kms_katalon\\kms_katalon_tests\\katalonGitTest\\Reports\\briefing\\20180717_163540\\Reports/IE_DRIVER/Cannot_invoke_method_contains()_on_null_object.png"/>
         <property name="hostName" value="fed86 - DESKTOP-UNNJGJG"/>
         <property name="os" value="Windows 10 64bit"/>
         <property name="katalonVersion" value="5.5.0.1"/>
         <property name="browser" value="IE 11"/>
         <property name="hostAddress" value="10.44.1.145"/>
         <property name="sessionId" value="b7fe4b6e-ffcd-4f50-86c1-e98b96d96f0e"/>
         <property name="seleniumVersion" value="3.7.1"/>
         <property name="proxyInformation" value="ProxyInformation{proxyOption=NO_PROXY, proxyServerType=HTTP, password=, proxyServerAddress=, proxyServerPort=0}"/>
         <property name="platform" value="Windows 10"/>
      </properties>
      <testcase name="Test Cases/Kms_Tests/Languages/En/Item_Creation/Create_briefing_Test_En" classname="Test Cases/Kms_Tests/Languages/En/Item_Creation/Create_briefing_Test_En" status="FAILED">
         <failure type="FAILED" message="Unable to verify equal between actual object '28' and expected object '29' (Root cause: Actual object '28' and expected object '29' are not equal)"/>
         <system-out><![CDATA[2018-07-17 16:39:00 - [TEST_CASE][FAILED] - Test Cases/Kms_Tests/Languages/En/Item_Creation/Create_briefing_Test_En: Test Cases/Kms_Tests/Languages/En/Item_Creation/Create_briefing_Test_En FAILED because (of) Unable to verify equal between actual object '28' and expected object '29' (Root cause: Actual object '28' and expected object '29' are not equal)

2018-07-17 16:39:00 - [TEST_STEP][PASSED] - Start listener action : beforeTestCase: Viewport is set to new size with width = 1400 and height = 1000

2018-07-17 16:39:00 - [TEST_STEP][PASSED] - Statement - com.kms.katalon.core.util.KeywordUtil.markWarning("Before Test case : " + testCase.getTestCaseId()): Before Test case : Test Cases/Kms_Tests/Languages/En/Item_Creation/Create_briefing_Test_En

2018-07-17 16:39:00 - [MESSAGE][WARNING] - Before Test case : Test Cases/Kms_Tests/Languages/En/Item_Creation/Create_briefing_Test_En

2018-07-17 16:39:00 - [TEST_STEP][PASSED] - Statement - instance: Viewport is set to new size with width = 1400 and height = 1000

2018-07-17 16:39:00 - [MESSAGE][WARNING] - Unable to get the url of the current window (Root cause: com.kms.katalon.core.webui.exception.BrowserNotOpenedException: Browser is not opened
Build info: version: '3.7.1', revision: '8a0099a', time: '2017-11-06T21:07:36.161Z'
System info: host: 'DESKTOP-UNNJGJG', ip: '10.44.1.145', os.name: 'Windows 10', os.arch: 'amd64', os.version: '10.0', java.version: '1.8.0_102'
Driver info: driver.version: unknown)

2018-07-17 16:39:02 - [MESSAGE][PASSED] - Browser is opened with url: 'http://kmsqa3:501/kms/lh/login'

2018-07-17 16:39:02 - [MESSAGE][PASSED] - Viewport is set to new size with width = 1400 and height = 1000

2018-07-17 16:39:02 - [TEST_STEP][PASSED] - Statement - com.system.RolesHelper.getCm_En()._Login_En(): Call Test Case 'Test Cases/LogIn_Tests/Languages/En/Login_Content_Manager_En_Test' successfully

2018-07-17 16:39:02 - [TEST_CASE][PASSED] - Test Cases/LogIn_Tests/Languages/En/Login_Content_Manager_En_Test: Test Cases/LogIn_Tests/Languages/En/Login_Content_Manager_En_Test

2018-07-17 16:39:02 - [TEST_STEP][PASSED] - Statement - com.system.RolesHelper.getCm_En().getLoginPage()._fill_UserName_Password(): Text 'admin' is set on object 'password_txt'

2018-07-17 16:39:03 - [MESSAGE][PASSED] - Object 'Object Repository/Login_Page_OR/Visual/pass_Logo' is visible

2018-07-17 16:39:03 - [MESSAGE][PASSED] - Object 'Object Repository/Login_Page_OR/Visual/userName_Logo' is visible

2018-07-17 16:39:03 - [MESSAGE][PASSED] - Object 'span_userName' is visible

2018-07-17 16:39:03 - [MESSAGE][PASSED] - Object 'span_password' is visible

2018-07-17 16:39:03 - [MESSAGE][PASSED] - Object 'userName_txt' is visible

2018-07-17 16:39:03 - [MESSAGE][PASSED] - Text of object 'userName_txt' is cleared

2018-07-17 16:39:04 - [MESSAGE][PASSED] - Text 'admin' is set on object 'userName_txt'

2018-07-17 16:39:04 - [MESSAGE][PASSED] - Object 'password_txt' is visible

2018-07-17 16:39:04 - [MESSAGE][PASSED] - Text of object 'password_txt' is cleared

2018-07-17 16:39:04 - [MESSAGE][PASSED] - Text 'admin' is set on object 'password_txt'

2018-07-17 16:39:04 - [TEST_STEP][PASSED] - Statement - com.system.RolesHelper.getCm_En().getLoginPage()._click_chooseLanguage(): Object: 'link_lang' is clicked on

2018-07-17 16:39:04 - [MESSAGE][PASSED] - Text of object 'link_change_lang' is: 'Change Language'

2018-07-17 16:39:04 - [MESSAGE][PASSED] - Actual object 'true' and expected object 'true' are equal

2018-07-17 16:39:04 - [MESSAGE][WARNING] - Comparing Change Language texts : true

2018-07-17 16:39:04 - [MESSAGE][PASSED] - Object 'link_change_lang' is visible

2018-07-17 16:39:05 - [MESSAGE][PASSED] - Object: 'link_change_lang' is clicked on

2018-07-17 16:39:06 - [MESSAGE][PASSED] - Object 'caret_lang' is visible

2018-07-17 16:39:07 - [MESSAGE][PASSED] - Object: 'caret_lang' is clicked on

2018-07-17 16:39:07 - [MESSAGE][PASSED] - Text of object 'link_lang' is: 'English'

2018-07-17 16:39:07 - [MESSAGE][PASSED] - Actual object 'true' and expected object 'true' are equal

2018-07-17 16:39:07 - [MESSAGE][WARNING] - Comparing English texts : true

2018-07-17 16:39:07 - [MESSAGE][PASSED] - Object 'link_lang' is visible

2018-07-17 16:39:08 - [MESSAGE][PASSED] - Object: 'link_lang' is clicked on

2018-07-17 16:39:08 - [TEST_STEP][PASSED] - Comment - "verify visual login form": null

2018-07-17 16:39:08 - [TEST_STEP][PASSED] - Statement - com.system.RolesHelper.getCm_En().getLoginPage()._click_LogIn_With_UserName_And_Password(): Object: 'auth_Login_button' is clicked on

2018-07-17 16:39:08 - [MESSAGE][PASSED] - Text of object 'auth_Login_button' is: 'LOGIN'

2018-07-17 16:39:08 - [MESSAGE][PASSED] - Actual object 'true' and expected object 'true' are equal

2018-07-17 16:39:08 - [MESSAGE][WARNING] - Comparing LOGIN texts : true

2018-07-17 16:39:08 - [MESSAGE][PASSED] - Object 'auth_Login_button' is visible

2018-07-17 16:39:10 - [MESSAGE][PASSED] - Object: 'auth_Login_button' is clicked on

2018-07-17 16:39:10 - [TEST_STEP][PASSED] - Statement - com.system.RolesHelper.getCm_En().getLoginPage()._select_View(): Object: 'link_role' is clicked on

2018-07-17 16:39:10 - [MESSAGE][PASSED] - Text of object 'title_layout' is: 'CHOOSE A LAYOUT'

2018-07-17 16:39:10 - [MESSAGE][PASSED] - Actual object 'true' and expected object 'true' are equal

2018-07-17 16:39:10 - [MESSAGE][WARNING] - Comparing CHOOSE A LAYOUT texts : true

2018-07-17 16:39:10 - [MESSAGE][PASSED] - Object 'dropDown_roles' is visible

2018-07-17 16:39:11 - [MESSAGE][PASSED] - Object: 'dropDown_roles' is clicked on

2018-07-17 16:39:11 - [MESSAGE][PASSED] - Text of object 'link_role' is: 'Content Manager'

2018-07-17 16:39:11 - [MESSAGE][PASSED] - Actual object 'true' and expected object 'true' are equal

2018-07-17 16:39:11 - [MESSAGE][WARNING] - Comparing Content Manager texts : true

2018-07-17 16:39:11 - [MESSAGE][PASSED] - Object 'link_role' is visible

2018-07-17 16:39:12 - [MESSAGE][PASSED] - Object: 'link_role' is clicked on

2018-07-17 16:39:12 - [TEST_STEP][PASSED] - Comment - "verify visual chosing role form": null

2018-07-17 16:39:12 - [TEST_STEP][PASSED] - Statement - com.system.RolesHelper.getCm_En().getLoginPage()._Enter_to_Kms(): Keys 'ENTER + ' sent to object: 'login_Kms_button'

2018-07-17 16:39:12 - [MESSAGE][PASSED] - Text of object 'login_Kms_button' is: 'LOGIN'

2018-07-17 16:39:12 - [MESSAGE][PASSED] - Actual object 'true' and expected object 'true' are equal

2018-07-17 16:39:12 - [MESSAGE][WARNING] - Comparing LOGIN texts : true

2018-07-17 16:39:12 - [MESSAGE][PASSED] - Object 'login_Kms_button' is visible

2018-07-17 16:39:13 - [MESSAGE][PASSED] - Keys 'ENTER + ' sent to object: 'login_Kms_button'

2018-07-17 16:39:13 - [MESSAGE][PASSED] - Call Test Case 'Test Cases/LogIn_Tests/Languages/En/Login_Content_Manager_En_Test' successfully

2018-07-17 16:39:13 - [TEST_STEP][PASSED] - Statement - com.system.RolesHelper.getCm_En().getSide_Bar()._click_upper_button_create_item(): Object: 'btn_create_new_item' is clicked on

2018-07-17 16:39:14 - [MESSAGE][PASSED] - Object 'progress' is present

2018-07-17 16:39:15 - [MESSAGE][PASSED] - Object 'progress' is NOT visible

2018-07-17 16:39:15 - [MESSAGE][PASSED] - Text of object 'btn_create_new_item' is: 'Create New Item'

2018-07-17 16:39:15 - [MESSAGE][PASSED] - Actual object 'true' and expected object 'true' are equal

2018-07-17 16:39:15 - [MESSAGE][WARNING] - Comparing Create New Item texts : true

2018-07-17 16:39:15 - [MESSAGE][PASSED] - Object 'btn_create_new_item' is visible

2018-07-17 16:39:16 - [MESSAGE][PASSED] - Object: 'btn_create_new_item' is hovered

2018-07-17 16:39:17 - [MESSAGE][PASSED] - Object: 'btn_create_new_item' is clicked on

2018-07-17 16:39:17 - [TEST_STEP][PASSED] - Statement - com.system.RolesHelper.getCm_En().getBriefing()._choose_Template_By_Typing(): Object: 'btn_ok_create_template' is clicked on

2018-07-17 16:39:18 - [MESSAGE][PASSED] - Delayed 1 second(s)

2018-07-17 16:39:18 - [MESSAGE][PASSED] - Object 'progress' is present

2018-07-17 16:39:18 - [MESSAGE][PASSED] - Object 'progress' is NOT visible

2018-07-17 16:39:18 - [MESSAGE][PASSED] - Object 'txt_create_item_template' is visible

2018-07-17 16:39:19 - [MESSAGE][PASSED] - Object: 'txt_create_item_template' is clicked on

2018-07-17 16:39:20 - [MESSAGE][PASSED] - Delayed 1 second(s)

2018-07-17 16:39:20 - [MESSAGE][PASSED] - Object 'progress' is present

2018-07-17 16:39:20 - [MESSAGE][PASSED] - Object 'progress' is NOT visible

2018-07-17 16:39:20 - [MESSAGE][PASSED] - Object 'txt_create_item_template' is visible

2018-07-17 16:39:20 - [MESSAGE][PASSED] - Text of object 'txt_create_item_template' is cleared

2018-07-17 16:39:21 - [MESSAGE][PASSED] - Text 'Briefing' is set on object 'txt_create_item_template'

2018-07-17 16:39:21 - [MESSAGE][PASSED] - Object 'progress' is present

2018-07-17 16:39:21 - [MESSAGE][PASSED] - Object 'progress' is NOT visible

2018-07-17 16:39:21 - [MESSAGE][PASSED] - Text of object 'btn_ok_create_template' is: 'Ok'

2018-07-17 16:39:21 - [MESSAGE][PASSED] - Actual object 'true' and expected object 'true' are equal

2018-07-17 16:39:21 - [MESSAGE][WARNING] - Comparing Ok texts : true

2018-07-17 16:39:21 - [MESSAGE][PASSED] - Object 'btn_ok_create_template' is visible

2018-07-17 16:39:22 - [MESSAGE][PASSED] - Object: 'btn_ok_create_template' is clicked on

2018-07-17 16:39:22 - [TEST_STEP][PASSED] - Statement - com.system.RolesHelper.getCm_En().getBriefing().getItem_property_tab_Briefing()._fill_property_tab(): Object: 'rbtn_signature_yes' is clicked on

2018-07-17 16:39:23 - [MESSAGE][PASSED] - Delayed 1 second(s)

2018-07-17 16:39:23 - [MESSAGE][PASSED] - Object 'progress' is present

2018-07-17 16:39:25 - [MESSAGE][WARNING] - Object 'progress' is visible after 1 second(s)

2018-07-17 16:39:26 - [MESSAGE][PASSED] - Delayed 1 second(s)

2018-07-17 16:39:26 - [MESSAGE][PASSED] - Object 'progress' is NOT visible

2018-07-17 16:39:26 - [MESSAGE][PASSED] - Browser is scrolled to position x = 0, y = 0

2018-07-17 16:39:27 - [MESSAGE][PASSED] - Text of object 'a_Item_Properties' is: 'Item Properties'

2018-07-17 16:39:27 - [MESSAGE][PASSED] - Actual object 'true' and expected object 'true' are equal

2018-07-17 16:39:27 - [MESSAGE][WARNING] - Comparing Item Properties texts : true

2018-07-17 16:39:27 - [MESSAGE][PASSED] - Object 'a_Item_Properties' is visible

2018-07-17 16:39:28 - [MESSAGE][PASSED] - Object: 'a_Item_Properties' is clicked on

2018-07-17 16:39:30 - [MESSAGE][PASSED] - Delayed 1 second(s)

2018-07-17 16:39:31 - [MESSAGE][PASSED] - Object: 'a_Item_Properties' is clicked on

2018-07-17 16:39:31 - [MESSAGE][PASSED] - Object 'progress' is present

2018-07-17 16:39:31 - [MESSAGE][PASSED] - Object 'progress' is NOT visible

2018-07-17 16:39:32 - [MESSAGE][PASSED] - Browser is scrolled to position x = 0, y = 0

2018-07-17 16:39:32 - [MESSAGE][PASSED] - Object 'lbl_itemType' is visible

2018-07-17 16:39:33 - [MESSAGE][PASSED] - Text of object 'lbl_itemType' is: 'Briefing'

2018-07-17 16:39:33 - [MESSAGE][PASSED] - Object 'progress' is present

2018-07-17 16:39:33 - [MESSAGE][PASSED] - Object 'progress' is NOT visible

2018-07-17 16:39:34 - [MESSAGE][PASSED] - Browser is scrolled to position x = 0, y = 0

2018-07-17 16:39:34 - [MESSAGE][PASSED] - Object 'lbl_update_date' is visible

2018-07-17 16:39:35 - [MESSAGE][PASSED] - Text of object 'lbl_update_date' is: '17/07/2018 16:38:54 PM'

2018-07-17 16:39:36 - [MESSAGE][PASSED] - Delayed 1 second(s)

2018-07-17 16:39:36 - [MESSAGE][PASSED] - Actual object 'briefing' and expected object 'briefing' are equal

2018-07-17 16:39:37 - [MESSAGE][PASSED] - Delayed 1 second(s)

2018-07-17 16:39:37 - [MESSAGE][PASSED] - Actual object '17/07/2018' and expected object '17/07/2018' are equal

2018-07-17 16:39:37 - [MESSAGE][PASSED] - Object 'progress' is present

2018-07-17 16:39:37 - [MESSAGE][PASSED] - Object 'progress' is NOT visible

2018-07-17 16:39:38 - [MESSAGE][PASSED] - Browser is scrolled to position x = 0, y = 0

2018-07-17 16:39:38 - [MESSAGE][PASSED] - Object 'lbl_itemId' is visible

2018-07-17 16:39:39 - [MESSAGE][PASSED] - Text of object 'lbl_itemId' is: '3674'

2018-07-17 16:39:39 - [MESSAGE][PASSED] - Object 'progress' is present

2018-07-17 16:39:39 - [MESSAGE][PASSED] - Object 'progress' is NOT visible

2018-07-17 16:39:40 - [MESSAGE][PASSED] - Browser is scrolled to position x = 0, y = 0

2018-07-17 16:39:40 - [MESSAGE][PASSED] - Object 'div_itemTitleForEdit' is visible

2018-07-17 16:39:42 - [MESSAGE][PASSED] - Object: 'div_itemTitleForEdit' is clicked on

2018-07-17 16:39:43 - [MESSAGE][PASSED] - Delayed 1 second(s)

2018-07-17 16:39:44 - [MESSAGE][PASSED] - Object: 'div_itemTitleForEdit' is clicked on

2018-07-17 16:39:45 - [MESSAGE][PASSED] - Object 'progress' is present

2018-07-17 16:39:45 - [MESSAGE][PASSED] - Object 'progress' is NOT visible

2018-07-17 16:39:45 - [MESSAGE][PASSED] - Browser is scrolled to position x = 0, y = 0

2018-07-17 16:39:46 - [MESSAGE][PASSED] - Object 'txt_itemTitleForEdit' is visible

2018-07-17 16:39:46 - [MESSAGE][PASSED] - Object 'progress' is present

2018-07-17 16:39:46 - [MESSAGE][PASSED] - Object 'progress' is NOT visible

2018-07-17 16:39:47 - [MESSAGE][PASSED] - Browser is scrolled to position x = 0, y = 0

2018-07-17 16:39:48 - [MESSAGE][PASSED] - Object 'txt_itemTitleForEdit' is visible

2018-07-17 16:39:48 - [MESSAGE][PASSED] - Object 'progress' is present

2018-07-17 16:39:48 - [MESSAGE][PASSED] - Object 'progress' is NOT visible

2018-07-17 16:39:49 - [MESSAGE][PASSED] - Browser is scrolled to position x = 0, y = 0

2018-07-17 16:39:49 - [MESSAGE][PASSED] - Object 'txt_itemTitleForEdit' is visible

2018-07-17 16:39:49 - [MESSAGE][PASSED] - Object 'progress' is present

2018-07-17 16:39:49 - [MESSAGE][PASSED] - Object 'progress' is NOT visible

2018-07-17 16:39:50 - [MESSAGE][PASSED] - Browser is scrolled to position x = 0, y = 0

2018-07-17 16:39:50 - [MESSAGE][PASSED] - Object 'txt_itemTitleForEdit' is visible

2018-07-17 16:39:51 - [MESSAGE][PASSED] - Keys 'item_Briefing_3674' sent to object: 'txt_itemTitleForEdit'

2018-07-17 16:39:51 - [MESSAGE][PASSED] - Object 'progress' is present

2018-07-17 16:39:52 - [MESSAGE][PASSED] - Object 'progress' is NOT visible

2018-07-17 16:39:52 - [MESSAGE][PASSED] - Browser is scrolled to position x = 0, y = 0

2018-07-17 16:39:52 - [MESSAGE][PASSED] - Object 'div_ShortDescriptionEdit' is visible

2018-07-17 16:39:54 - [MESSAGE][PASSED] - Object: 'div_ShortDescriptionEdit' is clicked on

2018-07-17 16:39:55 - [MESSAGE][PASSED] - Delayed 1 second(s)

2018-07-17 16:39:56 - [MESSAGE][PASSED] - Object: 'div_ShortDescriptionEdit' is clicked on

2018-07-17 16:39:56 - [MESSAGE][PASSED] - Object 'progress' is present

2018-07-17 16:39:57 - [MESSAGE][PASSED] - Object 'progress' is NOT visible

2018-07-17 16:39:57 - [MESSAGE][PASSED] - Browser is scrolled to position x = 0, y = 0

2018-07-17 16:39:58 - [MESSAGE][PASSED] - Object 'textarea_descriptionEdit' is visible

2018-07-17 16:39:58 - [MESSAGE][PASSED] - Object 'progress' is present

2018-07-17 16:39:58 - [MESSAGE][PASSED] - Object 'progress' is NOT visible

2018-07-17 16:39:58 - [MESSAGE][PASSED] - Browser is scrolled to position x = 0, y = 0

2018-07-17 16:39:59 - [MESSAGE][PASSED] - Object 'textarea_descriptionEdit' is visible

2018-07-17 16:40:00 - [MESSAGE][PASSED] - Object 'progress' is present

2018-07-17 16:40:00 - [MESSAGE][PASSED] - Object 'progress' is NOT visible

2018-07-17 16:40:00 - [MESSAGE][PASSED] - Browser is scrolled to position x = 0, y = 0

2018-07-17 16:40:01 - [MESSAGE][PASSED] - Object 'textarea_descriptionEdit' is visible

2018-07-17 16:40:01 - [MESSAGE][PASSED] - Object 'progress' is present

2018-07-17 16:40:01 - [MESSAGE][PASSED] - Object 'progress' is NOT visible

2018-07-17 16:40:02 - [MESSAGE][PASSED] - Browser is scrolled to position x = 0, y = 0

2018-07-17 16:40:03 - [MESSAGE][PASSED] - Object 'textarea_descriptionEdit' is visible

2018-07-17 16:40:03 - [MESSAGE][PASSED] - Keys 'short _description fed' sent to object: 'textarea_descriptionEdit'

2018-07-17 16:40:04 - [MESSAGE][PASSED] - Object 'progress' is present

2018-07-17 16:40:04 - [MESSAGE][PASSED] - Object 'progress' is NOT visible

2018-07-17 16:40:04 - [MESSAGE][PASSED] - Browser is scrolled to position x = 0, y = 227

2018-07-17 16:40:05 - [MESSAGE][PASSED] - Object 'select_status_from' is visible

2018-07-17 16:40:06 - [MESSAGE][PASSED] - All options with index in [1] are selected on object 'select_status_from'

2018-07-17 16:40:06 - [MESSAGE][PASSED] - Object 'progress' is present

2018-07-17 16:40:06 - [MESSAGE][PASSED] - Object 'progress' is NOT visible

2018-07-17 16:40:07 - [MESSAGE][PASSED] - Browser is scrolled to position x = 0, y = 0

2018-07-17 16:40:07 - [MESSAGE][PASSED] - Object 'txt_ST_DATE_FROM' is visible

2018-07-17 16:40:08 - [MESSAGE][PASSED] - Text of object 'txt_ST_DATE_FROM' is cleared

2018-07-17 16:40:09 - [MESSAGE][PASSED] - Text '04/07/2018 04:40:06' is set on object 'txt_ST_DATE_FROM'

2018-07-17 16:40:09 - [MESSAGE][PASSED] - Object 'progress' is present

2018-07-17 16:40:09 - [MESSAGE][PASSED] - Object 'progress' is NOT visible

2018-07-17 16:40:10 - [MESSAGE][PASSED] - Browser is scrolled to position x = 0, y = 0

2018-07-17 16:40:11 - [MESSAGE][PASSED] - Object 'txt_ST_DATE_FROM' is visible

2018-07-17 16:40:11 - [MESSAGE][PASSED] - Keys 'ESCAPE + ' sent to object: 'txt_ST_DATE_FROM'

2018-07-17 16:40:12 - [MESSAGE][PASSED] - Object 'progress' is present

2018-07-17 16:40:12 - [MESSAGE][PASSED] - Object 'progress' is NOT visible

2018-07-17 16:40:12 - [MESSAGE][PASSED] - Browser is scrolled to position x = 0, y = 207

2018-07-17 16:40:13 - [MESSAGE][PASSED] - Object 'select_status_to' is visible

2018-07-17 16:40:14 - [MESSAGE][PASSED] - All options with index in [3] are selected on object 'select_status_to'

2018-07-17 16:40:14 - [MESSAGE][PASSED] - Object 'progress' is present

2018-07-17 16:40:14 - [MESSAGE][PASSED] - Object 'progress' is NOT visible

2018-07-17 16:40:15 - [MESSAGE][PASSED] - Browser is scrolled to position x = 0, y = 207

2018-07-17 16:40:15 - [MESSAGE][PASSED] - Object 'txt_STATUS_DATE_TO' is visible

2018-07-17 16:40:16 - [MESSAGE][PASSED] - Text of object 'txt_STATUS_DATE_TO' is cleared

2018-07-17 16:40:17 - [MESSAGE][PASSED] - Text '05/07/2018 04:40:14' is set on object 'txt_STATUS_DATE_TO'

2018-07-17 16:40:18 - [MESSAGE][PASSED] - Object 'progress' is present

2018-07-17 16:40:18 - [MESSAGE][PASSED] - Object 'progress' is NOT visible

2018-07-17 16:40:18 - [MESSAGE][PASSED] - Browser is scrolled to position x = 0, y = 207

2018-07-17 16:40:19 - [MESSAGE][PASSED] - Object 'txt_STATUS_DATE_TO' is visible

2018-07-17 16:40:19 - [MESSAGE][PASSED] - Keys 'ESCAPE + ' sent to object: 'txt_STATUS_DATE_TO'

2018-07-17 16:40:20 - [MESSAGE][PASSED] - Object 'progress' is present

2018-07-17 16:40:20 - [MESSAGE][PASSED] - Object 'progress' is NOT visible

2018-07-17 16:40:21 - [MESSAGE][PASSED] - Browser is scrolled to position x = 0, y = 300

2018-07-17 16:40:21 - [MESSAGE][PASSED] - Object 'checkbox_active_ver' is visible

2018-07-17 16:40:22 - [MESSAGE][PASSED] - Object: 'checkbox_active_ver' is hovered

2018-07-17 16:40:23 - [MESSAGE][PASSED] - Object 'checkbox_active_ver' is checked

2018-07-17 16:40:23 - [MESSAGE][PASSED] - Object 'progress' is present

2018-07-17 16:40:23 - [MESSAGE][PASSED] - Object 'progress' is NOT visible

2018-07-17 16:40:24 - [MESSAGE][PASSED] - Browser is scrolled to position x = 0, y = 292

2018-07-17 16:40:24 - [MESSAGE][PASSED] - Object 'txt_act_date_from' is visible

2018-07-17 16:40:25 - [MESSAGE][PASSED] - Text of object 'txt_act_date_from' is cleared

2018-07-17 16:40:26 - [MESSAGE][PASSED] - Text '04/07/2018 04:40:23' is set on object 'txt_act_date_from'

2018-07-17 16:40:26 - [MESSAGE][PASSED] - Object 'progress' is present

2018-07-17 16:40:26 - [MESSAGE][PASSED] - Object 'progress' is NOT visible

2018-07-17 16:40:27 - [MESSAGE][PASSED] - Browser is scrolled to position x = 0, y = 292

2018-07-17 16:40:27 - [MESSAGE][PASSED] - Object 'txt_act_date_from' is visible

2018-07-17 16:40:28 - [MESSAGE][PASSED] - Keys 'ESCAPE + ' sent to object: 'txt_act_date_from'

2018-07-17 16:40:28 - [MESSAGE][PASSED] - Object 'progress' is present

2018-07-17 16:40:29 - [MESSAGE][PASSED] - Object 'progress' is NOT visible

2018-07-17 16:40:29 - [MESSAGE][PASSED] - Browser is scrolled to position x = 0, y = 387

2018-07-17 16:40:30 - [MESSAGE][PASSED] - Object 'checkbox_print' is visible

2018-07-17 16:40:30 - [MESSAGE][PASSED] - Object: 'checkbox_print' is hovered

2018-07-17 16:40:31 - [MESSAGE][WARNING] - Object 'checkbox_print' is not checked

2018-07-17 16:40:32 - [MESSAGE][PASSED] - Object 'checkbox_print' is checked

2018-07-17 16:40:33 - [MESSAGE][PASSED] - Object 'progress' is present

2018-07-17 16:40:33 - [MESSAGE][PASSED] - Object 'progress' is NOT visible

2018-07-17 16:40:33 - [MESSAGE][PASSED] - Browser is scrolled to position x = 0, y = 387

2018-07-17 16:40:34 - [MESSAGE][PASSED] - Object 'checkbox_email' is visible

2018-07-17 16:40:35 - [MESSAGE][PASSED] - Object: 'checkbox_email' is hovered

2018-07-17 16:40:35 - [MESSAGE][WARNING] - Object 'checkbox_email' is not checked

2018-07-17 16:40:37 - [MESSAGE][PASSED] - Object 'checkbox_email' is checked

2018-07-17 16:40:37 - [MESSAGE][PASSED] - Object 'progress' is present

2018-07-17 16:40:37 - [MESSAGE][PASSED] - Object 'progress' is NOT visible

2018-07-17 16:40:38 - [MESSAGE][PASSED] - Browser is scrolled to position x = 0, y = 387

2018-07-17 16:40:38 - [MESSAGE][PASSED] - Object 'checkbox_feedback' is visible

2018-07-17 16:40:39 - [MESSAGE][PASSED] - Object: 'checkbox_feedback' is hovered

2018-07-17 16:40:39 - [MESSAGE][PASSED] - Object 'checkbox_feedback' is checked

2018-07-17 16:40:40 - [MESSAGE][PASSED] - Object 'progress' is present

2018-07-17 16:40:40 - [MESSAGE][PASSED] - Object 'progress' is NOT visible

2018-07-17 16:40:41 - [MESSAGE][PASSED] - Browser is scrolled to position x = 0, y = 387

2018-07-17 16:40:41 - [MESSAGE][PASSED] - Object 'checkbox_bookmarks' is visible

2018-07-17 16:40:42 - [MESSAGE][PASSED] - Object: 'checkbox_bookmarks' is hovered

2018-07-17 16:40:42 - [MESSAGE][WARNING] - Object 'checkbox_bookmarks' is not checked

2018-07-17 16:40:43 - [MESSAGE][PASSED] - Object 'checkbox_bookmarks' is checked

2018-07-17 16:40:44 - [MESSAGE][PASSED] - Object 'progress' is present

2018-07-17 16:40:44 - [MESSAGE][PASSED] - Object 'progress' is NOT visible

2018-07-17 16:40:44 - [MESSAGE][PASSED] - Browser is scrolled to position x = 0, y = 387

2018-07-17 16:40:45 - [MESSAGE][PASSED] - Object 'checkbox_fax' is visible

2018-07-17 16:40:46 - [MESSAGE][PASSED] - Object: 'checkbox_fax' is hovered

2018-07-17 16:40:46 - [MESSAGE][WARNING] - Object 'checkbox_fax' is not checked

2018-07-17 16:40:48 - [MESSAGE][PASSED] - Object 'checkbox_fax' is checked

2018-07-17 16:40:48 - [MESSAGE][PASSED] - Object 'progress' is present

2018-07-17 16:40:48 - [MESSAGE][PASSED] - Object 'progress' is NOT visible

2018-07-17 16:40:49 - [MESSAGE][PASSED] - Browser is scrolled to position x = 0, y = 387

2018-07-17 16:40:49 - [MESSAGE][PASSED] - Object 'checkbox_search' is visible

2018-07-17 16:40:50 - [MESSAGE][PASSED] - Object: 'checkbox_search' is hovered

2018-07-17 16:40:51 - [MESSAGE][PASSED] - Object 'checkbox_search' is checked

2018-07-17 16:40:51 - [MESSAGE][PASSED] - Object 'progress' is present

2018-07-17 16:40:51 - [MESSAGE][PASSED] - Object 'progress' is NOT visible

2018-07-17 16:40:52 - [MESSAGE][PASSED] - Browser is scrolled to position x = 0, y = 387

2018-07-17 16:40:52 - [MESSAGE][PASSED] - Object 'checkbox_hit' is visible

2018-07-17 16:40:53 - [MESSAGE][PASSED] - Object: 'checkbox_hit' is hovered

2018-07-17 16:40:53 - [MESSAGE][PASSED] - Object 'checkbox_hit' is checked

2018-07-17 16:40:54 - [MESSAGE][PASSED] - Object 'progress' is present

2018-07-17 16:40:54 - [MESSAGE][PASSED] - Object 'progress' is NOT visible

2018-07-17 16:40:54 - [MESSAGE][PASSED] - Browser is scrolled to position x = 0, y = 640

2018-07-17 16:40:55 - [MESSAGE][PASSED] - Object 'chkbx_add_homepage' is visible

2018-07-17 16:40:56 - [MESSAGE][PASSED] - Object: 'chkbx_add_homepage' is hovered

2018-07-17 16:40:56 - [MESSAGE][WARNING] - Object 'chkbx_add_homepage' is not checked

2018-07-17 16:40:57 - [MESSAGE][PASSED] - Object 'chkbx_add_homepage' is checked

2018-07-17 16:40:58 - [MESSAGE][PASSED] - Object 'progress' is present

2018-07-17 16:40:58 - [MESSAGE][PASSED] - Object 'progress' is NOT visible

2018-07-17 16:40:58 - [MESSAGE][PASSED] - Browser is scrolled to position x = 0, y = 713

2018-07-17 16:40:59 - [MESSAGE][PASSED] - Object 'textarea_sms_desc' is visible

2018-07-17 16:40:59 - [MESSAGE][PASSED] - Keys ' sms_description ber' sent to object: 'textarea_sms_desc'

2018-07-17 16:41:00 - [MESSAGE][PASSED] - Object 'progress' is present

2018-07-17 16:41:00 - [MESSAGE][PASSED] - Object 'progress' is NOT visible

2018-07-17 16:41:00 - [MESSAGE][PASSED] - Browser is scrolled to position x = 0, y = 825

2018-07-17 16:41:01 - [MESSAGE][PASSED] - Object 'txt_promoted_words' is visible

2018-07-17 16:41:02 - [MESSAGE][PASSED] - Keys 'promo_words' sent to object: 'txt_promoted_words'

2018-07-17 16:41:03 - [MESSAGE][PASSED] - Keys 'ENTER + ' sent to object: 'txt_promoted_words'

2018-07-17 16:41:04 - [MESSAGE][PASSED] - Keys 'fed' sent to object: 'txt_promoted_words'

2018-07-17 16:41:05 - [MESSAGE][PASSED] - Keys 'ENTER + ' sent to object: 'txt_promoted_words'

2018-07-17 16:41:05 - [MESSAGE][PASSED] - Keys 'ber' sent to object: 'txt_promoted_words'

2018-07-17 16:41:06 - [MESSAGE][PASSED] - Keys 'ENTER + ' sent to object: 'txt_promoted_words'

2018-07-17 16:41:07 - [MESSAGE][PASSED] - Object 'progress' is present

2018-07-17 16:41:07 - [MESSAGE][PASSED] - Object 'progress' is NOT visible

2018-07-17 16:41:07 - [MESSAGE][PASSED] - Browser is scrolled to position x = 0, y = 561

2018-07-17 16:41:08 - [MESSAGE][PASSED] - Object 'rbtn_signature_yes' is visible

2018-07-17 16:41:09 - [MESSAGE][PASSED] - Object: 'rbtn_signature_yes' is hovered

2018-07-17 16:41:10 - [MESSAGE][PASSED] - Object: 'rbtn_signature_yes' is clicked on

2018-07-17 16:41:10 - [TEST_STEP][PASSED] - Statement - com.system.RolesHelper.getCm_En().getBriefing().getEdit_Tab()._choose_Date_Edit_Item(): Object: 'btn_Today' is clicked on

2018-07-17 16:41:10 - [MESSAGE][PASSED] - Object 'progress' is present

2018-07-17 16:41:10 - [MESSAGE][PASSED] - Object 'progress' is NOT visible

2018-07-17 16:41:11 - [MESSAGE][PASSED] - Browser is scrolled to position x = 0, y = 0

2018-07-17 16:41:11 - [MESSAGE][PASSED] - Text of object 'a_Edit_Tab' is: 'Edit Item'

2018-07-17 16:41:12 - [MESSAGE][PASSED] - Actual object 'true' and expected object 'true' are equal

2018-07-17 16:41:12 - [MESSAGE][WARNING] - Comparing Edit Item texts : true

2018-07-17 16:41:12 - [MESSAGE][PASSED] - Object 'a_Edit_Tab' is visible

2018-07-17 16:41:13 - [MESSAGE][PASSED] - Object: 'a_Edit_Tab' is clicked on

2018-07-17 16:41:15 - [MESSAGE][PASSED] - Delayed 1 second(s)

2018-07-17 16:41:16 - [MESSAGE][PASSED] - Object: 'a_Edit_Tab' is clicked on

2018-07-17 16:41:16 - [MESSAGE][PASSED] - Object 'progress' is present

2018-07-17 16:41:16 - [MESSAGE][PASSED] - Object 'progress' is NOT visible

2018-07-17 16:41:17 - [MESSAGE][PASSED] - Browser is scrolled to position x = 0, y = 0

2018-07-17 16:41:18 - [MESSAGE][PASSED] - Object 'txt_DATE_Edit_item' is visible

2018-07-17 16:41:18 - [MESSAGE][PASSED] - Object: 'txt_DATE_Edit_item' is hovered

2018-07-17 16:41:20 - [MESSAGE][PASSED] - Object: 'txt_DATE_Edit_item' is clicked on

2018-07-17 16:41:20 - [MESSAGE][PASSED] - Object 'progress' is present

2018-07-17 16:41:20 - [MESSAGE][PASSED] - Object 'progress' is NOT visible

2018-07-17 16:41:21 - [MESSAGE][PASSED] - Browser is scrolled to position x = 0, y = 0

2018-07-17 16:41:21 - [MESSAGE][PASSED] - Scroll to object 'btn_Today' successfully

2018-07-17 16:41:22 - [MESSAGE][PASSED] - Object: 'btn_Today' is hovered

2018-07-17 16:41:23 - [MESSAGE][PASSED] - Object: 'btn_Today' is clicked on

2018-07-17 16:41:24 - [TEST_STEP][PASSED] - Statement - com.system.RolesHelper.getCm_En().getBottom_Bar()._click_save_and_relocate_to_lastFolder(): Object: 'btn_saveAndRelocate' is clicked on

2018-07-17 16:41:24 - [MESSAGE][PASSED] - Object 'progress' is present

2018-07-17 16:41:24 - [MESSAGE][PASSED] - Object 'progress' is NOT visible

2018-07-17 16:41:24 - [MESSAGE][PASSED] - Object 'btn_saveAndRelocate' is visible

2018-07-17 16:41:24 - [MESSAGE][PASSED] - Object: 'btn_saveAndRelocate' is hovered

2018-07-17 16:41:25 - [MESSAGE][PASSED] - Object: 'btn_saveAndRelocate' is clicked on

2018-07-17 16:41:25 - [TEST_STEP][FAILED] - Statement - com.system.RolesHelper.getCm_En()._click_save_and_check_if_number_of_items_incremented_in_lastFolder(): Unable to verify equal between actual object '28' and expected object '29' (Root cause: Actual object '28' and expected object '29' are not equal)

2018-07-17 16:41:26 - [MESSAGE][PASSED] - Text of object 'a_last_folder_in_cm_tree' is: '[28]Folder 15'

2018-07-17 16:41:26 - [MESSAGE][PASSED] - Object 'progress' is present

2018-07-17 16:41:26 - [MESSAGE][PASSED] - Object 'progress' is NOT visible

2018-07-17 16:41:26 - [MESSAGE][PASSED] - Object 'a_choose_lastFolder_in_modal' is visible

2018-07-17 16:41:26 - [MESSAGE][PASSED] - Object: 'a_choose_lastFolder_in_modal' is hovered

2018-07-17 16:41:27 - [MESSAGE][PASSED] - Object: 'a_choose_lastFolder_in_modal' is clicked on

2018-07-17 16:41:27 - [MESSAGE][PASSED] - Object 'progress' is present

2018-07-17 16:41:27 - [MESSAGE][PASSED] - Object 'progress' is NOT visible

2018-07-17 16:41:27 - [MESSAGE][PASSED] - Object 'btn_save_in_last_folder' is visible

2018-07-17 16:41:28 - [MESSAGE][PASSED] - Object: 'btn_save_in_last_folder' is hovered

2018-07-17 16:41:29 - [MESSAGE][PASSED] - Object: 'btn_save_in_last_folder' is clicked on

2018-07-17 16:41:32 - [MESSAGE][PASSED] - Delayed 3 second(s)

2018-07-17 16:41:32 - [MESSAGE][PASSED] - Text of object 'a_last_folder_in_cm_tree' is: '[28]Folder 15'

2018-07-17 16:41:32 - [MESSAGE][FAILED] - Unable to verify equal between actual object '28' and expected object '29' (Root cause: Actual object '28' and expected object '29' are not equal)

2018-07-17 16:41:35 - [MESSAGE][PASSED] - Delayed 3 second(s)

2018-07-17 16:41:35 - [MESSAGE][PASSED] - Text of object 'a_last_folder_in_cm_tree' is: '[28]Folder 15'

2018-07-17 16:41:35 - [MESSAGE][FAILED] - Unable to verify equal between actual object '28' and expected object '29' (Root cause: Actual object '28' and expected object '29' are not equal)

2018-07-17 16:41:35 - [TEST_STEP][PASSED] - Statement - com.system.RolesHelper.getCm_En().getUpper_bar()._search_by_first_description_word(): Taking screenshot successfully

2018-07-17 16:41:35 - [MESSAGE][PASSED] - Object 'progress' is present

2018-07-17 16:41:35 - [MESSAGE][PASSED] - Object 'progress' is NOT visible

2018-07-17 16:41:35 - [MESSAGE][PASSED] - Object 'txt_search' is visible

2018-07-17 16:41:35 - [MESSAGE][PASSED] - Text of object 'txt_search' is cleared

2018-07-17 16:41:36 - [MESSAGE][PASSED] - Keys 's' sent to object: 'txt_search'

2018-07-17 16:41:36 - [MESSAGE][PASSED] - Keys 'h' sent to object: 'txt_search'

2018-07-17 16:41:36 - [MESSAGE][PASSED] - Keys 'o' sent to object: 'txt_search'

2018-07-17 16:41:37 - [MESSAGE][PASSED] - Keys 'r' sent to object: 'txt_search'

2018-07-17 16:41:37 - [MESSAGE][PASSED] - Keys 't' sent to object: 'txt_search'

2018-07-17 16:41:40 - [MESSAGE][PASSED] - Delayed 3 second(s)

2018-07-17 16:41:48 - [MESSAGE][WARNING] - Unable to get text of object 'a_serched_word' (Root cause: com.kms.katalon.core.webui.exception.WebElementNotFoundException: Web element with id: 'a_serched_word' located by 'By.xpath: //a[contains(.,'item_')]' not found)

2018-07-17 16:41:51 - [MESSAGE][PASSED] - Delayed 3 second(s)

2018-07-17 16:41:51 - [MESSAGE][PASSED] - Object 'progress' is present

2018-07-17 16:41:52 - [MESSAGE][PASSED] - Object 'progress' is NOT visible

2018-07-17 16:41:52 - [MESSAGE][PASSED] - Object 'txt_search' is visible

2018-07-17 16:41:52 - [MESSAGE][PASSED] - Text of object 'txt_search' is cleared

2018-07-17 16:41:52 - [MESSAGE][PASSED] - Keys 's' sent to object: 'txt_search'

2018-07-17 16:41:52 - [MESSAGE][PASSED] - Keys 'h' sent to object: 'txt_search'

2018-07-17 16:41:53 - [MESSAGE][PASSED] - Keys 'o' sent to object: 'txt_search'

2018-07-17 16:41:53 - [MESSAGE][PASSED] - Keys 'r' sent to object: 'txt_search'

2018-07-17 16:41:54 - [MESSAGE][PASSED] - Keys 't' sent to object: 'txt_search'

2018-07-17 16:41:57 - [MESSAGE][PASSED] - Delayed 3 second(s)

2018-07-17 16:42:05 - [MESSAGE][WARNING] - Unable to get text of object 'a_serched_word' (Root cause: com.kms.katalon.core.webui.exception.WebElementNotFoundException: Web element with id: 'a_serched_word' located by 'By.xpath: //a[contains(.,'item_')]' not found)

2018-07-17 16:42:07 - [MESSAGE][PASSED] - Taking screenshot successfully
[[ATTACHMENT|D:\\kms_katalon\\kms_katalon_tests\\katalonGitTest\\Reports\\briefing\\20180717_163540\\Reports/IE_DRIVER/Cannot_invoke_method_contains()_on_null_object.png]]

2018-07-17 16:42:07 - [TEST_STEP][PASSED] - Start listener action : afterTestCase: Invoke 'com.kms.katalon.core.annotation.AfterTestCase' method: 'BaseTest.afterTestCase(...)' completed.

2018-07-17 16:42:07 - [TEST_STEP][PASSED] - switchToDefaultContent: Invoke 'com.kms.katalon.core.annotation.AfterTestCase' method: 'BaseTest.afterTestCase(...)' completed.]]></system-out>
         <system-err><![CDATA[2018-07-17 16:39:00 - [TEST_CASE][FAILED] - Test Cases/Kms_Tests/Languages/En/Item_Creation/Create_briefing_Test_En: Test Cases/Kms_Tests/Languages/En/Item_Creation/Create_briefing_Test_En FAILED because (of) Unable to verify equal between actual object '28' and expected object '29' (Root cause: Actual object '28' and expected object '29' are not equal)]]></system-err>
      </testcase>
      <system-out><![CDATA[2018-07-17 16:38:59 - [TEST_SUITE][FAILED] - briefing: Test Cases/Kms_Tests/Languages/En/Item_Creation/Create_briefing_Test_En FAILED because (of) Unable to verify equal between actual object '28' and expected object '29' (Root cause: Actual object '28' and expected object '29' are not equal)]]></system-out>
      <system-err><![CDATA[2018-07-17 16:38:59 - [TEST_SUITE][FAILED] - briefing: Test Cases/Kms_Tests/Languages/En/Item_Creation/Create_briefing_Test_En FAILED because (of) Unable to verify equal between actual object '28' and expected object '29' (Root cause: Actual object '28' and expected object '29' are not equal)]]></system-err>
   </testsuite>
</testsuites>
