<?xml version="1.0" encoding="UTF-8"?>
<testsuites name="briefing" time="110" tests="1" failures="0" errors="0">
   <testsuite name="briefing" tests="1" failures="0" errors="0" time="110" timestamp="2018-07-17 16:35:44" hostname="fed86 - DESKTOP-UNNJGJG" id="Test Suites/briefing">
      <properties>
         <property name="deviceName" value=""/>
         <property name="devicePlatform" value=""/>
         <property name="logFolder" value="D:\\kms_katalon\\kms_katalon_tests\\katalonGitTest\\Reports\\briefing\\20180717_163538"/>
         <property name="logFiles" value="D:\\kms_katalon\\kms_katalon_tests\\katalonGitTest\\Reports\\briefing\\20180717_163538\\execution0.log"/>
         <property name="attachments" value=""/>
         <property name="hostName" value="fed86 - DESKTOP-UNNJGJG"/>
         <property name="os" value="Windows 10 64bit"/>
         <property name="katalonVersion" value="5.5.0.1"/>
         <property name="browser" value="Chrome 67.0.3396.99"/>
         <property name="hostAddress" value="10.44.1.145"/>
         <property name="sessionId" value="9e8e8d77fa57ab280d659d4f980d0076"/>
         <property name="seleniumVersion" value="3.7.1"/>
         <property name="proxyInformation" value="ProxyInformation{proxyOption=NO_PROXY, proxyServerType=HTTP, password=, proxyServerAddress=, proxyServerPort=0}"/>
         <property name="platform" value="Windows 10"/>
      </properties>
      <testcase name="Test Cases/Kms_Tests/Languages/En/Item_Creation/Create_briefing_Test_En" classname="Test Cases/Kms_Tests/Languages/En/Item_Creation/Create_briefing_Test_En" status="PASSED">
         <system-out><![CDATA[2018-07-17 16:35:44 - [TEST_CASE][PASSED] - Test Cases/Kms_Tests/Languages/En/Item_Creation/Create_briefing_Test_En: Test Cases/Kms_Tests/Languages/En/Item_Creation/Create_briefing_Test_En

2018-07-17 16:35:44 - [TEST_STEP][PASSED] - Start listener action : beforeTestCase: Viewport is set to new size with width = 1400 and height = 1000

2018-07-17 16:35:44 - [TEST_STEP][PASSED] - Statement - com.kms.katalon.core.util.KeywordUtil.markWarning("Before Test case : " + testCase.getTestCaseId()): Before Test case : Test Cases/Kms_Tests/Languages/En/Item_Creation/Create_briefing_Test_En

2018-07-17 16:35:44 - [MESSAGE][WARNING] - Before Test case : Test Cases/Kms_Tests/Languages/En/Item_Creation/Create_briefing_Test_En

2018-07-17 16:35:44 - [TEST_STEP][PASSED] - Statement - instance: Viewport is set to new size with width = 1400 and height = 1000

2018-07-17 16:35:44 - [MESSAGE][WARNING] - Unable to get the url of the current window (Root cause: com.kms.katalon.core.webui.exception.BrowserNotOpenedException: Browser is not opened
Build info: version: '3.7.1', revision: '8a0099a', time: '2017-11-06T21:07:36.161Z'
System info: host: 'DESKTOP-UNNJGJG', ip: '10.44.1.145', os.name: 'Windows 10', os.arch: 'amd64', os.version: '10.0', java.version: '1.8.0_102'
Driver info: driver.version: unknown)

2018-07-17 16:35:52 - [MESSAGE][PASSED] - Browser is opened with url: 'http://kmsqa3:501/kms/lh/login'

2018-07-17 16:35:53 - [MESSAGE][PASSED] - Viewport is set to new size with width = 1400 and height = 1000

2018-07-17 16:35:53 - [TEST_STEP][PASSED] - Statement - com.system.RolesHelper.getCm_En()._Login_En(): Call Test Case 'Test Cases/LogIn_Tests/Languages/En/Login_Content_Manager_En_Test' successfully

2018-07-17 16:35:53 - [TEST_CASE][PASSED] - Test Cases/LogIn_Tests/Languages/En/Login_Content_Manager_En_Test: Test Cases/LogIn_Tests/Languages/En/Login_Content_Manager_En_Test

2018-07-17 16:35:53 - [TEST_STEP][PASSED] - Statement - com.system.RolesHelper.getCm_En().getLoginPage()._fill_UserName_Password(): Text 'admin' is set on object 'password_txt'

2018-07-17 16:35:53 - [MESSAGE][PASSED] - Object 'Object Repository/Login_Page_OR/Visual/pass_Logo' is visible

2018-07-17 16:35:53 - [MESSAGE][PASSED] - Object 'Object Repository/Login_Page_OR/Visual/userName_Logo' is visible

2018-07-17 16:35:53 - [MESSAGE][PASSED] - Object 'span_userName' is visible

2018-07-17 16:35:53 - [MESSAGE][PASSED] - Object 'span_password' is visible

2018-07-17 16:35:53 - [MESSAGE][PASSED] - Object 'userName_txt' is visible

2018-07-17 16:35:53 - [MESSAGE][PASSED] - Text of object 'userName_txt' is cleared

2018-07-17 16:35:54 - [MESSAGE][PASSED] - Text 'admin' is set on object 'userName_txt'

2018-07-17 16:35:54 - [MESSAGE][PASSED] - Object 'password_txt' is visible

2018-07-17 16:35:54 - [MESSAGE][PASSED] - Text of object 'password_txt' is cleared

2018-07-17 16:35:54 - [MESSAGE][PASSED] - Text 'admin' is set on object 'password_txt'

2018-07-17 16:35:54 - [TEST_STEP][PASSED] - Statement - com.system.RolesHelper.getCm_En().getLoginPage()._click_chooseLanguage(): Object: 'link_lang' is clicked on

2018-07-17 16:35:54 - [MESSAGE][PASSED] - Text of object 'link_change_lang' is: 'Change Language'

2018-07-17 16:35:54 - [MESSAGE][PASSED] - Actual object 'true' and expected object 'true' are equal

2018-07-17 16:35:54 - [MESSAGE][WARNING] - Comparing Change Language texts : true

2018-07-17 16:35:54 - [MESSAGE][PASSED] - Object 'link_change_lang' is visible

2018-07-17 16:35:54 - [MESSAGE][PASSED] - Object: 'link_change_lang' is clicked on

2018-07-17 16:35:54 - [MESSAGE][PASSED] - Object 'caret_lang' is visible

2018-07-17 16:35:54 - [MESSAGE][PASSED] - Object: 'caret_lang' is clicked on

2018-07-17 16:35:54 - [MESSAGE][PASSED] - Text of object 'link_lang' is: 'English'

2018-07-17 16:35:54 - [MESSAGE][PASSED] - Actual object 'true' and expected object 'true' are equal

2018-07-17 16:35:54 - [MESSAGE][WARNING] - Comparing English texts : true

2018-07-17 16:35:54 - [MESSAGE][PASSED] - Object 'link_lang' is visible

2018-07-17 16:35:55 - [MESSAGE][PASSED] - Object: 'link_lang' is clicked on

2018-07-17 16:35:55 - [TEST_STEP][PASSED] - Comment - "verify visual login form": null

2018-07-17 16:35:55 - [TEST_STEP][PASSED] - Statement - com.system.RolesHelper.getCm_En().getLoginPage()._click_LogIn_With_UserName_And_Password(): Object: 'auth_Login_button' is clicked on

2018-07-17 16:35:55 - [MESSAGE][PASSED] - Text of object 'auth_Login_button' is: 'LOGIN'

2018-07-17 16:35:55 - [MESSAGE][PASSED] - Actual object 'true' and expected object 'true' are equal

2018-07-17 16:35:55 - [MESSAGE][WARNING] - Comparing LOGIN texts : true

2018-07-17 16:35:55 - [MESSAGE][PASSED] - Object 'auth_Login_button' is visible

2018-07-17 16:35:55 - [MESSAGE][PASSED] - Object: 'auth_Login_button' is clicked on

2018-07-17 16:35:55 - [TEST_STEP][PASSED] - Statement - com.system.RolesHelper.getCm_En().getLoginPage()._select_View(): Object: 'link_role' is clicked on

2018-07-17 16:35:55 - [MESSAGE][PASSED] - Text of object 'title_layout' is: 'CHOOSE A LAYOUT'

2018-07-17 16:35:55 - [MESSAGE][PASSED] - Actual object 'true' and expected object 'true' are equal

2018-07-17 16:35:55 - [MESSAGE][WARNING] - Comparing CHOOSE A LAYOUT texts : true

2018-07-17 16:35:55 - [MESSAGE][PASSED] - Object 'dropDown_roles' is visible

2018-07-17 16:35:55 - [MESSAGE][PASSED] - Object: 'dropDown_roles' is clicked on

2018-07-17 16:35:55 - [MESSAGE][PASSED] - Text of object 'link_role' is: 'Content Manager'

2018-07-17 16:35:55 - [MESSAGE][PASSED] - Actual object 'true' and expected object 'true' are equal

2018-07-17 16:35:55 - [MESSAGE][WARNING] - Comparing Content Manager texts : true

2018-07-17 16:35:55 - [MESSAGE][PASSED] - Object 'link_role' is visible

2018-07-17 16:35:55 - [MESSAGE][PASSED] - Object: 'link_role' is clicked on

2018-07-17 16:35:55 - [TEST_STEP][PASSED] - Comment - "verify visual chosing role form": null

2018-07-17 16:35:55 - [TEST_STEP][PASSED] - Statement - com.system.RolesHelper.getCm_En().getLoginPage()._Enter_to_Kms(): Keys 'ENTER + ' sent to object: 'login_Kms_button'

2018-07-17 16:35:56 - [MESSAGE][PASSED] - Text of object 'login_Kms_button' is: 'LOGIN'

2018-07-17 16:35:56 - [MESSAGE][PASSED] - Actual object 'true' and expected object 'true' are equal

2018-07-17 16:35:56 - [MESSAGE][WARNING] - Comparing LOGIN texts : true

2018-07-17 16:35:56 - [MESSAGE][PASSED] - Object 'login_Kms_button' is visible

2018-07-17 16:36:07 - [MESSAGE][PASSED] - Keys 'ENTER + ' sent to object: 'login_Kms_button'

2018-07-17 16:36:07 - [MESSAGE][PASSED] - Call Test Case 'Test Cases/LogIn_Tests/Languages/En/Login_Content_Manager_En_Test' successfully

2018-07-17 16:36:07 - [TEST_STEP][PASSED] - Statement - com.system.RolesHelper.getCm_En().getSide_Bar()._click_upper_button_create_item(): Object: 'btn_create_new_item' is clicked on

2018-07-17 16:36:07 - [MESSAGE][PASSED] - Object 'progress' is present

2018-07-17 16:36:08 - [MESSAGE][PASSED] - Object 'progress' is NOT visible

2018-07-17 16:36:08 - [MESSAGE][PASSED] - Text of object 'btn_create_new_item' is: 'Create New Item'

2018-07-17 16:36:08 - [MESSAGE][PASSED] - Actual object 'true' and expected object 'true' are equal

2018-07-17 16:36:08 - [MESSAGE][WARNING] - Comparing Create New Item texts : true

2018-07-17 16:36:08 - [MESSAGE][PASSED] - Object 'btn_create_new_item' is visible

2018-07-17 16:36:08 - [MESSAGE][PASSED] - Object: 'btn_create_new_item' is hovered

2018-07-17 16:36:08 - [MESSAGE][PASSED] - Object: 'btn_create_new_item' is clicked on

2018-07-17 16:36:08 - [TEST_STEP][PASSED] - Statement - com.system.RolesHelper.getCm_En().getBriefing()._choose_Template_By_Typing(): Object: 'btn_ok_create_template' is clicked on

2018-07-17 16:36:09 - [MESSAGE][PASSED] - Delayed 1 second(s)

2018-07-17 16:36:09 - [MESSAGE][PASSED] - Object 'progress' is present

2018-07-17 16:36:09 - [MESSAGE][PASSED] - Object 'progress' is NOT visible

2018-07-17 16:36:09 - [MESSAGE][PASSED] - Object 'txt_create_item_template' is visible

2018-07-17 16:36:09 - [MESSAGE][PASSED] - Object: 'txt_create_item_template' is clicked on

2018-07-17 16:36:10 - [MESSAGE][PASSED] - Delayed 1 second(s)

2018-07-17 16:36:10 - [MESSAGE][PASSED] - Object 'progress' is present

2018-07-17 16:36:10 - [MESSAGE][PASSED] - Object 'progress' is NOT visible

2018-07-17 16:36:10 - [MESSAGE][PASSED] - Object 'txt_create_item_template' is visible

2018-07-17 16:36:10 - [MESSAGE][PASSED] - Text of object 'txt_create_item_template' is cleared

2018-07-17 16:36:11 - [MESSAGE][PASSED] - Text 'Briefing' is set on object 'txt_create_item_template'

2018-07-17 16:36:11 - [MESSAGE][PASSED] - Object 'progress' is present

2018-07-17 16:36:11 - [MESSAGE][PASSED] - Object 'progress' is NOT visible

2018-07-17 16:36:11 - [MESSAGE][PASSED] - Text of object 'btn_ok_create_template' is: 'Ok'

2018-07-17 16:36:11 - [MESSAGE][PASSED] - Actual object 'true' and expected object 'true' are equal

2018-07-17 16:36:11 - [MESSAGE][WARNING] - Comparing Ok texts : true

2018-07-17 16:36:11 - [MESSAGE][PASSED] - Object 'btn_ok_create_template' is visible

2018-07-17 16:36:11 - [MESSAGE][PASSED] - Object: 'btn_ok_create_template' is clicked on

2018-07-17 16:36:11 - [TEST_STEP][PASSED] - Statement - com.system.RolesHelper.getCm_En().getBriefing().getItem_property_tab_Briefing()._fill_property_tab(): Object: 'rbtn_signature_yes' is clicked on

2018-07-17 16:36:12 - [MESSAGE][PASSED] - Delayed 1 second(s)

2018-07-17 16:36:12 - [MESSAGE][PASSED] - Object 'progress' is present

2018-07-17 16:36:13 - [MESSAGE][WARNING] - Object 'progress' is visible after 1 second(s)

2018-07-17 16:36:14 - [MESSAGE][PASSED] - Delayed 1 second(s)

2018-07-17 16:36:15 - [MESSAGE][WARNING] - Object 'progress' is visible after 1 second(s)

2018-07-17 16:36:16 - [MESSAGE][PASSED] - Delayed 1 second(s)

2018-07-17 16:36:17 - [MESSAGE][PASSED] - Object 'progress' is NOT visible

2018-07-17 16:36:17 - [MESSAGE][PASSED] - Browser is scrolled to position x = 0, y = 0

2018-07-17 16:36:17 - [MESSAGE][PASSED] - Text of object 'a_Item_Properties' is: 'Item Properties'

2018-07-17 16:36:17 - [MESSAGE][PASSED] - Actual object 'true' and expected object 'true' are equal

2018-07-17 16:36:17 - [MESSAGE][WARNING] - Comparing Item Properties texts : true

2018-07-17 16:36:17 - [MESSAGE][PASSED] - Object 'a_Item_Properties' is visible

2018-07-17 16:36:17 - [MESSAGE][PASSED] - Object: 'a_Item_Properties' is clicked on

2018-07-17 16:36:18 - [MESSAGE][PASSED] - Delayed 1 second(s)

2018-07-17 16:36:18 - [MESSAGE][PASSED] - Object: 'a_Item_Properties' is clicked on

2018-07-17 16:36:18 - [MESSAGE][PASSED] - Object 'progress' is present

2018-07-17 16:36:18 - [MESSAGE][PASSED] - Object 'progress' is NOT visible

2018-07-17 16:36:18 - [MESSAGE][PASSED] - Browser is scrolled to position x = 0, y = 0

2018-07-17 16:36:19 - [MESSAGE][PASSED] - Object 'lbl_itemType' is visible

2018-07-17 16:36:19 - [MESSAGE][PASSED] - Text of object 'lbl_itemType' is: 'Briefing'

2018-07-17 16:36:19 - [MESSAGE][PASSED] - Object 'progress' is present

2018-07-17 16:36:19 - [MESSAGE][PASSED] - Object 'progress' is NOT visible

2018-07-17 16:36:19 - [MESSAGE][PASSED] - Browser is scrolled to position x = 0, y = 0

2018-07-17 16:36:19 - [MESSAGE][PASSED] - Object 'lbl_update_date' is visible

2018-07-17 16:36:19 - [MESSAGE][PASSED] - Text of object 'lbl_update_date' is: '17/07/2018 16:35:42 PM'

2018-07-17 16:36:20 - [MESSAGE][PASSED] - Delayed 1 second(s)

2018-07-17 16:36:20 - [MESSAGE][PASSED] - Actual object 'briefing' and expected object 'briefing' are equal

2018-07-17 16:36:21 - [MESSAGE][PASSED] - Delayed 1 second(s)

2018-07-17 16:36:21 - [MESSAGE][PASSED] - Actual object '17/07/2018' and expected object '17/07/2018' are equal

2018-07-17 16:36:21 - [MESSAGE][PASSED] - Object 'progress' is present

2018-07-17 16:36:21 - [MESSAGE][PASSED] - Object 'progress' is NOT visible

2018-07-17 16:36:21 - [MESSAGE][PASSED] - Browser is scrolled to position x = 0, y = 0

2018-07-17 16:36:21 - [MESSAGE][PASSED] - Object 'lbl_itemId' is visible

2018-07-17 16:36:21 - [MESSAGE][PASSED] - Text of object 'lbl_itemId' is: '3672'

2018-07-17 16:36:21 - [MESSAGE][PASSED] - Object 'progress' is present

2018-07-17 16:36:21 - [MESSAGE][PASSED] - Object 'progress' is NOT visible

2018-07-17 16:36:21 - [MESSAGE][PASSED] - Browser is scrolled to position x = 0, y = 0

2018-07-17 16:36:21 - [MESSAGE][PASSED] - Object 'div_itemTitleForEdit' is visible

2018-07-17 16:36:21 - [MESSAGE][PASSED] - Object: 'div_itemTitleForEdit' is clicked on

2018-07-17 16:36:22 - [MESSAGE][PASSED] - Delayed 1 second(s)

2018-07-17 16:36:23 - [MESSAGE][PASSED] - Object: 'div_itemTitleForEdit' is clicked on

2018-07-17 16:36:23 - [MESSAGE][PASSED] - Object 'progress' is present

2018-07-17 16:36:23 - [MESSAGE][PASSED] - Object 'progress' is NOT visible

2018-07-17 16:36:23 - [MESSAGE][PASSED] - Browser is scrolled to position x = 0, y = 0

2018-07-17 16:36:23 - [MESSAGE][PASSED] - Object 'txt_itemTitleForEdit' is visible

2018-07-17 16:36:23 - [MESSAGE][PASSED] - Object 'progress' is present

2018-07-17 16:36:23 - [MESSAGE][PASSED] - Object 'progress' is NOT visible

2018-07-17 16:36:23 - [MESSAGE][PASSED] - Browser is scrolled to position x = 0, y = 0

2018-07-17 16:36:23 - [MESSAGE][PASSED] - Object 'txt_itemTitleForEdit' is visible

2018-07-17 16:36:23 - [MESSAGE][PASSED] - Object 'progress' is present

2018-07-17 16:36:23 - [MESSAGE][PASSED] - Object 'progress' is NOT visible

2018-07-17 16:36:23 - [MESSAGE][PASSED] - Browser is scrolled to position x = 0, y = 0

2018-07-17 16:36:23 - [MESSAGE][PASSED] - Object 'txt_itemTitleForEdit' is visible

2018-07-17 16:36:23 - [MESSAGE][PASSED] - Object 'progress' is present

2018-07-17 16:36:23 - [MESSAGE][PASSED] - Object 'progress' is NOT visible

2018-07-17 16:36:23 - [MESSAGE][PASSED] - Browser is scrolled to position x = 0, y = 0

2018-07-17 16:36:23 - [MESSAGE][PASSED] - Object 'txt_itemTitleForEdit' is visible

2018-07-17 16:36:23 - [MESSAGE][PASSED] - Keys 'item_Briefing_3672' sent to object: 'txt_itemTitleForEdit'

2018-07-17 16:36:23 - [MESSAGE][PASSED] - Object 'progress' is present

2018-07-17 16:36:23 - [MESSAGE][PASSED] - Object 'progress' is NOT visible

2018-07-17 16:36:23 - [MESSAGE][PASSED] - Browser is scrolled to position x = 0, y = 0

2018-07-17 16:36:24 - [MESSAGE][PASSED] - Object 'div_ShortDescriptionEdit' is visible

2018-07-17 16:36:24 - [MESSAGE][PASSED] - Object: 'div_ShortDescriptionEdit' is clicked on

2018-07-17 16:36:25 - [MESSAGE][PASSED] - Delayed 1 second(s)

2018-07-17 16:36:25 - [MESSAGE][PASSED] - Object: 'div_ShortDescriptionEdit' is clicked on

2018-07-17 16:36:25 - [MESSAGE][PASSED] - Object 'progress' is present

2018-07-17 16:36:25 - [MESSAGE][PASSED] - Object 'progress' is NOT visible

2018-07-17 16:36:25 - [MESSAGE][PASSED] - Browser is scrolled to position x = 0, y = 0

2018-07-17 16:36:25 - [MESSAGE][PASSED] - Object 'textarea_descriptionEdit' is visible

2018-07-17 16:36:25 - [MESSAGE][PASSED] - Object 'progress' is present

2018-07-17 16:36:25 - [MESSAGE][PASSED] - Object 'progress' is NOT visible

2018-07-17 16:36:25 - [MESSAGE][PASSED] - Browser is scrolled to position x = 0, y = 0

2018-07-17 16:36:25 - [MESSAGE][PASSED] - Object 'textarea_descriptionEdit' is visible

2018-07-17 16:36:25 - [MESSAGE][PASSED] - Object 'progress' is present

2018-07-17 16:36:25 - [MESSAGE][PASSED] - Object 'progress' is NOT visible

2018-07-17 16:36:25 - [MESSAGE][PASSED] - Browser is scrolled to position x = 0, y = 0

2018-07-17 16:36:25 - [MESSAGE][PASSED] - Object 'textarea_descriptionEdit' is visible

2018-07-17 16:36:25 - [MESSAGE][PASSED] - Object 'progress' is present

2018-07-17 16:36:25 - [MESSAGE][PASSED] - Object 'progress' is NOT visible

2018-07-17 16:36:25 - [MESSAGE][PASSED] - Browser is scrolled to position x = 0, y = 0

2018-07-17 16:36:25 - [MESSAGE][PASSED] - Object 'textarea_descriptionEdit' is visible

2018-07-17 16:36:26 - [MESSAGE][PASSED] - Keys 'short _description fed' sent to object: 'textarea_descriptionEdit'

2018-07-17 16:36:26 - [MESSAGE][PASSED] - Object 'progress' is present

2018-07-17 16:36:26 - [MESSAGE][PASSED] - Object 'progress' is NOT visible

2018-07-17 16:36:26 - [MESSAGE][PASSED] - Browser is scrolled to position x = 0, y = 237

2018-07-17 16:36:26 - [MESSAGE][PASSED] - Object 'select_status_from' is visible

2018-07-17 16:36:26 - [MESSAGE][PASSED] - All options with index in [1] are selected on object 'select_status_from'

2018-07-17 16:36:26 - [MESSAGE][PASSED] - Object 'progress' is present

2018-07-17 16:36:26 - [MESSAGE][PASSED] - Object 'progress' is NOT visible

2018-07-17 16:36:26 - [MESSAGE][PASSED] - Browser is scrolled to position x = 0, y = 0

2018-07-17 16:36:26 - [MESSAGE][PASSED] - Object 'txt_ST_DATE_FROM' is visible

2018-07-17 16:36:26 - [MESSAGE][PASSED] - Text of object 'txt_ST_DATE_FROM' is cleared

2018-07-17 16:36:27 - [MESSAGE][PASSED] - Text '04/07/2018 04:36:26' is set on object 'txt_ST_DATE_FROM'

2018-07-17 16:36:27 - [MESSAGE][PASSED] - Object 'progress' is present

2018-07-17 16:36:27 - [MESSAGE][PASSED] - Object 'progress' is NOT visible

2018-07-17 16:36:27 - [MESSAGE][PASSED] - Browser is scrolled to position x = 0, y = 0

2018-07-17 16:36:27 - [MESSAGE][PASSED] - Object 'txt_ST_DATE_FROM' is visible

2018-07-17 16:36:27 - [MESSAGE][PASSED] - Keys 'ESCAPE + ' sent to object: 'txt_ST_DATE_FROM'

2018-07-17 16:36:27 - [MESSAGE][PASSED] - Object 'progress' is present

2018-07-17 16:36:27 - [MESSAGE][PASSED] - Object 'progress' is NOT visible

2018-07-17 16:36:27 - [MESSAGE][PASSED] - Browser is scrolled to position x = 0, y = 207

2018-07-17 16:36:27 - [MESSAGE][PASSED] - Object 'select_status_to' is visible

2018-07-17 16:36:27 - [MESSAGE][PASSED] - All options with index in [3] are selected on object 'select_status_to'

2018-07-17 16:36:27 - [MESSAGE][PASSED] - Object 'progress' is present

2018-07-17 16:36:27 - [MESSAGE][PASSED] - Object 'progress' is NOT visible

2018-07-17 16:36:27 - [MESSAGE][PASSED] - Browser is scrolled to position x = 0, y = 207

2018-07-17 16:36:27 - [MESSAGE][PASSED] - Object 'txt_STATUS_DATE_TO' is visible

2018-07-17 16:36:27 - [MESSAGE][PASSED] - Text of object 'txt_STATUS_DATE_TO' is cleared

2018-07-17 16:36:28 - [MESSAGE][PASSED] - Text '05/07/2018 04:36:27' is set on object 'txt_STATUS_DATE_TO'

2018-07-17 16:36:28 - [MESSAGE][PASSED] - Object 'progress' is present

2018-07-17 16:36:28 - [MESSAGE][PASSED] - Object 'progress' is NOT visible

2018-07-17 16:36:28 - [MESSAGE][PASSED] - Browser is scrolled to position x = 0, y = 207

2018-07-17 16:36:28 - [MESSAGE][PASSED] - Object 'txt_STATUS_DATE_TO' is visible

2018-07-17 16:36:28 - [MESSAGE][PASSED] - Keys 'ESCAPE + ' sent to object: 'txt_STATUS_DATE_TO'

2018-07-17 16:36:28 - [MESSAGE][PASSED] - Object 'progress' is present

2018-07-17 16:36:28 - [MESSAGE][PASSED] - Object 'progress' is NOT visible

2018-07-17 16:36:28 - [MESSAGE][PASSED] - Browser is scrolled to position x = 0, y = 299

2018-07-17 16:36:28 - [MESSAGE][PASSED] - Object 'checkbox_active_ver' is visible

2018-07-17 16:36:28 - [MESSAGE][PASSED] - Object: 'checkbox_active_ver' is hovered

2018-07-17 16:36:28 - [MESSAGE][PASSED] - Object 'checkbox_active_ver' is checked

2018-07-17 16:36:28 - [MESSAGE][PASSED] - Object 'progress' is present

2018-07-17 16:36:28 - [MESSAGE][PASSED] - Object 'progress' is NOT visible

2018-07-17 16:36:28 - [MESSAGE][PASSED] - Browser is scrolled to position x = 0, y = 292

2018-07-17 16:36:28 - [MESSAGE][PASSED] - Object 'txt_act_date_from' is visible

2018-07-17 16:36:28 - [MESSAGE][PASSED] - Text of object 'txt_act_date_from' is cleared

2018-07-17 16:36:29 - [MESSAGE][PASSED] - Text '04/07/2018 04:36:28' is set on object 'txt_act_date_from'

2018-07-17 16:36:29 - [MESSAGE][PASSED] - Object 'progress' is present

2018-07-17 16:36:29 - [MESSAGE][PASSED] - Object 'progress' is NOT visible

2018-07-17 16:36:29 - [MESSAGE][PASSED] - Browser is scrolled to position x = 0, y = 292

2018-07-17 16:36:29 - [MESSAGE][PASSED] - Object 'txt_act_date_from' is visible

2018-07-17 16:36:29 - [MESSAGE][PASSED] - Keys 'ESCAPE + ' sent to object: 'txt_act_date_from'

2018-07-17 16:36:29 - [MESSAGE][PASSED] - Object 'progress' is present

2018-07-17 16:36:29 - [MESSAGE][PASSED] - Object 'progress' is NOT visible

2018-07-17 16:36:29 - [MESSAGE][PASSED] - Browser is scrolled to position x = 0, y = 387

2018-07-17 16:36:29 - [MESSAGE][PASSED] - Object 'checkbox_print' is visible

2018-07-17 16:36:29 - [MESSAGE][PASSED] - Object: 'checkbox_print' is hovered

2018-07-17 16:36:29 - [MESSAGE][WARNING] - Object 'checkbox_print' is not checked

2018-07-17 16:36:29 - [MESSAGE][PASSED] - Object 'checkbox_print' is checked

2018-07-17 16:36:29 - [MESSAGE][PASSED] - Object 'progress' is present

2018-07-17 16:36:29 - [MESSAGE][PASSED] - Object 'progress' is NOT visible

2018-07-17 16:36:29 - [MESSAGE][PASSED] - Browser is scrolled to position x = 0, y = 387

2018-07-17 16:36:29 - [MESSAGE][PASSED] - Object 'checkbox_email' is visible

2018-07-17 16:36:29 - [MESSAGE][PASSED] - Object: 'checkbox_email' is hovered

2018-07-17 16:36:29 - [MESSAGE][WARNING] - Object 'checkbox_email' is not checked

2018-07-17 16:36:29 - [MESSAGE][PASSED] - Object 'checkbox_email' is checked

2018-07-17 16:36:29 - [MESSAGE][PASSED] - Object 'progress' is present

2018-07-17 16:36:30 - [MESSAGE][PASSED] - Object 'progress' is NOT visible

2018-07-17 16:36:30 - [MESSAGE][PASSED] - Browser is scrolled to position x = 0, y = 387

2018-07-17 16:36:30 - [MESSAGE][PASSED] - Object 'checkbox_feedback' is visible

2018-07-17 16:36:30 - [MESSAGE][PASSED] - Object: 'checkbox_feedback' is hovered

2018-07-17 16:36:30 - [MESSAGE][PASSED] - Object 'checkbox_feedback' is checked

2018-07-17 16:36:30 - [MESSAGE][PASSED] - Object 'progress' is present

2018-07-17 16:36:30 - [MESSAGE][PASSED] - Object 'progress' is NOT visible

2018-07-17 16:36:30 - [MESSAGE][PASSED] - Browser is scrolled to position x = 0, y = 387

2018-07-17 16:36:30 - [MESSAGE][PASSED] - Object 'checkbox_bookmarks' is visible

2018-07-17 16:36:30 - [MESSAGE][PASSED] - Object: 'checkbox_bookmarks' is hovered

2018-07-17 16:36:30 - [MESSAGE][WARNING] - Object 'checkbox_bookmarks' is not checked

2018-07-17 16:36:30 - [MESSAGE][PASSED] - Object 'checkbox_bookmarks' is checked

2018-07-17 16:36:30 - [MESSAGE][PASSED] - Object 'progress' is present

2018-07-17 16:36:30 - [MESSAGE][PASSED] - Object 'progress' is NOT visible

2018-07-17 16:36:30 - [MESSAGE][PASSED] - Browser is scrolled to position x = 0, y = 387

2018-07-17 16:36:30 - [MESSAGE][PASSED] - Object 'checkbox_fax' is visible

2018-07-17 16:36:31 - [MESSAGE][PASSED] - Object: 'checkbox_fax' is hovered

2018-07-17 16:36:31 - [MESSAGE][WARNING] - Object 'checkbox_fax' is not checked

2018-07-17 16:36:31 - [MESSAGE][PASSED] - Object 'checkbox_fax' is checked

2018-07-17 16:36:31 - [MESSAGE][PASSED] - Object 'progress' is present

2018-07-17 16:36:31 - [MESSAGE][PASSED] - Object 'progress' is NOT visible

2018-07-17 16:36:31 - [MESSAGE][PASSED] - Browser is scrolled to position x = 0, y = 387

2018-07-17 16:36:31 - [MESSAGE][PASSED] - Object 'checkbox_search' is visible

2018-07-17 16:36:31 - [MESSAGE][PASSED] - Object: 'checkbox_search' is hovered

2018-07-17 16:36:31 - [MESSAGE][PASSED] - Object 'checkbox_search' is checked

2018-07-17 16:36:31 - [MESSAGE][PASSED] - Object 'progress' is present

2018-07-17 16:36:31 - [MESSAGE][PASSED] - Object 'progress' is NOT visible

2018-07-17 16:36:31 - [MESSAGE][PASSED] - Browser is scrolled to position x = 0, y = 387

2018-07-17 16:36:31 - [MESSAGE][PASSED] - Object 'checkbox_hit' is visible

2018-07-17 16:36:31 - [MESSAGE][PASSED] - Object: 'checkbox_hit' is hovered

2018-07-17 16:36:31 - [MESSAGE][PASSED] - Object 'checkbox_hit' is checked

2018-07-17 16:36:31 - [MESSAGE][PASSED] - Object 'progress' is present

2018-07-17 16:36:31 - [MESSAGE][PASSED] - Object 'progress' is NOT visible

2018-07-17 16:36:31 - [MESSAGE][PASSED] - Browser is scrolled to position x = 0, y = 638

2018-07-17 16:36:32 - [MESSAGE][PASSED] - Object 'chkbx_add_homepage' is visible

2018-07-17 16:36:32 - [MESSAGE][PASSED] - Object: 'chkbx_add_homepage' is hovered

2018-07-17 16:36:32 - [MESSAGE][WARNING] - Object 'chkbx_add_homepage' is not checked

2018-07-17 16:36:32 - [MESSAGE][PASSED] - Object 'chkbx_add_homepage' is checked

2018-07-17 16:36:32 - [MESSAGE][PASSED] - Object 'progress' is present

2018-07-17 16:36:32 - [MESSAGE][PASSED] - Object 'progress' is NOT visible

2018-07-17 16:36:32 - [MESSAGE][PASSED] - Browser is scrolled to position x = 0, y = 711

2018-07-17 16:36:32 - [MESSAGE][PASSED] - Object 'textarea_sms_desc' is visible

2018-07-17 16:36:32 - [MESSAGE][PASSED] - Keys ' sms_description ber' sent to object: 'textarea_sms_desc'

2018-07-17 16:36:32 - [MESSAGE][PASSED] - Object 'progress' is present

2018-07-17 16:36:32 - [MESSAGE][PASSED] - Object 'progress' is NOT visible

2018-07-17 16:36:32 - [MESSAGE][PASSED] - Browser is scrolled to position x = 0, y = 830

2018-07-17 16:36:32 - [MESSAGE][PASSED] - Object 'txt_promoted_words' is visible

2018-07-17 16:36:32 - [MESSAGE][PASSED] - Keys 'promo_words' sent to object: 'txt_promoted_words'

2018-07-17 16:36:33 - [MESSAGE][PASSED] - Keys 'ENTER + ' sent to object: 'txt_promoted_words'

2018-07-17 16:36:33 - [MESSAGE][PASSED] - Keys 'fed' sent to object: 'txt_promoted_words'

2018-07-17 16:36:33 - [MESSAGE][PASSED] - Keys 'ENTER + ' sent to object: 'txt_promoted_words'

2018-07-17 16:36:33 - [MESSAGE][PASSED] - Keys 'ber' sent to object: 'txt_promoted_words'

2018-07-17 16:36:33 - [MESSAGE][PASSED] - Keys 'ENTER + ' sent to object: 'txt_promoted_words'

2018-07-17 16:36:33 - [MESSAGE][PASSED] - Object 'progress' is present

2018-07-17 16:36:33 - [MESSAGE][PASSED] - Object 'progress' is NOT visible

2018-07-17 16:36:33 - [MESSAGE][PASSED] - Browser is scrolled to position x = 0, y = 560

2018-07-17 16:36:33 - [MESSAGE][PASSED] - Object 'rbtn_signature_yes' is visible

2018-07-17 16:36:34 - [MESSAGE][PASSED] - Object: 'rbtn_signature_yes' is hovered

2018-07-17 16:36:34 - [MESSAGE][PASSED] - Object: 'rbtn_signature_yes' is clicked on

2018-07-17 16:36:34 - [TEST_STEP][PASSED] - Statement - com.system.RolesHelper.getCm_En().getBriefing().getEdit_Tab()._choose_Date_Edit_Item(): Object: 'btn_Today' is clicked on

2018-07-17 16:36:34 - [MESSAGE][PASSED] - Object 'progress' is present

2018-07-17 16:36:34 - [MESSAGE][PASSED] - Object 'progress' is NOT visible

2018-07-17 16:36:34 - [MESSAGE][PASSED] - Browser is scrolled to position x = 0, y = 0

2018-07-17 16:36:34 - [MESSAGE][PASSED] - Text of object 'a_Edit_Tab' is: 'Edit Item'

2018-07-17 16:36:34 - [MESSAGE][PASSED] - Actual object 'true' and expected object 'true' are equal

2018-07-17 16:36:34 - [MESSAGE][WARNING] - Comparing Edit Item texts : true

2018-07-17 16:36:34 - [MESSAGE][PASSED] - Object 'a_Edit_Tab' is visible

2018-07-17 16:36:34 - [MESSAGE][PASSED] - Object: 'a_Edit_Tab' is clicked on

2018-07-17 16:36:35 - [MESSAGE][PASSED] - Delayed 1 second(s)

2018-07-17 16:36:35 - [MESSAGE][PASSED] - Object: 'a_Edit_Tab' is clicked on

2018-07-17 16:36:35 - [MESSAGE][PASSED] - Object 'progress' is present

2018-07-17 16:36:35 - [MESSAGE][PASSED] - Object 'progress' is NOT visible

2018-07-17 16:36:35 - [MESSAGE][PASSED] - Browser is scrolled to position x = 0, y = 0

2018-07-17 16:36:35 - [MESSAGE][PASSED] - Object 'txt_DATE_Edit_item' is visible

2018-07-17 16:36:35 - [MESSAGE][PASSED] - Object: 'txt_DATE_Edit_item' is hovered

2018-07-17 16:36:35 - [MESSAGE][PASSED] - Object: 'txt_DATE_Edit_item' is clicked on

2018-07-17 16:36:35 - [MESSAGE][PASSED] - Object 'progress' is present

2018-07-17 16:36:35 - [MESSAGE][PASSED] - Object 'progress' is NOT visible

2018-07-17 16:36:36 - [MESSAGE][PASSED] - Browser is scrolled to position x = 0, y = 0

2018-07-17 16:36:36 - [MESSAGE][PASSED] - Scroll to object 'btn_Today' successfully

2018-07-17 16:36:36 - [MESSAGE][PASSED] - Object: 'btn_Today' is hovered

2018-07-17 16:36:36 - [MESSAGE][PASSED] - Object: 'btn_Today' is clicked on

2018-07-17 16:36:36 - [TEST_STEP][PASSED] - Statement - com.system.RolesHelper.getCm_En().getBottom_Bar()._click_save_and_relocate_to_lastFolder(): Object: 'btn_saveAndRelocate' is clicked on

2018-07-17 16:36:36 - [MESSAGE][PASSED] - Object 'progress' is present

2018-07-17 16:36:36 - [MESSAGE][PASSED] - Object 'progress' is NOT visible

2018-07-17 16:36:36 - [MESSAGE][PASSED] - Object 'btn_saveAndRelocate' is visible

2018-07-17 16:36:36 - [MESSAGE][PASSED] - Object: 'btn_saveAndRelocate' is hovered

2018-07-17 16:36:36 - [MESSAGE][PASSED] - Object: 'btn_saveAndRelocate' is clicked on

2018-07-17 16:36:36 - [TEST_STEP][PASSED] - Statement - com.system.RolesHelper.getCm_En()._click_save_and_check_if_number_of_items_incremented_in_lastFolder(): Actual object '30' and expected object '30' are equal

2018-07-17 16:36:36 - [MESSAGE][PASSED] - Text of object 'a_last_folder_in_cm_tree' is: '[29]Folder 15'

2018-07-17 16:36:36 - [MESSAGE][PASSED] - Object 'progress' is present

2018-07-17 16:36:36 - [MESSAGE][PASSED] - Object 'progress' is NOT visible

2018-07-17 16:36:36 - [MESSAGE][PASSED] - Object 'a_choose_lastFolder_in_modal' is visible

2018-07-17 16:36:37 - [MESSAGE][PASSED] - Object: 'a_choose_lastFolder_in_modal' is hovered

2018-07-17 16:36:37 - [MESSAGE][PASSED] - Object: 'a_choose_lastFolder_in_modal' is clicked on

2018-07-17 16:36:37 - [MESSAGE][PASSED] - Object 'progress' is present

2018-07-17 16:36:37 - [MESSAGE][PASSED] - Object 'progress' is NOT visible

2018-07-17 16:36:37 - [MESSAGE][PASSED] - Object 'btn_save_in_last_folder' is visible

2018-07-17 16:36:37 - [MESSAGE][PASSED] - Object: 'btn_save_in_last_folder' is hovered

2018-07-17 16:36:37 - [MESSAGE][PASSED] - Object: 'btn_save_in_last_folder' is clicked on

2018-07-17 16:36:40 - [MESSAGE][PASSED] - Delayed 3 second(s)

2018-07-17 16:36:40 - [MESSAGE][PASSED] - Text of object 'a_last_folder_in_cm_tree' is: '[30]Folder 15'

2018-07-17 16:36:40 - [MESSAGE][PASSED] - Actual object '30' and expected object '30' are equal

2018-07-17 16:36:40 - [TEST_STEP][PASSED] - Statement - com.system.RolesHelper.getCm_En().getUpper_bar()._search_by_first_description_word(): Comparing item_ texts : true

2018-07-17 16:36:40 - [MESSAGE][PASSED] - Object 'progress' is present

2018-07-17 16:36:40 - [MESSAGE][PASSED] - Object 'progress' is NOT visible

2018-07-17 16:36:40 - [MESSAGE][PASSED] - Object 'txt_search' is visible

2018-07-17 16:36:40 - [MESSAGE][PASSED] - Text of object 'txt_search' is cleared

2018-07-17 16:36:40 - [MESSAGE][PASSED] - Keys 's' sent to object: 'txt_search'

2018-07-17 16:36:40 - [MESSAGE][PASSED] - Keys 'h' sent to object: 'txt_search'

2018-07-17 16:36:40 - [MESSAGE][PASSED] - Keys 'o' sent to object: 'txt_search'

2018-07-17 16:36:40 - [MESSAGE][PASSED] - Keys 'r' sent to object: 'txt_search'

2018-07-17 16:36:41 - [MESSAGE][PASSED] - Keys 't' sent to object: 'txt_search'

2018-07-17 16:36:44 - [MESSAGE][PASSED] - Delayed 3 second(s)

2018-07-17 16:36:44 - [MESSAGE][PASSED] - Text of object 'a_serched_word' is: 'item_general_3606'

2018-07-17 16:36:44 - [MESSAGE][PASSED] - Actual object 'true' and expected object 'true' are equal

2018-07-17 16:36:44 - [MESSAGE][WARNING] - Comparing item_ texts : true

2018-07-17 16:36:44 - [MESSAGE][PASSED] - Object 'progress' is present

2018-07-17 16:36:44 - [MESSAGE][PASSED] - Object 'progress' is NOT visible

2018-07-17 16:36:50 - [MESSAGE][PASSED] - Object 'txt_search' is visible

2018-07-17 16:36:50 - [MESSAGE][PASSED] - Text of object 'txt_search' is cleared

2018-07-17 16:36:50 - [MESSAGE][PASSED] - Keys '_' sent to object: 'txt_search'

2018-07-17 16:36:51 - [MESSAGE][PASSED] - Keys 'd' sent to object: 'txt_search'

2018-07-17 16:36:51 - [MESSAGE][PASSED] - Keys 'e' sent to object: 'txt_search'

2018-07-17 16:36:51 - [MESSAGE][PASSED] - Keys 's' sent to object: 'txt_search'

2018-07-17 16:36:51 - [MESSAGE][PASSED] - Keys 'c' sent to object: 'txt_search'

2018-07-17 16:36:51 - [MESSAGE][PASSED] - Keys 'r' sent to object: 'txt_search'

2018-07-17 16:36:51 - [MESSAGE][PASSED] - Keys 'i' sent to object: 'txt_search'

2018-07-17 16:36:52 - [MESSAGE][PASSED] - Keys 'p' sent to object: 'txt_search'

2018-07-17 16:36:52 - [MESSAGE][PASSED] - Keys 't' sent to object: 'txt_search'

2018-07-17 16:36:52 - [MESSAGE][PASSED] - Keys 'i' sent to object: 'txt_search'

2018-07-17 16:36:52 - [MESSAGE][PASSED] - Keys 'o' sent to object: 'txt_search'

2018-07-17 16:36:52 - [MESSAGE][PASSED] - Keys 'n' sent to object: 'txt_search'

2018-07-17 16:36:56 - [MESSAGE][PASSED] - Delayed 3 second(s)

2018-07-17 16:36:56 - [MESSAGE][PASSED] - Text of object 'a_serched_word' is: 'item_general_3606'

2018-07-17 16:36:56 - [MESSAGE][PASSED] - Actual object 'true' and expected object 'true' are equal

2018-07-17 16:36:56 - [MESSAGE][WARNING] - Comparing item_ texts : true

2018-07-17 16:36:56 - [MESSAGE][PASSED] - Object 'progress' is present

2018-07-17 16:36:56 - [MESSAGE][PASSED] - Object 'progress' is NOT visible

2018-07-17 16:36:56 - [MESSAGE][PASSED] - Object 'txt_search' is visible

2018-07-17 16:36:56 - [MESSAGE][PASSED] - Text of object 'txt_search' is cleared

2018-07-17 16:36:56 - [MESSAGE][PASSED] - Keys 'f' sent to object: 'txt_search'

2018-07-17 16:36:56 - [MESSAGE][PASSED] - Keys 'e' sent to object: 'txt_search'

2018-07-17 16:36:56 - [MESSAGE][PASSED] - Keys 'd' sent to object: 'txt_search'

2018-07-17 16:36:59 - [MESSAGE][PASSED] - Delayed 3 second(s)

2018-07-17 16:36:59 - [MESSAGE][PASSED] - Text of object 'a_serched_word' is: 'item_general_3606'

2018-07-17 16:36:59 - [MESSAGE][PASSED] - Actual object 'true' and expected object 'true' are equal

2018-07-17 16:36:59 - [MESSAGE][WARNING] - Comparing item_ texts : true

2018-07-17 16:36:59 - [TEST_STEP][PASSED] - Statement - com.system.RolesHelper.getCm_En()._delete_all_created_items(): Object 'a_item_in_last_folder' is not visible after 3 second(s)

2018-07-17 16:36:59 - [MESSAGE][PASSED] - Object 'progress' is present

2018-07-17 16:36:59 - [MESSAGE][PASSED] - Object 'progress' is NOT visible

2018-07-17 16:37:02 - [MESSAGE][WARNING] - Object 'a_item_in_last_folder' is not visible after 3 second(s)

2018-07-17 16:37:03 - [MESSAGE][PASSED] - Delayed 1 second(s)

2018-07-17 16:37:03 - [MESSAGE][PASSED] - Object 'progress' is present

2018-07-17 16:37:03 - [MESSAGE][PASSED] - Object 'progress' is NOT visible

2018-07-17 16:37:03 - [MESSAGE][PASSED] - Object 'a_last_folder_in_cm_tree' is visible

2018-07-17 16:37:04 - [MESSAGE][PASSED] - Object: 'a_last_folder_in_cm_tree' is clicked on

2018-07-17 16:37:05 - [MESSAGE][PASSED] - Delayed 1 second(s)

2018-07-17 16:37:05 - [MESSAGE][PASSED] - Object 'progress' is present

2018-07-17 16:37:05 - [MESSAGE][PASSED] - Object 'progress' is NOT visible

2018-07-17 16:37:05 - [MESSAGE][PASSED] - Object 'a_item_in_last_folder' is visible

2018-07-17 16:37:05 - [MESSAGE][PASSED] - Object 'progress' is present

2018-07-17 16:37:05 - [MESSAGE][PASSED] - Object 'progress' is NOT visible

2018-07-17 16:37:05 - [MESSAGE][PASSED] - Object 'a_item_in_last_folder' is visible

2018-07-17 16:37:05 - [MESSAGE][PASSED] - Object 'progress' is present

2018-07-17 16:37:05 - [MESSAGE][PASSED] - Object 'progress' is NOT visible

2018-07-17 16:37:05 - [MESSAGE][PASSED] - Object 'a_item_in_last_folder' is visible

2018-07-17 16:37:06 - [MESSAGE][PASSED] - Delayed 1 second(s)

2018-07-17 16:37:06 - [MESSAGE][PASSED] - Object 'progress' is present

2018-07-17 16:37:06 - [MESSAGE][PASSED] - Object 'progress' is NOT visible

2018-07-17 16:37:06 - [MESSAGE][PASSED] - Object 'a_item_in_last_folder' is visible

2018-07-17 16:37:06 - [MESSAGE][PASSED] - Object: 'a_item_in_last_folder' is clicked on

2018-07-17 16:37:07 - [MESSAGE][PASSED] - Delayed 1 second(s)

2018-07-17 16:37:07 - [MESSAGE][PASSED] - Text of object 'a_last_folder_in_cm_tree' is: '[30]Folder 15
ביום ביום ביום ביום
test2
eeee
doron 27-02-17
michal
Lev Item
Lev Item 2
Test VAT
scenario
New Scenario
New scenario
time future
Article
testing
fdsafds
testing widget
item 1103
email-test
word test
Briefing requires signature
Briefing no signature
scenario
fed_Qa
Hot Sale
inna test
item_General_3606
item_General_3607
New Itemitem_Briefing_3671
New Itemitem_Briefing_3672'

2018-07-17 16:37:07 - [MESSAGE][PASSED] - Object 'progress' is present

2018-07-17 16:37:08 - [MESSAGE][PASSED] - Object 'progress' is NOT visible

2018-07-17 16:37:08 - [MESSAGE][PASSED] - Object 'btn_remove_bar' is visible

2018-07-17 16:37:09 - [MESSAGE][PASSED] - Delayed 1 second(s)

2018-07-17 16:37:09 - [MESSAGE][PASSED] - Object 'progress' is present

2018-07-17 16:37:09 - [MESSAGE][PASSED] - Object 'progress' is NOT visible

2018-07-17 16:37:09 - [MESSAGE][PASSED] - Object 'btn_remove_bar' is visible

2018-07-17 16:37:09 - [MESSAGE][PASSED] - Object: 'btn_remove_bar' is clicked on

2018-07-17 16:37:10 - [MESSAGE][PASSED] - Delayed 1 second(s)

2018-07-17 16:37:10 - [MESSAGE][PASSED] - Object 'progress' is present

2018-07-17 16:37:10 - [MESSAGE][PASSED] - Object 'progress' is NOT visible

2018-07-17 16:37:10 - [MESSAGE][PASSED] - Object 'yes_remove_button' is visible

2018-07-17 16:37:10 - [MESSAGE][PASSED] - Object 'progress' is present

2018-07-17 16:37:10 - [MESSAGE][PASSED] - Object 'progress' is NOT visible

2018-07-17 16:37:10 - [MESSAGE][PASSED] - Object 'yes_remove_button' is visible

2018-07-17 16:37:10 - [MESSAGE][PASSED] - Object 'progress' is present

2018-07-17 16:37:10 - [MESSAGE][PASSED] - Object 'progress' is NOT visible

2018-07-17 16:37:10 - [MESSAGE][PASSED] - Object 'yes_remove_button' is visible

2018-07-17 16:37:11 - [MESSAGE][PASSED] - Delayed 1 second(s)

2018-07-17 16:37:11 - [MESSAGE][PASSED] - Object 'progress' is present

2018-07-17 16:37:11 - [MESSAGE][PASSED] - Object 'progress' is NOT visible

2018-07-17 16:37:11 - [MESSAGE][PASSED] - Object 'yes_remove_button' is visible

2018-07-17 16:37:11 - [MESSAGE][PASSED] - Object: 'yes_remove_button' is clicked on

2018-07-17 16:37:12 - [MESSAGE][PASSED] - Delayed 1 second(s)

2018-07-17 16:37:15 - [MESSAGE][PASSED] - Delayed 3 second(s)

2018-07-17 16:37:15 - [MESSAGE][PASSED] - Text of object 'a_last_folder_in_cm_tree' is: '[29]Folder 15
ביום ביום ביום ביום
test2
eeee
doron 27-02-17
michal
Lev Item
Lev Item 2
Test VAT
scenario
New Scenario
New scenario
time future
Article
testing
fdsafds
testing widget
item 1103
email-test
word test
Briefing requires signature
Briefing no signature
scenario
fed_Qa
Hot Sale
inna test
item_General_3606
item_General_3607
New Itemitem_Briefing_3672'

2018-07-17 16:37:15 - [MESSAGE][PASSED] - Actual object '29' and expected object '29' are equal

2018-07-17 16:37:15 - [MESSAGE][PASSED] - Object 'progress' is present

2018-07-17 16:37:15 - [MESSAGE][PASSED] - Object 'progress' is NOT visible

2018-07-17 16:37:16 - [MESSAGE][PASSED] - Object 'a_item_in_last_folder' is visible

2018-07-17 16:37:17 - [MESSAGE][PASSED] - Delayed 1 second(s)

2018-07-17 16:37:17 - [MESSAGE][PASSED] - Object 'progress' is present

2018-07-17 16:37:17 - [MESSAGE][PASSED] - Object 'progress' is NOT visible

2018-07-17 16:37:17 - [MESSAGE][PASSED] - Object 'a_item_in_last_folder' is visible

2018-07-17 16:37:17 - [MESSAGE][PASSED] - Object: 'a_item_in_last_folder' is clicked on

2018-07-17 16:37:18 - [MESSAGE][PASSED] - Delayed 1 second(s)

2018-07-17 16:37:18 - [MESSAGE][PASSED] - Text of object 'a_last_folder_in_cm_tree' is: '[29]Folder 15
ביום ביום ביום ביום
test2
eeee
doron 27-02-17
michal
Lev Item
Lev Item 2
Test VAT
scenario
New Scenario
New scenario
time future
Article
testing
fdsafds
testing widget
item 1103
email-test
word test
Briefing requires signature
Briefing no signature
scenario
fed_Qa
Hot Sale
inna test
item_General_3606
item_General_3607
New Itemitem_Briefing_3672'

2018-07-17 16:37:18 - [MESSAGE][PASSED] - Object 'progress' is present

2018-07-17 16:37:18 - [MESSAGE][PASSED] - Object 'progress' is NOT visible

2018-07-17 16:37:18 - [MESSAGE][PASSED] - Object 'btn_remove_bar' is visible

2018-07-17 16:37:19 - [MESSAGE][PASSED] - Delayed 1 second(s)

2018-07-17 16:37:19 - [MESSAGE][PASSED] - Object 'progress' is present

2018-07-17 16:37:19 - [MESSAGE][PASSED] - Object 'progress' is NOT visible

2018-07-17 16:37:19 - [MESSAGE][PASSED] - Object 'btn_remove_bar' is visible

2018-07-17 16:37:19 - [MESSAGE][PASSED] - Object: 'btn_remove_bar' is clicked on

2018-07-17 16:37:20 - [MESSAGE][PASSED] - Delayed 1 second(s)

2018-07-17 16:37:20 - [MESSAGE][PASSED] - Object 'progress' is present

2018-07-17 16:37:20 - [MESSAGE][PASSED] - Object 'progress' is NOT visible

2018-07-17 16:37:20 - [MESSAGE][PASSED] - Object 'yes_remove_button' is visible

2018-07-17 16:37:20 - [MESSAGE][PASSED] - Object 'progress' is present

2018-07-17 16:37:20 - [MESSAGE][PASSED] - Object 'progress' is NOT visible

2018-07-17 16:37:20 - [MESSAGE][PASSED] - Object 'yes_remove_button' is visible

2018-07-17 16:37:20 - [MESSAGE][PASSED] - Object 'progress' is present

2018-07-17 16:37:20 - [MESSAGE][PASSED] - Object 'progress' is NOT visible

2018-07-17 16:37:20 - [MESSAGE][PASSED] - Object 'yes_remove_button' is visible

2018-07-17 16:37:21 - [MESSAGE][PASSED] - Delayed 1 second(s)

2018-07-17 16:37:21 - [MESSAGE][PASSED] - Object 'progress' is present

2018-07-17 16:37:21 - [MESSAGE][PASSED] - Object 'progress' is NOT visible

2018-07-17 16:37:21 - [MESSAGE][PASSED] - Object 'yes_remove_button' is visible

2018-07-17 16:37:21 - [MESSAGE][PASSED] - Object: 'yes_remove_button' is clicked on

2018-07-17 16:37:22 - [MESSAGE][PASSED] - Delayed 1 second(s)

2018-07-17 16:37:25 - [MESSAGE][PASSED] - Delayed 3 second(s)

2018-07-17 16:37:25 - [MESSAGE][PASSED] - Text of object 'a_last_folder_in_cm_tree' is: '[28]Folder 15
ביום ביום ביום ביום
test2
eeee
doron 27-02-17
michal
Lev Item
Lev Item 2
Test VAT
scenario
New Scenario
New scenario
time future
Article
testing
fdsafds
testing widget
item 1103
email-test
word test
Briefing requires signature
Briefing no signature
scenario
fed_Qa
Hot Sale
inna test
item_General_3606
item_General_3607'

2018-07-17 16:37:25 - [MESSAGE][PASSED] - Actual object '28' and expected object '28' are equal

2018-07-17 16:37:25 - [MESSAGE][PASSED] - Object 'progress' is present

2018-07-17 16:37:25 - [MESSAGE][PASSED] - Object 'progress' is NOT visible

2018-07-17 16:37:28 - [MESSAGE][WARNING] - Object 'a_item_in_last_folder' is not visible after 3 second(s)

2018-07-17 16:37:28 - [TEST_STEP][PASSED] - Statement - com.system.RolesHelper.getCm_En().getUpper_bar()._click_Home_Button(): Object: 'a_kms_home_icon' is clicked on

2018-07-17 16:37:28 - [MESSAGE][PASSED] - Object 'progress' is present

2018-07-17 16:37:28 - [MESSAGE][PASSED] - Object 'progress' is NOT visible

2018-07-17 16:37:28 - [MESSAGE][PASSED] - Object 'a_kms_home_icon' is visible

2018-07-17 16:37:29 - [MESSAGE][PASSED] - Object: 'a_kms_home_icon' is clicked on

2018-07-17 16:37:29 - [TEST_STEP][PASSED] - Statement - com.system.RolesHelper.getCm_En().getUpper_bar()._logout(): Delayed 1 second(s)

2018-07-17 16:37:29 - [MESSAGE][PASSED] - Object 'progress' is present

2018-07-17 16:37:29 - [MESSAGE][PASSED] - Object 'progress' is NOT visible

2018-07-17 16:37:29 - [MESSAGE][PASSED] - Object 'profile-avatar' is visible

2018-07-17 16:37:29 - [MESSAGE][PASSED] - Object: 'profile-avatar' is hovered

2018-07-17 16:37:30 - [MESSAGE][PASSED] - Delayed 1 second(s)

2018-07-17 16:37:30 - [MESSAGE][PASSED] - Object 'progress' is present

2018-07-17 16:37:31 - [MESSAGE][WARNING] - Object 'progress' is visible after 1 second(s)

2018-07-17 16:37:32 - [MESSAGE][PASSED] - Delayed 1 second(s)

2018-07-17 16:37:32 - [MESSAGE][PASSED] - Object 'progress' is NOT visible

2018-07-17 16:37:32 - [MESSAGE][PASSED] - Text of object 'a_logout' is: 'Logout'

2018-07-17 16:37:32 - [MESSAGE][PASSED] - Actual object 'true' and expected object 'true' are equal

2018-07-17 16:37:32 - [MESSAGE][WARNING] - Comparing Logout texts : true

2018-07-17 16:37:32 - [MESSAGE][PASSED] - Object 'a_logout' is visible

2018-07-17 16:37:33 - [MESSAGE][PASSED] - Object: 'a_logout' is clicked on

2018-07-17 16:37:34 - [MESSAGE][PASSED] - Delayed 1 second(s)

2018-07-17 16:37:34 - [TEST_STEP][PASSED] - closeBrowser: Browser is closed

2018-07-17 16:37:34 - [MESSAGE][PASSED] - Browser is closed

2018-07-17 16:37:34 - [TEST_STEP][PASSED] - Start listener action : afterTestCase: Switching to default content failed because of: com.kms.katalon.core.webui.exception.BrowserNotOpenedException: Browser is not opened
Build info: version: '3.7.1', revision: '8a0099a', time: '2017-11-06T21:07:36.161Z'
System info: host: 'DESKTOP-UNNJGJG', ip: '10.44.1.145', os.name: 'Windows 10', os.arch: 'amd64', os.version: '10.0', java.version: '1.8.0_102'
Driver info: driver.version: unknown

2018-07-17 16:37:34 - [TEST_STEP][PASSED] - switchToDefaultContent: Switching to default content failed because of: com.kms.katalon.core.webui.exception.BrowserNotOpenedException: Browser is not opened
Build info: version: '3.7.1', revision: '8a0099a', time: '2017-11-06T21:07:36.161Z'
System info: host: 'DESKTOP-UNNJGJG', ip: '10.44.1.145', os.name: 'Windows 10', os.arch: 'amd64', os.version: '10.0', java.version: '1.8.0_102'
Driver info: driver.version: unknown

2018-07-17 16:37:34 - [MESSAGE][WARNING] - Switching to default content failed because of: com.kms.katalon.core.webui.exception.BrowserNotOpenedException: Browser is not opened
Build info: version: '3.7.1', revision: '8a0099a', time: '2017-11-06T21:07:36.161Z'
System info: host: 'DESKTOP-UNNJGJG', ip: '10.44.1.145', os.name: 'Windows 10', os.arch: 'amd64', os.version: '10.0', java.version: '1.8.0_102'
Driver info: driver.version: unknown]]></system-out>
         <system-err><![CDATA[]]></system-err>
      </testcase>
      <system-out><![CDATA[2018-07-17 16:35:44 - [TEST_SUITE][PASSED] - briefing: Test Cases/Kms_Tests/Languages/En/Item_Creation/Create_briefing_Test_En]]></system-out>
      <system-err><![CDATA[]]></system-err>
   </testsuite>
</testsuites>
