<?xml version="1.0" encoding="UTF-8"?>
<testsuites name="Test_Suit" time="110" tests="1" failures="0" errors="0">
   <testsuite name="Test_Suit" tests="1" failures="0" errors="0" time="110" timestamp="2018-07-09 20:58:06" hostname="fed86 - DESKTOP-UNNJGJG" id="Test Suites/Test_Suit">
      <properties>
         <property name="deviceName" value=""/>
         <property name="devicePlatform" value=""/>
         <property name="logFolder" value="D:\\kms_katalon\\kms_katalon_tests\\katalonGitTest\\Reports\\Test_Suit\\20180709_205626"/>
         <property name="logFiles" value="D:\\kms_katalon\\kms_katalon_tests\\katalonGitTest\\Reports\\Test_Suit\\20180709_205626\\execution0.log, D:\\kms_katalon\\kms_katalon_tests\\katalonGitTest\\Reports\\Test_Suit\\20180709_205626\\IEDriverServer.log"/>
         <property name="attachments" value=""/>
         <property name="hostName" value="fed86 - DESKTOP-UNNJGJG"/>
         <property name="os" value="Windows 10 64bit"/>
         <property name="katalonVersion" value="5.4.2.1"/>
         <property name="browser" value="IE 11"/>
         <property name="hostAddress" value="10.44.1.145"/>
         <property name="sessionId" value="d32160d7-58f7-45f5-8a42-83593088f50e"/>
         <property name="seleniumVersion" value="3.7.1"/>
         <property name="proxyInformation" value="ProxyInformation{proxyOption=NO_PROXY, proxyServerType=HTTP, password=, proxyServerAddress=, proxyServerPort=0}"/>
         <property name="platform" value="Windows 10"/>
      </properties>
      <testcase name="Test Cases/Kms_Tests/Languages/En/Item_Creation/Create_Briefing_Online_Test_En" classname="Test Cases/Kms_Tests/Languages/En/Item_Creation/Create_Briefing_Online_Test_En" status="PASSED">
         <system-out><![CDATA[2018-07-09 20:58:07 - [TEST_CASE][PASSED] - Test Cases/Kms_Tests/Languages/En/Item_Creation/Create_Briefing_Online_Test_En: Test Cases/Kms_Tests/Languages/En/Item_Creation/Create_Briefing_Online_Test_En

2018-07-09 20:58:07 - [TEST_STEP][PASSED] - Start listener action : beforeTestCase: Current window maximized

2018-07-09 20:58:07 - [TEST_STEP][PASSED] - Statement - com.kms.katalon.core.util.KeywordUtil.markWarning("Before Test case : " + testCase.getTestCaseId()): Before Test case : Test Cases/Kms_Tests/Languages/En/Item_Creation/Create_Briefing_Online_Test_En

2018-07-09 20:58:07 - [MESSAGE][WARNING] - Before Test case : Test Cases/Kms_Tests/Languages/En/Item_Creation/Create_Briefing_Online_Test_En

2018-07-09 20:58:07 - [TEST_STEP][PASSED] - Statement - instance: Current window maximized

2018-07-09 20:58:07 - [MESSAGE][WARNING] - Unable to get the url of the current window (Root cause: com.kms.katalon.core.webui.exception.BrowserNotOpenedException: Browser is not opened
Build info: version: '3.7.1', revision: '8a0099a', time: '2017-11-06T21:07:36.161Z'
System info: host: 'DESKTOP-UNNJGJG', ip: '10.44.1.145', os.name: 'Windows 10', os.arch: 'amd64', os.version: '10.0', java.version: '1.8.0_102'
Driver info: driver.version: unknown)

2018-07-09 20:58:09 - [MESSAGE][PASSED] - Browser is opened with url: 'http://kmsqa3:501/kms/lh/login'

2018-07-09 20:58:09 - [MESSAGE][PASSED] - Current window maximized

2018-07-09 20:58:10 - [TEST_STEP][PASSED] - Statement - com.server.RolesHelper.getCm_En()._Login_En(): Call Test Case 'Test Cases/LogIn_Tests/Languages/En/Login_Content_Manager_En_Test' successfully

2018-07-09 20:58:10 - [TEST_CASE][PASSED] - Test Cases/LogIn_Tests/Languages/En/Login_Content_Manager_En_Test: Test Cases/LogIn_Tests/Languages/En/Login_Content_Manager_En_Test

2018-07-09 20:58:10 - [TEST_STEP][PASSED] - Statement - com.server.RolesHelper.getCm_En()._check_Logos_Title_Links(): Object 'Object Repository/Login_Page_OR/Visual/lang_Logo' is visible

2018-07-09 20:58:10 - [MESSAGE][PASSED] - Wait for page load successfully

2018-07-09 20:58:10 - [MESSAGE][PASSED] - Found 5 unique links on the page http://kmsqa3:501/kms/lh/login

2018-07-09 20:58:12 - [MESSAGE][PASSED] - Send request successfully

2018-07-09 20:58:12 - [MESSAGE][PASSED] - Send request successfully

2018-07-09 20:58:12 - [MESSAGE][PASSED] - Send request successfully

2018-07-09 20:58:14 - [MESSAGE][PASSED] - Send request successfully

2018-07-09 20:58:14 - [MESSAGE][PASSED] - Send request successfully

2018-07-09 20:58:14 - [MESSAGE][PASSED] - All links are accessible

2018-07-09 20:58:14 - [MESSAGE][PASSED] - All links on the page 'http://kmsqa3:501/kms/lh/login' are accessible

2018-07-09 20:58:14 - [MESSAGE][PASSED] - Current window's title is: 'KMS lighthouse'

2018-07-09 20:58:15 - [MESSAGE][PASSED] - Delayed 1 second(s)

2018-07-09 20:58:15 - [MESSAGE][PASSED] - Actual object 'kms lighthouse' and expected object 'kms lighthouse' are equal

2018-07-09 20:58:15 - [MESSAGE][PASSED] - Current viewport's left (x) position is 0

2018-07-09 20:58:15 - [MESSAGE][PASSED] - Current viewport's top (y) position is 0

2018-07-09 20:58:15 - [MESSAGE][PASSED] - Browser is scrolled to position x = 0, y = 0

2018-07-09 20:58:15 - [MESSAGE][PASSED] - Object 'Object Repository/Login_Page_OR/Visual/Kms_logo' is visible

2018-07-09 20:58:15 - [MESSAGE][PASSED] - Current viewport's left (x) position is 0

2018-07-09 20:58:15 - [MESSAGE][PASSED] - Current viewport's top (y) position is 0

2018-07-09 20:58:15 - [MESSAGE][PASSED] - Browser is scrolled to position x = 0, y = 0

2018-07-09 20:58:16 - [MESSAGE][PASSED] - Object 'Object Repository/Login_Page_OR/Visual/lang_Logo' is visible

2018-07-09 20:58:16 - [TEST_STEP][PASSED] - Statement - com.server.RolesHelper.getCm_En()._fill_UserName_Password(): Text 'admin' is set on object 'password_txt'

2018-07-09 20:58:16 - [MESSAGE][PASSED] - Current viewport's left (x) position is 0

2018-07-09 20:58:16 - [MESSAGE][PASSED] - Current viewport's top (y) position is 0

2018-07-09 20:58:16 - [MESSAGE][PASSED] - Browser is scrolled to position x = 0, y = 0

2018-07-09 20:58:16 - [MESSAGE][PASSED] - Object 'Object Repository/Login_Page_OR/Visual/pass_Logo' is visible

2018-07-09 20:58:16 - [MESSAGE][PASSED] - Current viewport's left (x) position is 0

2018-07-09 20:58:16 - [MESSAGE][PASSED] - Current viewport's top (y) position is 0

2018-07-09 20:58:16 - [MESSAGE][PASSED] - Browser is scrolled to position x = 0, y = 0

2018-07-09 20:58:16 - [MESSAGE][PASSED] - Object 'Object Repository/Login_Page_OR/Visual/userName_Logo' is visible

2018-07-09 20:58:16 - [MESSAGE][PASSED] - Current viewport's left (x) position is 0

2018-07-09 20:58:16 - [MESSAGE][PASSED] - Current viewport's top (y) position is 0

2018-07-09 20:58:16 - [MESSAGE][PASSED] - Browser is scrolled to position x = 0, y = 0

2018-07-09 20:58:16 - [MESSAGE][PASSED] - Object 'span_userName' is visible

2018-07-09 20:58:16 - [MESSAGE][PASSED] - Current viewport's left (x) position is 0

2018-07-09 20:58:16 - [MESSAGE][PASSED] - Current viewport's top (y) position is 0

2018-07-09 20:58:16 - [MESSAGE][PASSED] - Browser is scrolled to position x = 0, y = 0

2018-07-09 20:58:16 - [MESSAGE][PASSED] - Object 'span_password' is visible

2018-07-09 20:58:16 - [MESSAGE][PASSED] - Current viewport's left (x) position is 0

2018-07-09 20:58:16 - [MESSAGE][PASSED] - Current viewport's top (y) position is 0

2018-07-09 20:58:17 - [MESSAGE][PASSED] - Browser is scrolled to position x = 0, y = 0

2018-07-09 20:58:17 - [MESSAGE][PASSED] - Object 'userName_txt' is visible

2018-07-09 20:58:17 - [MESSAGE][PASSED] - Text of object 'userName_txt' is cleared

2018-07-09 20:58:17 - [MESSAGE][PASSED] - Text 'admin' is set on object 'userName_txt'

2018-07-09 20:58:17 - [MESSAGE][PASSED] - Current viewport's left (x) position is 0

2018-07-09 20:58:17 - [MESSAGE][PASSED] - Current viewport's top (y) position is 0

2018-07-09 20:58:17 - [MESSAGE][PASSED] - Browser is scrolled to position x = 0, y = 0

2018-07-09 20:58:17 - [MESSAGE][PASSED] - Object 'password_txt' is visible

2018-07-09 20:58:18 - [MESSAGE][PASSED] - Text of object 'password_txt' is cleared

2018-07-09 20:58:18 - [MESSAGE][PASSED] - Text 'admin' is set on object 'password_txt'

2018-07-09 20:58:18 - [TEST_STEP][PASSED] - Statement - com.server.RolesHelper.getCm_En()._click_chooseLanguage(): Object: 'link_lang' is clicked on

2018-07-09 20:58:18 - [MESSAGE][PASSED] - Current viewport's left (x) position is 0

2018-07-09 20:58:18 - [MESSAGE][PASSED] - Current viewport's top (y) position is 0

2018-07-09 20:58:18 - [MESSAGE][PASSED] - Browser is scrolled to position x = 0, y = 0

2018-07-09 20:58:18 - [MESSAGE][PASSED] - Object 'link_change_lang' is visible

2018-07-09 20:58:19 - [MESSAGE][PASSED] - Object: 'link_change_lang' is clicked on

2018-07-09 20:58:19 - [MESSAGE][PASSED] - Current viewport's left (x) position is 0

2018-07-09 20:58:19 - [MESSAGE][PASSED] - Current viewport's top (y) position is 0

2018-07-09 20:58:19 - [MESSAGE][PASSED] - Browser is scrolled to position x = 0, y = 0

2018-07-09 20:58:19 - [MESSAGE][PASSED] - Object 'caret_lang' is visible

2018-07-09 20:58:20 - [MESSAGE][PASSED] - Object: 'caret_lang' is clicked on

2018-07-09 20:58:20 - [MESSAGE][PASSED] - Current viewport's left (x) position is 0

2018-07-09 20:58:20 - [MESSAGE][PASSED] - Current viewport's top (y) position is 0

2018-07-09 20:58:20 - [MESSAGE][PASSED] - Browser is scrolled to position x = 0, y = 0

2018-07-09 20:58:21 - [MESSAGE][PASSED] - Object 'link_lang' is visible

2018-07-09 20:58:21 - [MESSAGE][PASSED] - Object: 'link_lang' is clicked on

2018-07-09 20:58:21 - [TEST_STEP][PASSED] - Statement - com.server.RolesHelper.getCm_En()._click_LogIn_With_UserName_And_Password(): Object: 'auth_Login_button' is clicked on

2018-07-09 20:58:22 - [MESSAGE][PASSED] - Current viewport's left (x) position is 0

2018-07-09 20:58:22 - [MESSAGE][PASSED] - Current viewport's top (y) position is 0

2018-07-09 20:58:22 - [MESSAGE][PASSED] - Browser is scrolled to position x = 0, y = 0

2018-07-09 20:58:22 - [MESSAGE][PASSED] - Object 'auth_Login_button' is visible

2018-07-09 20:58:24 - [MESSAGE][PASSED] - Object: 'auth_Login_button' is clicked on

2018-07-09 20:58:24 - [TEST_STEP][PASSED] - Statement - com.server.RolesHelper.getCm_En()._select_View(): Object: 'link_role' is clicked on

2018-07-09 20:58:24 - [MESSAGE][PASSED] - Current viewport's left (x) position is 0

2018-07-09 20:58:24 - [MESSAGE][PASSED] - Current viewport's top (y) position is 0

2018-07-09 20:58:24 - [MESSAGE][PASSED] - Browser is scrolled to position x = 0, y = 0

2018-07-09 20:58:24 - [MESSAGE][PASSED] - Object 'dropDown_roles' is visible

2018-07-09 20:58:25 - [MESSAGE][PASSED] - Object: 'dropDown_roles' is clicked on

2018-07-09 20:58:25 - [MESSAGE][PASSED] - Current viewport's left (x) position is 0

2018-07-09 20:58:25 - [MESSAGE][PASSED] - Current viewport's top (y) position is 0

2018-07-09 20:58:25 - [MESSAGE][PASSED] - Browser is scrolled to position x = 0, y = 0

2018-07-09 20:58:25 - [MESSAGE][PASSED] - Object 'link_role' is visible

2018-07-09 20:58:26 - [MESSAGE][PASSED] - Object: 'link_role' is clicked on

2018-07-09 20:58:26 - [TEST_STEP][PASSED] - Statement - com.server.RolesHelper.getCm_En()._Enter_to_Kms(): Keys 'ENTER + ' sent to object: 'login_Kms_button'

2018-07-09 20:58:26 - [MESSAGE][PASSED] - Current viewport's left (x) position is 0

2018-07-09 20:58:26 - [MESSAGE][PASSED] - Current viewport's top (y) position is 0

2018-07-09 20:58:26 - [MESSAGE][PASSED] - Browser is scrolled to position x = 0, y = 0

2018-07-09 20:58:27 - [MESSAGE][PASSED] - Object 'login_Kms_button' is visible

2018-07-09 20:58:27 - [MESSAGE][PASSED] - Keys 'ENTER + ' sent to object: 'login_Kms_button'

2018-07-09 20:58:27 - [MESSAGE][PASSED] - Call Test Case 'Test Cases/LogIn_Tests/Languages/En/Login_Content_Manager_En_Test' successfully

2018-07-09 20:58:27 - [TEST_STEP][PASSED] - Statement - briefing._click_upper_button_create_item(): Object: 'button_create_new_item' is clicked on

2018-07-09 20:58:27 - [MESSAGE][PASSED] - Current viewport's left (x) position is 0

2018-07-09 20:58:27 - [MESSAGE][PASSED] - Current viewport's top (y) position is 0

2018-07-09 20:58:27 - [MESSAGE][PASSED] - Browser is scrolled to position x = 0, y = 0

2018-07-09 20:58:28 - [MESSAGE][PASSED] - Object 'progress' is present

2018-07-09 20:58:30 - [MESSAGE][WARNING] - Object 'progress' is visible after 1 second(s)

2018-07-09 20:58:31 - [MESSAGE][PASSED] - Delayed 1 second(s)

2018-07-09 20:58:31 - [MESSAGE][PASSED] - Object 'progress' is NOT visible

2018-07-09 20:58:31 - [MESSAGE][PASSED] - Object 'button_create_new_item' is visible

2018-07-09 20:58:31 - [MESSAGE][PASSED] - Object: 'button_create_new_item' is hovered

2018-07-09 20:58:32 - [MESSAGE][PASSED] - Object: 'button_create_new_item' is clicked on

2018-07-09 20:58:32 - [TEST_STEP][PASSED] - Statement - briefing._choose_Briefing_Template_By_Typing(): Object: 'button_ok_create_template' is clicked on

2018-07-09 20:58:33 - [MESSAGE][PASSED] - Delayed 1 second(s)

2018-07-09 20:58:33 - [MESSAGE][PASSED] - Current viewport's left (x) position is 0

2018-07-09 20:58:33 - [MESSAGE][PASSED] - Current viewport's top (y) position is 0

2018-07-09 20:58:33 - [MESSAGE][PASSED] - Browser is scrolled to position x = 0, y = 0

2018-07-09 20:58:33 - [MESSAGE][PASSED] - Object 'progress' is present

2018-07-09 20:58:33 - [MESSAGE][PASSED] - Object 'progress' is NOT visible

2018-07-09 20:58:34 - [MESSAGE][PASSED] - Object 'input_create_item_template' is visible

2018-07-09 20:58:35 - [MESSAGE][PASSED] - Object: 'input_create_item_template' is clicked on

2018-07-09 20:58:36 - [MESSAGE][PASSED] - Delayed 1 second(s)

2018-07-09 20:58:36 - [MESSAGE][PASSED] - Current viewport's left (x) position is 0

2018-07-09 20:58:36 - [MESSAGE][PASSED] - Current viewport's top (y) position is 0

2018-07-09 20:58:36 - [MESSAGE][PASSED] - Browser is scrolled to position x = 0, y = 0

2018-07-09 20:58:36 - [MESSAGE][PASSED] - Object 'progress' is present

2018-07-09 20:58:36 - [MESSAGE][PASSED] - Object 'progress' is NOT visible

2018-07-09 20:58:36 - [MESSAGE][PASSED] - Object 'input_create_item_template' is visible

2018-07-09 20:58:36 - [MESSAGE][PASSED] - Text of object 'input_create_item_template' is cleared

2018-07-09 20:58:37 - [MESSAGE][PASSED] - Text 'Briefing' is set on object 'input_create_item_template'

2018-07-09 20:58:37 - [MESSAGE][PASSED] - Current viewport's left (x) position is 0

2018-07-09 20:58:37 - [MESSAGE][PASSED] - Current viewport's top (y) position is 0

2018-07-09 20:58:37 - [MESSAGE][PASSED] - Browser is scrolled to position x = 0, y = 0

2018-07-09 20:58:37 - [MESSAGE][PASSED] - Object 'progress' is present

2018-07-09 20:58:37 - [MESSAGE][PASSED] - Object 'progress' is NOT visible

2018-07-09 20:58:37 - [MESSAGE][PASSED] - Object 'button_ok_create_template' is visible

2018-07-09 20:58:38 - [MESSAGE][PASSED] - Object: 'button_ok_create_template' is clicked on

2018-07-09 20:58:38 - [TEST_STEP][PASSED] - Statement - briefing._verify_template_updateDate(): Actual object '09/07/2018' and expected object '09/07/2018' are equal

2018-07-09 20:58:38 - [MESSAGE][PASSED] - Current viewport's left (x) position is 0

2018-07-09 20:58:38 - [MESSAGE][PASSED] - Current viewport's top (y) position is 0

2018-07-09 20:58:38 - [MESSAGE][PASSED] - Browser is scrolled to position x = 0, y = 0

2018-07-09 20:58:38 - [MESSAGE][PASSED] - Object 'progress' is present

2018-07-09 20:58:38 - [MESSAGE][PASSED] - Object 'progress' is NOT visible

2018-07-09 20:58:40 - [MESSAGE][PASSED] - Object 'Object Repository/Kms_Page_OR/Roles/Content_Manager/Item_Properties_tab/template_Briefing' is visible

2018-07-09 20:58:40 - [MESSAGE][PASSED] - Text of object 'Object Repository/Kms_Page_OR/Roles/Content_Manager/Item_Properties_tab/template_Briefing' is: 'Briefing'

2018-07-09 20:58:40 - [MESSAGE][PASSED] - Current viewport's left (x) position is 0

2018-07-09 20:58:41 - [MESSAGE][PASSED] - Current viewport's top (y) position is 0

2018-07-09 20:58:41 - [MESSAGE][PASSED] - Browser is scrolled to position x = 0, y = 0

2018-07-09 20:58:41 - [MESSAGE][PASSED] - Object 'progress' is present

2018-07-09 20:58:41 - [MESSAGE][PASSED] - Object 'progress' is NOT visible

2018-07-09 20:58:41 - [MESSAGE][PASSED] - Object 'Object Repository/Kms_Page_OR/Roles/Content_Manager/Item_Properties_tab/span_update_date' is visible

2018-07-09 20:58:41 - [MESSAGE][PASSED] - Text of object 'Object Repository/Kms_Page_OR/Roles/Content_Manager/Item_Properties_tab/span_update_date' is: '09/07/2018 20:58:26 PM'

2018-07-09 20:58:43 - [MESSAGE][PASSED] - Delayed 1 second(s)

2018-07-09 20:58:43 - [MESSAGE][PASSED] - Actual object 'briefing' and expected object 'briefing' are equal

2018-07-09 20:58:44 - [MESSAGE][PASSED] - Delayed 1 second(s)

2018-07-09 20:58:44 - [MESSAGE][PASSED] - Actual object '09/07/2018' and expected object '09/07/2018' are equal

2018-07-09 20:58:44 - [TEST_STEP][PASSED] - Statement - briefing._set_Item_Name(): Keys 'item_BRIEFING_3255' sent to object: 'Object Repository/Kms_Page_OR/Roles/Content_Manager/Item_Properties_tab/input_title_name'

2018-07-09 20:58:44 - [MESSAGE][PASSED] - Current viewport's left (x) position is 0

2018-07-09 20:58:44 - [MESSAGE][PASSED] - Current viewport's top (y) position is 0

2018-07-09 20:58:44 - [MESSAGE][PASSED] - Browser is scrolled to position x = 0, y = 0

2018-07-09 20:58:44 - [MESSAGE][PASSED] - Object 'progress' is present

2018-07-09 20:58:44 - [MESSAGE][PASSED] - Object 'progress' is NOT visible

2018-07-09 20:58:44 - [MESSAGE][PASSED] - Object 'Object Repository/Kms_Page_OR/Roles/Content_Manager/Item_Properties_tab/itemId_generated_by_template' is visible

2018-07-09 20:58:44 - [MESSAGE][PASSED] - Text of object 'Object Repository/Kms_Page_OR/Roles/Content_Manager/Item_Properties_tab/itemId_generated_by_template' is: '3255'

2018-07-09 20:58:46 - [MESSAGE][PASSED] - Delayed 1 second(s)

2018-07-09 20:58:46 - [MESSAGE][PASSED] - Current viewport's left (x) position is 0

2018-07-09 20:58:46 - [MESSAGE][PASSED] - Current viewport's top (y) position is 0

2018-07-09 20:58:46 - [MESSAGE][PASSED] - Browser is scrolled to position x = 0, y = 0

2018-07-09 20:58:46 - [MESSAGE][PASSED] - Object 'progress' is present

2018-07-09 20:58:46 - [MESSAGE][PASSED] - Object 'progress' is NOT visible

2018-07-09 20:58:46 - [MESSAGE][PASSED] - Object 'Object Repository/Kms_Page_OR/Roles/Content_Manager/Item_Properties_tab/title_new_item' is visible

2018-07-09 20:58:47 - [MESSAGE][PASSED] - Object: 'Object Repository/Kms_Page_OR/Roles/Content_Manager/Item_Properties_tab/title_new_item' is clicked on

2018-07-09 20:58:49 - [MESSAGE][PASSED] - Delayed 1 second(s)

2018-07-09 20:58:49 - [MESSAGE][PASSED] - Current viewport's left (x) position is 0

2018-07-09 20:58:49 - [MESSAGE][PASSED] - Current viewport's top (y) position is 0

2018-07-09 20:58:49 - [MESSAGE][PASSED] - Browser is scrolled to position x = 0, y = 0

2018-07-09 20:58:49 - [MESSAGE][PASSED] - Object 'progress' is present

2018-07-09 20:58:49 - [MESSAGE][PASSED] - Object 'progress' is NOT visible

2018-07-09 20:58:49 - [MESSAGE][PASSED] - Object 'Object Repository/Kms_Page_OR/Roles/Content_Manager/Item_Properties_tab/input_title_name' is visible

2018-07-09 20:58:50 - [MESSAGE][PASSED] - Keys 'item_BRIEFING_3255' sent to object: 'Object Repository/Kms_Page_OR/Roles/Content_Manager/Item_Properties_tab/input_title_name'

2018-07-09 20:58:50 - [TEST_STEP][PASSED] - Statement - briefing._write_short_description(): null

2018-07-09 20:58:50 - [TEST_STEP][PASSED] - Statement - briefing._choose_Status(ONLINE): All options with index in [1] are selected on object 'Object Repository/Kms_Page_OR/Roles/Content_Manager/Item_Properties_tab/select_OfflineOnlineHiddenArch'

2018-07-09 20:58:50 - [MESSAGE][PASSED] - Current viewport's left (x) position is 0

2018-07-09 20:58:50 - [MESSAGE][PASSED] - Current viewport's top (y) position is 0

2018-07-09 20:58:51 - [MESSAGE][PASSED] - Browser is scrolled to position x = 0, y = 0

2018-07-09 20:58:51 - [MESSAGE][PASSED] - Object 'progress' is present

2018-07-09 20:58:51 - [MESSAGE][PASSED] - Object 'progress' is NOT visible

2018-07-09 20:58:51 - [MESSAGE][PASSED] - Object 'Object Repository/Kms_Page_OR/Roles/Content_Manager/Item_Properties_tab/select_OfflineOnlineHiddenArch' is visible

2018-07-09 20:58:52 - [MESSAGE][PASSED] - All options with index in [1] are selected on object 'Object Repository/Kms_Page_OR/Roles/Content_Manager/Item_Properties_tab/select_OfflineOnlineHiddenArch'

2018-07-09 20:58:52 - [TEST_STEP][PASSED] - Statement - briefing._set_date_valid_from_status(): Keys 'ESCAPE + ' sent to object: 'Object Repository/Kms_Page_OR/Roles/Content_Manager/Item_Properties_tab/input_ST_DATE_FROM'

2018-07-09 20:58:52 - [MESSAGE][PASSED] - Current viewport's left (x) position is 0

2018-07-09 20:58:52 - [MESSAGE][PASSED] - Current viewport's top (y) position is 0

2018-07-09 20:58:52 - [MESSAGE][PASSED] - Browser is scrolled to position x = 0, y = 0

2018-07-09 20:58:52 - [MESSAGE][PASSED] - Object 'progress' is present

2018-07-09 20:58:52 - [MESSAGE][PASSED] - Object 'progress' is NOT visible

2018-07-09 20:58:52 - [MESSAGE][PASSED] - Object 'Object Repository/Kms_Page_OR/Roles/Content_Manager/Item_Properties_tab/input_ST_DATE_FROM' is visible

2018-07-09 20:58:53 - [MESSAGE][PASSED] - Text of object 'Object Repository/Kms_Page_OR/Roles/Content_Manager/Item_Properties_tab/input_ST_DATE_FROM' is cleared

2018-07-09 20:58:54 - [MESSAGE][PASSED] - Text '03/07/2018 08:58:52' is set on object 'Object Repository/Kms_Page_OR/Roles/Content_Manager/Item_Properties_tab/input_ST_DATE_FROM'

2018-07-09 20:58:55 - [MESSAGE][PASSED] - Current viewport's left (x) position is 0

2018-07-09 20:58:55 - [MESSAGE][PASSED] - Current viewport's top (y) position is 0

2018-07-09 20:58:55 - [MESSAGE][PASSED] - Browser is scrolled to position x = 0, y = 0

2018-07-09 20:58:55 - [MESSAGE][PASSED] - Object 'progress' is present

2018-07-09 20:58:55 - [MESSAGE][PASSED] - Object 'progress' is NOT visible

2018-07-09 20:58:55 - [MESSAGE][PASSED] - Object 'Object Repository/Kms_Page_OR/Roles/Content_Manager/Item_Properties_tab/input_ST_DATE_FROM' is visible

2018-07-09 20:58:55 - [MESSAGE][PASSED] - Keys 'ESCAPE + ' sent to object: 'Object Repository/Kms_Page_OR/Roles/Content_Manager/Item_Properties_tab/input_ST_DATE_FROM'

2018-07-09 20:58:56 - [TEST_STEP][PASSED] - Statement - briefing._choose_status_after(HIDDEN): All options with index in [2] are selected on object 'Object Repository/Kms_Page_OR/Roles/Content_Manager/Item_Properties_tab/select_Status_after'

2018-07-09 20:58:56 - [MESSAGE][PASSED] - Current viewport's left (x) position is 0

2018-07-09 20:58:56 - [MESSAGE][PASSED] - Current viewport's top (y) position is 0

2018-07-09 20:58:56 - [MESSAGE][PASSED] - Browser is scrolled to position x = 0, y = 0

2018-07-09 20:58:56 - [MESSAGE][PASSED] - Object 'progress' is present

2018-07-09 20:58:56 - [MESSAGE][PASSED] - Object 'progress' is NOT visible

2018-07-09 20:58:56 - [MESSAGE][PASSED] - Object 'Object Repository/Kms_Page_OR/Roles/Content_Manager/Item_Properties_tab/select_Status_after' is visible

2018-07-09 20:58:57 - [MESSAGE][PASSED] - All options with index in [2] are selected on object 'Object Repository/Kms_Page_OR/Roles/Content_Manager/Item_Properties_tab/select_Status_after'

2018-07-09 20:58:57 - [TEST_STEP][PASSED] - Statement - briefing._set_date_valid_to_status(): Keys 'ESCAPE + ' sent to object: 'Object Repository/Kms_Page_OR/Roles/Content_Manager/Item_Properties_tab/input_STATUS_DATE_TO'

2018-07-09 20:58:57 - [MESSAGE][PASSED] - Current viewport's left (x) position is 0

2018-07-09 20:58:57 - [MESSAGE][PASSED] - Current viewport's top (y) position is 0

2018-07-09 20:58:57 - [MESSAGE][PASSED] - Browser is scrolled to position x = 0, y = 0

2018-07-09 20:58:57 - [MESSAGE][PASSED] - Object 'progress' is present

2018-07-09 20:58:57 - [MESSAGE][PASSED] - Object 'progress' is NOT visible

2018-07-09 20:58:58 - [MESSAGE][PASSED] - Object 'Object Repository/Kms_Page_OR/Roles/Content_Manager/Item_Properties_tab/input_STATUS_DATE_TO' is visible

2018-07-09 20:58:58 - [MESSAGE][PASSED] - Text of object 'Object Repository/Kms_Page_OR/Roles/Content_Manager/Item_Properties_tab/input_STATUS_DATE_TO' is cleared

2018-07-09 20:58:59 - [MESSAGE][PASSED] - Text '04/07/2018 08:58:57' is set on object 'Object Repository/Kms_Page_OR/Roles/Content_Manager/Item_Properties_tab/input_STATUS_DATE_TO'

2018-07-09 20:59:00 - [MESSAGE][PASSED] - Current viewport's left (x) position is 0

2018-07-09 20:59:00 - [MESSAGE][PASSED] - Current viewport's top (y) position is 0

2018-07-09 20:59:00 - [MESSAGE][PASSED] - Browser is scrolled to position x = 0, y = 0

2018-07-09 20:59:00 - [MESSAGE][PASSED] - Object 'progress' is present

2018-07-09 20:59:00 - [MESSAGE][PASSED] - Object 'progress' is NOT visible

2018-07-09 20:59:00 - [MESSAGE][PASSED] - Object 'Object Repository/Kms_Page_OR/Roles/Content_Manager/Item_Properties_tab/input_STATUS_DATE_TO' is visible

2018-07-09 20:59:00 - [MESSAGE][PASSED] - Keys 'ESCAPE + ' sent to object: 'Object Repository/Kms_Page_OR/Roles/Content_Manager/Item_Properties_tab/input_STATUS_DATE_TO'

2018-07-09 20:59:01 - [TEST_STEP][PASSED] - Statement - briefing._click_edit_tab(): Object: 'Object Repository/Kms_Page_OR/Roles/Content_Manager/Edit_tab/a_Edit_tab' is clicked on

2018-07-09 20:59:01 - [MESSAGE][PASSED] - Current viewport's left (x) position is 0

2018-07-09 20:59:01 - [MESSAGE][PASSED] - Current viewport's top (y) position is 0

2018-07-09 20:59:01 - [MESSAGE][PASSED] - Browser is scrolled to position x = 0, y = 0

2018-07-09 20:59:01 - [MESSAGE][PASSED] - Object 'progress' is present

2018-07-09 20:59:01 - [MESSAGE][PASSED] - Object 'progress' is NOT visible

2018-07-09 20:59:01 - [MESSAGE][PASSED] - Object 'Object Repository/Kms_Page_OR/Roles/Content_Manager/Edit_tab/a_Edit_tab' is visible

2018-07-09 20:59:03 - [MESSAGE][PASSED] - Object: 'Object Repository/Kms_Page_OR/Roles/Content_Manager/Edit_tab/a_Edit_tab' is clicked on

2018-07-09 20:59:04 - [MESSAGE][PASSED] - Delayed 1 second(s)

2018-07-09 20:59:05 - [MESSAGE][PASSED] - Object: 'Object Repository/Kms_Page_OR/Roles/Content_Manager/Edit_tab/a_Edit_tab' is clicked on

2018-07-09 20:59:05 - [TEST_STEP][PASSED] - Statement - briefing._choose_Date_Edit_Item(): Object: 'Object Repository/Kms_Page_OR/Roles/Content_Manager/Edit_tab/button_Today' is clicked on

2018-07-09 20:59:05 - [MESSAGE][PASSED] - Current viewport's left (x) position is 0

2018-07-09 20:59:05 - [MESSAGE][PASSED] - Current viewport's top (y) position is 0

2018-07-09 20:59:05 - [MESSAGE][PASSED] - Browser is scrolled to position x = 0, y = 0

2018-07-09 20:59:05 - [MESSAGE][PASSED] - Object 'progress' is present

2018-07-09 20:59:05 - [MESSAGE][PASSED] - Object 'progress' is NOT visible

2018-07-09 20:59:05 - [MESSAGE][PASSED] - Object 'Object Repository/Kms_Page_OR/Roles/Content_Manager/Edit_tab/input_DATE_Edit_item' is visible

2018-07-09 20:59:06 - [MESSAGE][PASSED] - Object: 'Object Repository/Kms_Page_OR/Roles/Content_Manager/Edit_tab/input_DATE_Edit_item' is hovered

2018-07-09 20:59:08 - [MESSAGE][PASSED] - Object: 'Object Repository/Kms_Page_OR/Roles/Content_Manager/Edit_tab/input_DATE_Edit_item' is clicked on

2018-07-09 20:59:08 - [MESSAGE][PASSED] - Current viewport's left (x) position is 0

2018-07-09 20:59:08 - [MESSAGE][PASSED] - Current viewport's top (y) position is 0

2018-07-09 20:59:08 - [MESSAGE][PASSED] - Browser is scrolled to position x = 0, y = 0

2018-07-09 20:59:08 - [MESSAGE][PASSED] - Object 'progress' is present

2018-07-09 20:59:08 - [MESSAGE][PASSED] - Object 'progress' is NOT visible

2018-07-09 20:59:08 - [MESSAGE][PASSED] - Object 'Object Repository/Kms_Page_OR/Roles/Content_Manager/Edit_tab/button_Today' is visible

2018-07-09 20:59:09 - [MESSAGE][PASSED] - Object: 'Object Repository/Kms_Page_OR/Roles/Content_Manager/Edit_tab/button_Today' is hovered

2018-07-09 20:59:10 - [MESSAGE][PASSED] - Object: 'Object Repository/Kms_Page_OR/Roles/Content_Manager/Edit_tab/button_Today' is clicked on

2018-07-09 20:59:11 - [TEST_STEP][PASSED] - Statement - briefing._click_save_and_relocate_to_lastFolder(): Object: 'saveAndRelocate' is clicked on

2018-07-09 20:59:11 - [MESSAGE][PASSED] - Current viewport's left (x) position is 0

2018-07-09 20:59:11 - [MESSAGE][PASSED] - Current viewport's top (y) position is 0

2018-07-09 20:59:11 - [MESSAGE][PASSED] - Browser is scrolled to position x = 0, y = 0

2018-07-09 20:59:11 - [MESSAGE][PASSED] - Object 'progress' is present

2018-07-09 20:59:11 - [MESSAGE][PASSED] - Object 'progress' is NOT visible

2018-07-09 20:59:11 - [MESSAGE][PASSED] - Object 'saveAndRelocate' is visible

2018-07-09 20:59:11 - [MESSAGE][PASSED] - Object: 'saveAndRelocate' is hovered

2018-07-09 20:59:12 - [MESSAGE][PASSED] - Object: 'saveAndRelocate' is clicked on

2018-07-09 20:59:12 - [TEST_STEP][PASSED] - Statement - briefing._click_save_and_check_if_number_of_items_incremented_in_lastFolder(): Actual object '45' and expected object '45' are equal

2018-07-09 20:59:12 - [MESSAGE][PASSED] - Text of object 'last_folder_in_cm_tree' is: '[44]Folder 15'

2018-07-09 20:59:12 - [MESSAGE][PASSED] - Current viewport's left (x) position is 0

2018-07-09 20:59:12 - [MESSAGE][PASSED] - Current viewport's top (y) position is 0

2018-07-09 20:59:12 - [MESSAGE][PASSED] - Browser is scrolled to position x = 0, y = 0

2018-07-09 20:59:13 - [MESSAGE][PASSED] - Object 'progress' is present

2018-07-09 20:59:13 - [MESSAGE][PASSED] - Object 'progress' is NOT visible

2018-07-09 20:59:13 - [MESSAGE][PASSED] - Object 'choose_lastFolder_in_modal' is visible

2018-07-09 20:59:13 - [MESSAGE][PASSED] - Object: 'choose_lastFolder_in_modal' is hovered

2018-07-09 20:59:14 - [MESSAGE][PASSED] - Object: 'choose_lastFolder_in_modal' is clicked on

2018-07-09 20:59:14 - [MESSAGE][PASSED] - Current viewport's left (x) position is 0

2018-07-09 20:59:14 - [MESSAGE][PASSED] - Current viewport's top (y) position is 0

2018-07-09 20:59:14 - [MESSAGE][PASSED] - Browser is scrolled to position x = 0, y = 0

2018-07-09 20:59:14 - [MESSAGE][PASSED] - Object 'progress' is present

2018-07-09 20:59:14 - [MESSAGE][PASSED] - Object 'progress' is NOT visible

2018-07-09 20:59:14 - [MESSAGE][PASSED] - Object 'btn_save_in_last_folder' is visible

2018-07-09 20:59:15 - [MESSAGE][PASSED] - Object: 'btn_save_in_last_folder' is hovered

2018-07-09 20:59:18 - [MESSAGE][PASSED] - Object: 'btn_save_in_last_folder' is clicked on

2018-07-09 20:59:21 - [MESSAGE][PASSED] - Delayed 3 second(s)

2018-07-09 20:59:21 - [MESSAGE][PASSED] - Text of object 'last_folder_in_cm_tree' is: '[45]Folder 15'

2018-07-09 20:59:21 - [MESSAGE][PASSED] - Actual object '45' and expected object '45' are equal

2018-07-09 20:59:21 - [TEST_STEP][PASSED] - Statement - com.server.RolesHelper.getCm_En()._click_Home_Button(): Object: 'kms_home_icon' is clicked on

2018-07-09 20:59:21 - [MESSAGE][PASSED] - Current viewport's left (x) position is 0

2018-07-09 20:59:21 - [MESSAGE][PASSED] - Current viewport's top (y) position is 0

2018-07-09 20:59:21 - [MESSAGE][PASSED] - Browser is scrolled to position x = 0, y = 0

2018-07-09 20:59:21 - [MESSAGE][PASSED] - Object 'progress' is present

2018-07-09 20:59:22 - [MESSAGE][PASSED] - Object 'progress' is NOT visible

2018-07-09 20:59:22 - [MESSAGE][PASSED] - Object 'kms_home_icon' is visible

2018-07-09 20:59:24 - [MESSAGE][PASSED] - Object: 'kms_home_icon' is clicked on

2018-07-09 20:59:24 - [TEST_STEP][PASSED] - Statement - com.server.RolesHelper.getCm_En()._delete_all_created_items_en(): Web element with id: 'item_in_last_folder' located by 'By.xpath: //a[starts-with(text(), 'item_')]' not found

2018-07-09 20:59:24 - [MESSAGE][PASSED] - Current viewport's left (x) position is 0

2018-07-09 20:59:24 - [MESSAGE][PASSED] - Current viewport's top (y) position is 0

2018-07-09 20:59:24 - [MESSAGE][PASSED] - Browser is scrolled to position x = 0, y = 0

2018-07-09 20:59:24 - [MESSAGE][PASSED] - Object 'progress' is present

2018-07-09 20:59:25 - [MESSAGE][PASSED] - Object 'progress' is NOT visible

2018-07-09 20:59:30 - [MESSAGE][WARNING] - Web element with id: 'item_in_last_folder' located by 'By.xpath: //a[starts-with(text(), 'item_')]' not found

2018-07-09 20:59:30 - [MESSAGE][PASSED] - Current viewport's left (x) position is 0

2018-07-09 20:59:30 - [MESSAGE][PASSED] - Current viewport's top (y) position is 0

2018-07-09 20:59:30 - [MESSAGE][PASSED] - Browser is scrolled to position x = 0, y = 0

2018-07-09 20:59:30 - [MESSAGE][PASSED] - Object 'progress' is present

2018-07-09 20:59:30 - [MESSAGE][PASSED] - Object 'progress' is NOT visible

2018-07-09 20:59:30 - [MESSAGE][PASSED] - Object 'last_folder_in_cm_tree' is visible

2018-07-09 20:59:32 - [MESSAGE][PASSED] - Object: 'last_folder_in_cm_tree' is clicked on

2018-07-09 20:59:33 - [MESSAGE][PASSED] - Delayed 1 second(s)

2018-07-09 20:59:35 - [MESSAGE][PASSED] - Object: 'last_folder_in_cm_tree' is clicked on

2018-07-09 20:59:35 - [MESSAGE][PASSED] - Current viewport's left (x) position is 0

2018-07-09 20:59:35 - [MESSAGE][PASSED] - Current viewport's top (y) position is 0

2018-07-09 20:59:35 - [MESSAGE][PASSED] - Browser is scrolled to position x = 0, y = 0

2018-07-09 20:59:35 - [MESSAGE][PASSED] - Object 'progress' is present

2018-07-09 20:59:36 - [MESSAGE][PASSED] - Object 'progress' is NOT visible

2018-07-09 20:59:41 - [MESSAGE][WARNING] - Web element with id: 'item_in_last_folder' located by 'By.xpath: //a[starts-with(text(), 'item_')]' not found

2018-07-09 20:59:41 - [MESSAGE][PASSED] - Current viewport's left (x) position is 0

2018-07-09 20:59:41 - [MESSAGE][PASSED] - Current viewport's top (y) position is 0

2018-07-09 20:59:41 - [MESSAGE][PASSED] - Browser is scrolled to position x = 0, y = 0

2018-07-09 20:59:41 - [MESSAGE][PASSED] - Object 'progress' is present

2018-07-09 20:59:41 - [MESSAGE][PASSED] - Object 'progress' is NOT visible

2018-07-09 20:59:41 - [MESSAGE][PASSED] - Object 'last_folder_in_cm_tree' is visible

2018-07-09 20:59:44 - [MESSAGE][PASSED] - Object: 'last_folder_in_cm_tree' is clicked on

2018-07-09 20:59:45 - [MESSAGE][PASSED] - Delayed 1 second(s)

2018-07-09 20:59:47 - [MESSAGE][PASSED] - Object: 'last_folder_in_cm_tree' is clicked on

2018-07-09 20:59:47 - [MESSAGE][PASSED] - Current viewport's left (x) position is 0

2018-07-09 20:59:47 - [MESSAGE][PASSED] - Current viewport's top (y) position is 0

2018-07-09 20:59:47 - [MESSAGE][PASSED] - Browser is scrolled to position x = 0, y = 0

2018-07-09 20:59:47 - [MESSAGE][PASSED] - Object 'progress' is present

2018-07-09 20:59:48 - [MESSAGE][PASSED] - Object 'progress' is NOT visible

2018-07-09 20:59:48 - [MESSAGE][PASSED] - Object 'last_folder_in_cm_tree' is visible

2018-07-09 20:59:48 - [MESSAGE][PASSED] - Object: 'last_folder_in_cm_tree' is hovered

2018-07-09 20:59:51 - [MESSAGE][PASSED] - Object: 'last_folder_in_cm_tree' is clicked on

2018-07-09 20:59:51 - [MESSAGE][PASSED] - Current viewport's left (x) position is 0

2018-07-09 20:59:51 - [MESSAGE][PASSED] - Current viewport's top (y) position is 0

2018-07-09 20:59:51 - [MESSAGE][PASSED] - Browser is scrolled to position x = 0, y = 0

2018-07-09 20:59:51 - [MESSAGE][PASSED] - Object 'progress' is present

2018-07-09 20:59:51 - [MESSAGE][PASSED] - Object 'progress' is NOT visible

2018-07-09 20:59:56 - [MESSAGE][WARNING] - Web element with id: 'item_in_last_folder' located by 'By.xpath: //a[starts-with(text(), 'item_')]' not found

2018-07-09 20:59:56 - [TEST_STEP][NOT_RUN] - Statement - com.server.RolesHelper.getCm_En()._logout(): NOT_RUN: Statement - com.server.RolesHelper.getCm_En()._logout()

2018-07-09 20:59:56 - [MESSAGE][NOT_RUN] - NOT_RUN: Statement - com.server.RolesHelper.getCm_En()._logout()

2018-07-09 20:59:56 - [TEST_STEP][NOT_RUN] - closeBrowser: NOT_RUN: closeBrowser

2018-07-09 20:59:56 - [MESSAGE][NOT_RUN] - NOT_RUN: closeBrowser

2018-07-09 20:59:56 - [TEST_STEP][PASSED] - Start listener action : afterTestCase: Invoke 'com.kms.katalon.core.annotation.AfterTestCase' method: 'BaseTest.afterTestCase(...)' completed.]]></system-out>
         <system-err><![CDATA[]]></system-err>
      </testcase>
      <system-out><![CDATA[2018-07-09 20:58:06 - [TEST_SUITE][PASSED] - Test_Suit: Test Cases/Kms_Tests/Languages/En/Item_Creation/Create_Briefing_Online_Test_En]]></system-out>
      <system-err><![CDATA[]]></system-err>
   </testsuite>
</testsuites>
